
elastix is started at Fri Mar 10 16:22:11 2017.

which elastix:   /Users/tischi/Downloads/elastix_macosx64_v4.8/bin/elastix
elastix runs at: ChristiansAir2.pool.embl.de
  Mac OS X 10.10.5 (x64), 14F1912
  with 4096 MB memory, and 2 cores @ 1700 MHz.
-------------------------------------------------------------------------

Running elastix with parameter file 0: "/Users/tischi/Documents/fiji-registration/example-data/3d-embryo--fiji/elastix-parameters.txt".

Current time: Fri Mar 10 16:22:12 2017.
Reading the elastix parameters from file ...

Unsupported -priority value. Specify one of <high, abovenormal, normal, belownormal, idle, ''>.
Installing all components.
InstallingComponents was successful.

ERROR: OpenCL-enabled device is not present!
OpenCL processing is disabled.
ELASTIX version: 4.800
Command line options from ElastixBase:
-f        /Users/tischi/Documents/fiji-registration/example-data/3d-embryo/ch1-0000.tif
-m        /Users/tischi/Documents/fiji-registration/example-data/3d-embryo/ch1-0000.tif
-fMask    unspecified, so no fixed mask used
-mMask    unspecified, so no moving mask used
-out      /Users/tischi/Documents/fiji-registration/example-data/3d-embryo--fiji/
-p        /Users/tischi/Documents/fiji-registration/example-data/3d-embryo--fiji/elastix-parameters.txt
-threads  unspecified, so all available threads are used
Command line options from TransformBase:
-t0       unspecified, so no initial transform used

=============== start of ParameterFile: /Users/tischi/Documents/fiji-registration/example-data/3d-embryo--fiji/elastix-parameters.txt ===============
(Transform "TranslationTransform")
(Registration "MultiResolutionRegistration")
(NumberOfResolutions 1)
(ImagePyramidSchedule 1 1 1 )
(MaximumNumberOfIterations 100)
(NumberOfSpatialSamples 3000)
(DefaultPixelValue 0.0)
(WriteTransformParametersEachIteration "false")
(WriteTransformParametersEachResolution "false")
(WriteResultImageAfterEachResolution "false")
(WritePyramidImagesAfterEachResolution "false")
(FixedInternalImagePixelType "float")
(MovingInternalImagePixelType "float")
(UseDirectionCosines "false")
(Interpolator "LinearInterpolator")
(ResampleInterpolator "FinalLinearInterpolator")
(Resampler "DefaultResampler")
(FixedImagePyramid "FixedSmoothingImagePyramid")
(MovingImagePyramid "MovingSmoothingImagePyramid")
(Optimizer "AdaptiveStochasticGradientDescent")
(AutomaticParameterEstimation "true")
(MaximumStepLength 1)
(Metric "AdvancedMeanSquares")
(AutomaticScalesEstimation "true")
(AutomaticTransformInitialization "true")
(AutomaticTransformInitializationMethod "CenterOfGravity")
(HowToCombineTransforms "Compose")
(NumberOfHistogramBins 32)
(ErodeMask "false")
(NewSamplesEveryIteration "true")
(ImageSampler "RandomCoordinate")
(BSplineInterpolationOrder 1)
(FinalBSplineInterpolationOrder 3)
(WriteResultImage "true")
(ResultImagePixelType "float")
(ResultImageFormat "h5")


=============== end of ParameterFile: /Users/tischi/Documents/fiji-registration/example-data/3d-embryo--fiji/elastix-parameters.txt ===============


Reading images...
Reading images took 121 ms.

Transform parameters are initialized as: [0, 0, 0]
Initialization of all components (before registration) took: 600 ms.
Preparation of the image pyramids took: 1352 ms.

Resolution: 0
WARNING: The parameter "ShowExactMetricValue", requested at entry number 0, does not exist at all.
  The default value "false" is used instead.
WARNING: The parameter "CheckNumberOfSamples", requested at entry number 0, does not exist at all.
  The default value "true" is used instead.
Setting the fixed masks took: 0 ms.
Setting the moving masks took: 0 ms.
WARNING: The parameter "FixedImageBSplineInterpolationOrder", requested at entry number 0, does not exist at all.
  The default value "1" is used instead.
WARNING: The parameter "UseRandomSampleRegion", requested at entry number 0, does not exist at all.
  The default value "false" is used instead.
WARNING: The parameter "UseNormalization", requested at entry number 0, does not exist at all.
  The default value "false" is used instead.
WARNING: The parameter "NumberOfSamplesForSelfHessian", requested at entry number 0, does not exist at all.
  The default value "100000" is used instead.
WARNING: The parameter "SelfHessianSmoothingSigma", requested at entry number 0, does not exist at all.
  The default value "1" is used instead.
WARNING: The parameter "SelfHessianNoiseRange", requested at entry number 0, does not exist at all.
  The default value "1" is used instead.
WARNING: The parameter "SP_A", requested at entry number 0, does not exist at all.
  The default value "20" is used instead.
WARNING: The parameter "MaximumNumberOfSamplingAttempts", requested at entry number 0, does not exist at all.
  The default value "0" is used instead.
WARNING: The parameter "SigmoidInitialTime", requested at entry number 0, does not exist at all.
  The default value "0" is used instead.
WARNING: The parameter "MaxBandCovSize", requested at entry number 0, does not exist at all.
  The default value "192" is used instead.
WARNING: The parameter "NumberOfBandStructureSamples", requested at entry number 0, does not exist at all.
  The default value "10" is used instead.
WARNING: The parameter "UseAdaptiveStepSizes", requested at entry number 0, does not exist at all.
  The default value "true" is used instead.
WARNING: The parameter "NumberOfGradientMeasurements", requested at entry number 0, does not exist at all.
  The default value "0" is used instead.
WARNING: The parameter "NumberOfJacobianMeasurements", requested at entry number 0, does not exist at all.
  The default value "1000" is used instead.
WARNING: The parameter "NumberOfSamplesForExactGradient", requested at entry number 0, does not exist at all.
  The default value "100000" is used instead.
WARNING: The parameter "SigmoidScaleFactor", requested at entry number 0, does not exist at all.
  The default value "0.1" is used instead.
Elastix initialization of all components (for this resolution) took: 2 ms.
Initialization of AdvancedMeanSquares metric took: 0 ms.
Starting automatic parameter estimation for AdaptiveStochasticGradientDescent ...
WARNING: The parameter "ASGDParameterEstimationMethod", requested at entry number 0, does not exist at all.
  The default value "Original" is used instead.
  Computing JacobianTerms ...
  Computing the Jacobian terms took 0.001476s
  NumberOfGradientMeasurements to estimate sigma_i: 11
  Sampling gradients ...
  Sampling the gradients took 0.341239s
Automatic parameter estimation took 0.34s
1:ItNr	2:Metric	3a:Time	3b:StepSize	4:||Gradient||	Time[ms]
0	0.000000	0.000000	0.052291	0.000000	344.4
1	0.000000	0.000000	0.052291	0.000000	2.1
2	0.000000	0.000000	0.052291	0.000000	2.2
3	0.000000	0.000000	0.052291	0.000000	2.1
4	0.000000	0.000000	0.052291	0.000000	2.1
5	0.000000	0.000000	0.052291	0.000000	2.1
6	0.000000	0.000000	0.052291	0.000000	2.1
7	0.000000	0.000000	0.052291	0.000000	2.1
8	0.000000	0.000000	0.052291	0.000000	2.2
9	0.000000	0.000000	0.052291	0.000000	2.0
10	0.000000	0.000000	0.052291	0.000000	2.1
11	0.000000	0.000000	0.052291	0.000000	2.1
12	0.000000	0.000000	0.052291	0.000000	2.1
13	0.000000	0.000000	0.052291	0.000000	2.1
14	0.000000	0.000000	0.052291	0.000000	2.1
15	0.000000	0.000000	0.052291	0.000000	2.1
16	0.000000	0.000000	0.052291	0.000000	2.1
17	0.000000	0.000000	0.052291	0.000000	2.1
18	0.000000	0.000000	0.052291	0.000000	2.3
19	0.000000	0.000000	0.052291	0.000000	2.1
20	0.000000	0.000000	0.052291	0.000000	2.1
21	0.000000	0.000000	0.052291	0.000000	2.2
22	0.000000	0.000000	0.052291	0.000000	2.1
23	0.000000	0.000000	0.052291	0.000000	2.1
24	0.000000	0.000000	0.052291	0.000000	2.1
25	0.000000	0.000000	0.052291	0.000000	2.1
26	0.000000	0.000000	0.052291	0.000000	2.1
27	0.000000	0.000000	0.052291	0.000000	2.1
28	0.000000	0.000000	0.052291	0.000000	2.1
29	0.000000	0.000000	0.052291	0.000000	2.1
30	0.000000	0.000000	0.052291	0.000000	2.1
31	0.000000	0.000000	0.052291	0.000000	2.1
32	0.000000	0.000000	0.052291	0.000000	2.1
33	0.000000	0.000000	0.052291	0.000000	2.1
34	0.000000	0.000000	0.052291	0.000000	2.0
35	0.000000	0.000000	0.052291	0.000000	2.1
36	0.000000	0.000000	0.052291	0.000000	2.1
37	0.000000	0.000000	0.052291	0.000000	2.3
38	0.000000	0.000000	0.052291	0.000000	2.1
39	0.000000	0.000000	0.052291	0.000000	2.1
40	0.000000	0.000000	0.052291	0.000000	2.1
41	0.000000	0.000000	0.052291	0.000000	2.1
42	0.000000	0.000000	0.052291	0.000000	2.1
43	0.000000	0.000000	0.052291	0.000000	2.0
44	0.000000	0.000000	0.052291	0.000000	2.1
45	0.000000	0.000000	0.052291	0.000000	2.0
46	0.000000	0.000000	0.052291	0.000000	2.1
47	0.000000	0.000000	0.052291	0.000000	2.1
48	0.000000	0.000000	0.052291	0.000000	2.1
49	0.000000	0.000000	0.052291	0.000000	2.0
50	0.000000	0.000000	0.052291	0.000000	2.1
51	0.000000	0.000000	0.052291	0.000000	2.1
52	0.000000	0.000000	0.052291	0.000000	2.1
53	0.000000	0.000000	0.052291	0.000000	2.1
54	0.000000	0.000000	0.052291	0.000000	2.1
55	0.000000	0.000000	0.052291	0.000000	2.0
56	0.000000	0.000000	0.052291	0.000000	2.1
57	0.000000	0.000000	0.052291	0.000000	2.1
58	0.000000	0.000000	0.052291	0.000000	2.1
59	0.000000	0.000000	0.052291	0.000000	2.2
60	0.000000	0.000000	0.052291	0.000000	2.0
61	0.000000	0.000000	0.052291	0.000000	2.0
62	0.000000	0.000000	0.052291	0.000000	2.1
63	0.000000	0.000000	0.052291	0.000000	2.1
64	0.000000	0.000000	0.052291	0.000000	2.1
65	0.000000	0.000000	0.052291	0.000000	2.1
66	0.000000	0.000000	0.052291	0.000000	2.1
67	0.000000	0.000000	0.052291	0.000000	2.1
68	0.000000	0.000000	0.052291	0.000000	2.1
69	0.000000	0.000000	0.052291	0.000000	2.1
70	0.000000	0.000000	0.052291	0.000000	2.2
71	0.000000	0.000000	0.052291	0.000000	2.2
72	0.000000	0.000000	0.052291	0.000000	2.1
73	0.000000	0.000000	0.052291	0.000000	2.2
74	0.000000	0.000000	0.052291	0.000000	2.0
75	0.000000	0.000000	0.052291	0.000000	2.2
76	0.000000	0.000000	0.052291	0.000000	2.1
77	0.000000	0.000000	0.052291	0.000000	2.1
78	0.000000	0.000000	0.052291	0.000000	2.1
79	0.000000	0.000000	0.052291	0.000000	2.1
80	0.000000	0.000000	0.052291	0.000000	2.0
81	0.000000	0.000000	0.052291	0.000000	2.1
82	0.000000	0.000000	0.052291	0.000000	2.1
83	0.000000	0.000000	0.052291	0.000000	2.1
84	0.000000	0.000000	0.052291	0.000000	2.2
85	0.000000	0.000000	0.052291	0.000000	2.1
86	0.000000	0.000000	0.052291	0.000000	2.1
87	0.000000	0.000000	0.052291	0.000000	2.1
88	0.000000	0.000000	0.052291	0.000000	2.1
89	0.000000	0.000000	0.052291	0.000000	2.1
90	0.000000	0.000000	0.052291	0.000000	2.1
91	0.000000	0.000000	0.052291	0.000000	2.0
92	0.000000	0.000000	0.052291	0.000000	2.1
93	0.000000	0.000000	0.052291	0.000000	2.0
94	0.000000	0.000000	0.052291	0.000000	2.1
95	0.000000	0.000000	0.052291	0.000000	2.1
96	0.000000	0.000000	0.052291	0.000000	2.1
97	0.000000	0.000000	0.052291	0.000000	2.1
98	0.000000	0.000000	0.052291	0.000000	2.1
99	0.000000	0.000000	0.052291	0.000000	2.1
Time spent in resolution 0 (ITK initialization and iterating): 0.562 s.
Stopping condition: Maximum number of iterations has been reached.
Settings of AdaptiveStochasticGradientDescent in resolution 0:
( SP_a 1.098103 )
( SP_A 20.000000 )
( SP_alpha 1.000000 )
( SigmoidMax 1.000000 )
( SigmoidMin -0.079709 )
( SigmoidScale 0.480595 )



=============== start of TransformParameterFile ===============
(Transform "TranslationTransform")
(NumberOfParameters 3)
(TransformParameters -0.000000 0.000000 0.000000)
(InitialTransformParametersFileName "NoInitialTransform")
(HowToCombineTransforms "Compose")

// Image specific
(FixedImageDimension 3)
(MovingImageDimension 3)
(FixedInternalImagePixelType "float")
(MovingInternalImagePixelType "float")
(Size 138 158 484)
(Index 0 0 0)
(Spacing 1.0000000000 1.0000000000 1.0000000000)
(Origin 0.0000000000 0.0000000000 0.0000000000)
(Direction 1.0000000000 0.0000000000 0.0000000000 0.0000000000 1.0000000000 0.0000000000 0.0000000000 0.0000000000 1.0000000000)
(UseDirectionCosines "false")

// ResampleInterpolator specific
(ResampleInterpolator "FinalLinearInterpolator")

// Resampler specific
(Resampler "DefaultResampler")
(DefaultPixelValue 0.000000)
(ResultImageFormat "h5")
(ResultImagePixelType "float")
(CompressResultImage "false")

=============== end of TransformParameterFile ===============

Registration result checksum: 2747386400

Applying final transform ...
  Applying final transform took 1.68s

Final metric value  = 0.000000
Settings of AdaptiveStochasticGradientDescent for all resolutions:
( SP_a 1.098103 )
( SP_A 20.000000 )
( SP_alpha 1.000000 )
( SigmoidMax 1.000000 )
( SigmoidMin -0.079709 )
( SigmoidScale 0.480595 )

Time spent on saving the results, applying the final transform etc.: 1688 ms.
Running elastix with parameter file 0: "/Users/tischi/Documents/fiji-registration/example-data/3d-embryo--fiji/elastix-parameters.txt", has finished.


Current time: Fri Mar 10 16:22:16 2017.
Time used for running elastix with this parameter file:
  4.4s.

-------------------------------------------------------------------------

Total time elapsed: 4.4s.

