
elastix is started at Mon Aug 01 11:58:34 2016.

which elastix:   C:\Program Files\elastix_v4.8\elastix
elastix runs at: hor-m6004
  Windows  Professional (x64),  (Build 9200)
  with 131071 MB memory, and 1 cores @ 2299 MHz.
-------------------------------------------------------------------------

Running elastix with parameter file 0: "C:\Users\tischer\Downloads\fiji-registration-master\fiji-registration-master\parameters_Affine.txt".

Current time: Mon Aug 01 11:58:34 2016.
Reading the elastix parameters from file ...

Unsupported -priority value. Specify one of <high, abovenormal, normal, belownormal, idle, ''>.
Installing all components.
InstallingComponents was successful.

ELASTIX version: 4.800
Command line options from ElastixBase:
-f        C:\Users\tischer\Downloads\fiji-registration-master\fiji-registration-master\example-data\3d-embryo\ch1-0001.tif
-m        C:\Users\tischer\Downloads\fiji-registration-master\fiji-registration-master\example-data\3d-embryo\ch1-0001.tif
-fMask    unspecified, so no fixed mask used
-mMask    unspecified, so no moving mask used
-out      C:\Users\tischer\Downloads\fiji-registration-master\fiji-registration-master\example-data\3d-embryo--fiji\
-p        C:\Users\tischer\Downloads\fiji-registration-master\fiji-registration-master\parameters_Affine.txt
-priority HIGH
-threads  unspecified, so all available threads are used
Command line options from TransformBase:
-t0       unspecified, so no initial transform used

=============== start of ParameterFile: C:\Users\tischer\Downloads\fiji-registration-master\fiji-registration-master\parameters_Affine.txt ===============
// Example parameter file for affine registration
// C-style comments: //

// The internal pixel type, used for internal computations
// Leave to float in general. 
// NB: this is not the type of the input images! The pixel 
// type of the input images is automatically read from the 
// images themselves.
// This setting can be changed to "short" to save some memory
// in case of very large 3D images.
(FixedInternalImagePixelType "float")
(MovingInternalImagePixelType "float")

// The dimensions of the fixed and moving image
// Up to elastix 4.5 this had to be specified by the user.
// From elastix 4.6, this is not necessary anymore.
//(FixedImageDimension 2)
//(MovingImageDimension 2)

// Specify whether you want to take into account the so-called
// direction cosines of the images. Recommended: true.
// In some cases, the direction cosines of the image are corrupt,
// due to image format conversions for example. In that case, you 
// may want to set this option to "false".
(UseDirectionCosines "true")

// **************** Main Components **************************

// The following components should usually be left as they are:
(Registration "MultiResolutionRegistration")
(Interpolator "BSplineInterpolator")
(ResampleInterpolator "FinalBSplineInterpolator")
(Resampler "DefaultResampler")

// These may be changed to Fixed/MovingSmoothingImagePyramid.
// See the manual.
(FixedImagePyramid "FixedRecursiveImagePyramid")
(MovingImagePyramid "MovingRecursiveImagePyramid")

// The following components are most important:
// The optimizer AdaptiveStochasticGradientDescent (ASGD) works
// quite ok in general. The Transform and Metric are important
// and need to be chosen careful for each application. See manual.
(Optimizer "AdaptiveStochasticGradientDescent")
(Transform "AffineTransform")
(Metric "AdvancedMeanSquares")
//(Metric "AdvancedMattesMutualInformation")


// ***************** Transformation **************************

// Scales the affine matrix elements compared to the translations, to make
// sure they are in the same range. In general, it's best to  
// use automatic scales estimation:
(AutomaticScalesEstimation "true")

// Automatically guess an initial translation by aligning the
// geometric centers of the fixed and moving.
(AutomaticTransformInitialization "false")

// Whether transforms are combined by composition or by addition.
// In generally, Compose is the best option in most cases.
// It does not influence the results very much.
(HowToCombineTransforms "Compose")

// ******************* Similarity measure *********************

// Number of grey level bins in each resolution level,
// for the mutual information. 16 or 32 usually works fine.
// You could also employ a hierarchical strategy:
//(NumberOfHistogramBins 16 32 64)
(NumberOfHistogramBins 32)

// If you use a mask, this option is important. 
// If the mask serves as region of interest, set it to false.
// If the mask indicates which pixels are valid, then set it to true.
// If you do not use a mask, the option doesn't matter.
(ErodeMask "false")

// ******************** Multiresolution **********************

// The number of resolutions. 1 Is only enough if the expected
// deformations are small. 3 or 4 mostly works fine. For large
// images and large deformations, 5 or 6 may even be useful.
(NumberOfResolutions 2)

// The downsampling/blurring factors for the image pyramids.
// By default, the images are downsampled by a factor of 2
// compared to the next resolution.
// So, in 2D, with 4 resolutions, the following schedule is used:
(ImagePyramidSchedule 16 16 4 4 )

// Make sure that the number of elements equals the number
// of resolutions times the image dimension.

// ******************* Optimizer ****************************

// Maximum number of iterations in each resolution level:
// 200-500 works usually fine for affine registration.
// For more robustness, you may increase this to 1000-2000.
(MaximumNumberOfIterations 300)

// The step size of the optimizer, in mm. By default the voxel size is used.
// which usually works well. In case of unusual high-resolution images
// (eg histology) it is necessary to increase this value a bit, to the size
// of the "smallest visible structure" in the image:
//(MaximumStepLength 3.0)

// **************** Image sampling **********************

// Number of spatial samples used to compute the mutual
// information (and its derivative) in each iteration.
// With an AdaptiveStochasticGradientDescent optimizer,
// in combination with the two options below, around 2000
// samples may already suffice.
(NumberOfSpatialSamples 3000)

// Refresh these spatial samples in every iteration, and select
// them randomly. See the manual for information on other sampling
// strategies.
(NewSamplesEveryIteration "true")
(ImageSampler "Random")

// ************* Interpolation and Resampling ****************

// Order of B-Spline interpolation used during registration/optimisation.
// It may improve accuracy if you set this to 3. Never use 0.
// An order of 1 gives linear interpolation. This is in most 
// applications a good choice.
(BSplineInterpolationOrder 1)

// Order of B-Spline interpolation used for applying the final
// deformation.
// 3 gives good accuracy; recommended in most cases.
// 1 gives worse accuracy (linear interpolation)
// 0 gives worst accuracy, but is appropriate for binary images
// (masks, segmentations); equivalent to nearest neighbor interpolation.
(FinalBSplineInterpolationOrder 3)

//Default pixel value for pixels that come from outside the picture:
(DefaultPixelValue 25)

// Choose whether to generate the deformed moving image.
// You can save some time by setting this to false, if you are
// only interested in the final (nonrigidly) deformed moving image
// for example.
(WriteResultImage "true")

// The pixel type and format of the resulting deformed moving image
(ResultImagePixelType "short")
(ResultImageFormat "mha")




=============== end of ParameterFile: C:\Users\tischer\Downloads\fiji-registration-master\fiji-registration-master\parameters_Affine.txt ===============


Reading images...
Reading images took 96 ms.

WARNING: the fixed pyramid schedule is not fully specified!
  A default pyramid schedule is used.
WARNING: the moving pyramid schedule is not fully specified!
  A default pyramid schedule is used.
WARNING: The parameter "AutomaticTransformInitializationMethod", requested at entry number 0, does not exist at all.
  The default value "GeometricalCenter" is used instead.
Transform parameters are initialized as: [1, 0, 0, 0, 1, 0, 0, 0, 1, 0, 0, 0]
Scales are estimated automatically.
Scales for transform parameters are: [1625.25, 2125.25, 20000.25, 1625.25, 2125.25, 20000.25, 1625.25, 2125.25, 20000.25, 1, 1, 1]
Initialization of all components (before registration) took: 7 ms.
Preparation of the image pyramids took: 891 ms.

Resolution: 0
WARNING: The parameter "ShowExactMetricValue", requested at entry number 0, does not exist at all.
  The default value "false" is used instead.
WARNING: The parameter "CheckNumberOfSamples", requested at entry number 0, does not exist at all.
  The default value "true" is used instead.
Setting the fixed masks took: 0 ms.
Setting the moving masks took: 0 ms.
WARNING: The parameter "UseNormalization", requested at entry number 0, does not exist at all.
  The default value "false" is used instead.
WARNING: The parameter "NumberOfSamplesForSelfHessian", requested at entry number 0, does not exist at all.
  The default value "100000" is used instead.
WARNING: The parameter "SelfHessianSmoothingSigma", requested at entry number 0, does not exist at all.
  The default value "1" is used instead.
WARNING: The parameter "SelfHessianNoiseRange", requested at entry number 0, does not exist at all.
  The default value "1" is used instead.
WARNING: The parameter "SP_A", requested at entry number 0, does not exist at all.
  The default value "20" is used instead.
WARNING: The parameter "MaximumNumberOfSamplingAttempts", requested at entry number 0, does not exist at all.
  The default value "0" is used instead.
WARNING: The parameter "SigmoidInitialTime", requested at entry number 0, does not exist at all.
  The default value "0" is used instead.
WARNING: The parameter "MaxBandCovSize", requested at entry number 0, does not exist at all.
  The default value "192" is used instead.
WARNING: The parameter "NumberOfBandStructureSamples", requested at entry number 0, does not exist at all.
  The default value "10" is used instead.
WARNING: The parameter "UseAdaptiveStepSizes", requested at entry number 0, does not exist at all.
  The default value "true" is used instead.
WARNING: The parameter "AutomaticParameterEstimation", requested at entry number 0, does not exist at all.
  The default value "true" is used instead.
WARNING: The parameter "MaximumStepLength", requested at entry number 0, does not exist at all.
  The default value "1" is used instead.
WARNING: The parameter "NumberOfGradientMeasurements", requested at entry number 0, does not exist at all.
  The default value "0" is used instead.
WARNING: The parameter "NumberOfJacobianMeasurements", requested at entry number 0, does not exist at all.
  The default value "1000" is used instead.
WARNING: The parameter "NumberOfSamplesForExactGradient", requested at entry number 0, does not exist at all.
  The default value "100000" is used instead.
WARNING: The parameter "SigmoidScaleFactor", requested at entry number 0, does not exist at all.
  The default value "0.1" is used instead.
Elastix initialization of all components (for this resolution) took: 0 ms.
Initialization of AdvancedMeanSquares metric took: 36 ms.
Starting automatic parameter estimation for AdaptiveStochasticGradientDescent ...
WARNING: The parameter "ASGDParameterEstimationMethod", requested at entry number 0, does not exist at all.
  The default value "Original" is used instead.
  Computing JacobianTerms ...
  Computing the Jacobian terms took 0.001917s
  NumberOfGradientMeasurements to estimate sigma_i: 3
  Sampling gradients ...
  Sampling the gradients took 0.117989s
Automatic parameter estimation took 0.12s
1:ItNr	2:Metric	3a:Time	3b:StepSize	4:||Gradient||	Time[ms]
0	0.000000	0.000000	0.260259	0.000000	158.4
1	0.000000	0.000000	0.260259	0.000000	2.0
2	0.000000	0.000000	0.260259	0.000000	2.2
3	0.000000	0.000000	0.260259	0.000000	2.2
4	0.000000	0.000000	0.260259	0.000000	2.2
5	0.000000	0.000000	0.260259	0.000000	2.2
6	0.000000	0.000000	0.260259	0.000000	2.2
7	0.000000	0.000000	0.260259	0.000000	2.0
8	0.000000	0.000000	0.260259	0.000000	2.0
9	0.000000	0.000000	0.260259	0.000000	2.0
10	0.000000	0.000000	0.260259	0.000000	2.0
11	0.000000	0.000000	0.260259	0.000000	2.0
12	0.000000	0.000000	0.260259	0.000000	2.1
13	0.000000	0.000000	0.260259	0.000000	2.0
14	0.000000	0.000000	0.260259	0.000000	2.2
15	0.000000	0.000000	0.260259	0.000000	2.0
16	0.000000	0.000000	0.260259	0.000000	2.2
17	0.000000	0.000000	0.260259	0.000000	2.2
18	0.000000	0.000000	0.260259	0.000000	2.3
19	0.000000	0.000000	0.260259	0.000000	2.0
20	0.000000	0.000000	0.260259	0.000000	2.0
21	0.000000	0.000000	0.260259	0.000000	2.0
22	0.000000	0.000000	0.260259	0.000000	2.2
23	0.000000	0.000000	0.260259	0.000000	1.9
24	0.000000	0.000000	0.260259	0.000000	2.2
25	0.000000	0.000000	0.260259	0.000000	2.2
26	0.000000	0.000000	0.260259	0.000000	2.1
27	0.000000	0.000000	0.260259	0.000000	1.9
28	0.000000	0.000000	0.260259	0.000000	1.9
29	0.000000	0.000000	0.260259	0.000000	2.0
30	0.000000	0.000000	0.260259	0.000000	2.1
31	0.000000	0.000000	0.260259	0.000000	2.0
32	0.000000	0.000000	0.260259	0.000000	2.0
33	0.000000	0.000000	0.260259	0.000000	2.1
34	0.000000	0.000000	0.260259	0.000000	2.2
35	0.000000	0.000000	0.260259	0.000000	2.0
36	0.000000	0.000000	0.260259	0.000000	1.9
37	0.000000	0.000000	0.260259	0.000000	2.0
38	0.000000	0.000000	0.260259	0.000000	2.0
39	0.000000	0.000000	0.260259	0.000000	1.9
40	0.000000	0.000000	0.260259	0.000000	2.0
41	0.000000	0.000000	0.260259	0.000000	2.2
42	0.000000	0.000000	0.260259	0.000000	1.9
43	0.000000	0.000000	0.260259	0.000000	1.9
44	0.000000	0.000000	0.260259	0.000000	1.9
45	0.000000	0.000000	0.260259	0.000000	2.2
46	0.000000	0.000000	0.260259	0.000000	2.1
47	0.000000	0.000000	0.260259	0.000000	1.9
48	0.000000	0.000000	0.260259	0.000000	2.0
49	0.000000	0.000000	0.260259	0.000000	1.9
50	0.000000	0.000000	0.260259	0.000000	2.2
51	0.000000	0.000000	0.260259	0.000000	1.9
52	0.000000	0.000000	0.260259	0.000000	2.0
53	0.000000	0.000000	0.260259	0.000000	2.0
54	0.000000	0.000000	0.260259	0.000000	2.1
55	0.000000	0.000000	0.260259	0.000000	2.1
56	0.000000	0.000000	0.260259	0.000000	2.1
57	0.000000	0.000000	0.260259	0.000000	2.1
58	0.000000	0.000000	0.260259	0.000000	2.0
59	0.000000	0.000000	0.260259	0.000000	1.9
60	0.000000	0.000000	0.260259	0.000000	1.9
61	0.000000	0.000000	0.260259	0.000000	2.1
62	0.000000	0.000000	0.260259	0.000000	2.1
63	0.000000	0.000000	0.260259	0.000000	1.9
64	0.000000	0.000000	0.260259	0.000000	2.0
65	0.000000	0.000000	0.260259	0.000000	2.0
66	0.000000	0.000000	0.260259	0.000000	2.0
67	0.000000	0.000000	0.260259	0.000000	2.0
68	0.000000	0.000000	0.260259	0.000000	1.9
69	0.000000	0.000000	0.260259	0.000000	1.9
70	0.000000	0.000000	0.260259	0.000000	2.1
71	0.000000	0.000000	0.260259	0.000000	2.0
72	0.000000	0.000000	0.260259	0.000000	1.9
73	0.000000	0.000000	0.260259	0.000000	2.0
74	0.000000	0.000000	0.260259	0.000000	2.2
75	0.000000	0.000000	0.260259	0.000000	1.9
76	0.000000	0.000000	0.260259	0.000000	2.0
77	0.000000	0.000000	0.260259	0.000000	2.0
78	0.000000	0.000000	0.260259	0.000000	2.2
79	0.000000	0.000000	0.260259	0.000000	2.0
80	0.000000	0.000000	0.260259	0.000000	2.0
81	0.000000	0.000000	0.260259	0.000000	2.0
82	0.000000	0.000000	0.260259	0.000000	2.0
83	0.000000	0.000000	0.260259	0.000000	1.9
84	0.000000	0.000000	0.260259	0.000000	1.9
85	0.000000	0.000000	0.260259	0.000000	1.9
86	0.000000	0.000000	0.260259	0.000000	2.1
87	0.000000	0.000000	0.260259	0.000000	1.9
88	0.000000	0.000000	0.260259	0.000000	2.1
89	0.000000	0.000000	0.260259	0.000000	2.0
90	0.000000	0.000000	0.260259	0.000000	2.1
91	0.000000	0.000000	0.260259	0.000000	2.0
92	0.000000	0.000000	0.260259	0.000000	2.0
93	0.000000	0.000000	0.260259	0.000000	2.1
94	0.000000	0.000000	0.260259	0.000000	2.1
95	0.000000	0.000000	0.260259	0.000000	2.2
96	0.000000	0.000000	0.260259	0.000000	2.1
97	0.000000	0.000000	0.260259	0.000000	2.2
98	0.000000	0.000000	0.260259	0.000000	2.2
99	0.000000	0.000000	0.260259	0.000000	1.9
100	0.000000	0.000000	0.260259	0.000000	2.0
101	0.000000	0.000000	0.260259	0.000000	2.1
102	0.000000	0.000000	0.260259	0.000000	2.1
103	0.000000	0.000000	0.260259	0.000000	2.0
104	0.000000	0.000000	0.260259	0.000000	2.0
105	0.000000	0.000000	0.260259	0.000000	2.0
106	0.000000	0.000000	0.260259	0.000000	1.9
107	0.000000	0.000000	0.260259	0.000000	2.0
108	0.000000	0.000000	0.260259	0.000000	2.0
109	0.000000	0.000000	0.260259	0.000000	1.9
110	0.000000	0.000000	0.260259	0.000000	2.1
111	0.000000	0.000000	0.260259	0.000000	2.1
112	0.000000	0.000000	0.260259	0.000000	2.1
113	0.000000	0.000000	0.260259	0.000000	2.1
114	0.000000	0.000000	0.260259	0.000000	2.0
115	0.000000	0.000000	0.260259	0.000000	2.3
116	0.000000	0.000000	0.260259	0.000000	2.2
117	0.000000	0.000000	0.260259	0.000000	1.9
118	0.000000	0.000000	0.260259	0.000000	2.0
119	0.000000	0.000000	0.260259	0.000000	2.0
120	0.000000	0.000000	0.260259	0.000000	2.0
121	0.000000	0.000000	0.260259	0.000000	1.9
122	0.000000	0.000000	0.260259	0.000000	2.1
123	0.000000	0.000000	0.260259	0.000000	2.0
124	0.000000	0.000000	0.260259	0.000000	2.0
125	0.000000	0.000000	0.260259	0.000000	2.1
126	0.000000	0.000000	0.260259	0.000000	2.1
127	0.000000	0.000000	0.260259	0.000000	2.2
128	0.000000	0.000000	0.260259	0.000000	1.9
129	0.000000	0.000000	0.260259	0.000000	1.9
130	0.000000	0.000000	0.260259	0.000000	2.1
131	0.000000	0.000000	0.260259	0.000000	1.9
132	0.000000	0.000000	0.260259	0.000000	2.1
133	0.000000	0.000000	0.260259	0.000000	2.1
134	0.000000	0.000000	0.260259	0.000000	2.1
135	0.000000	0.000000	0.260259	0.000000	1.9
136	0.000000	0.000000	0.260259	0.000000	1.9
137	0.000000	0.000000	0.260259	0.000000	1.9
138	0.000000	0.000000	0.260259	0.000000	2.2
139	0.000000	0.000000	0.260259	0.000000	1.9
140	0.000000	0.000000	0.260259	0.000000	1.9
141	0.000000	0.000000	0.260259	0.000000	1.9
142	0.000000	0.000000	0.260259	0.000000	2.1
143	0.000000	0.000000	0.260259	0.000000	2.1
144	0.000000	0.000000	0.260259	0.000000	2.2
145	0.000000	0.000000	0.260259	0.000000	2.2
146	0.000000	0.000000	0.260259	0.000000	2.2
147	0.000000	0.000000	0.260259	0.000000	2.1
148	0.000000	0.000000	0.260259	0.000000	2.1
149	0.000000	0.000000	0.260259	0.000000	2.2
150	0.000000	0.000000	0.260259	0.000000	2.2
151	0.000000	0.000000	0.260259	0.000000	1.9
152	0.000000	0.000000	0.260259	0.000000	2.1
153	0.000000	0.000000	0.260259	0.000000	2.1
154	0.000000	0.000000	0.260259	0.000000	2.2
155	0.000000	0.000000	0.260259	0.000000	2.0
156	0.000000	0.000000	0.260259	0.000000	2.1
157	0.000000	0.000000	0.260259	0.000000	2.1
158	0.000000	0.000000	0.260259	0.000000	1.9
159	0.000000	0.000000	0.260259	0.000000	2.0
160	0.000000	0.000000	0.260259	0.000000	1.9
161	0.000000	0.000000	0.260259	0.000000	2.1
162	0.000000	0.000000	0.260259	0.000000	2.1
163	0.000000	0.000000	0.260259	0.000000	2.1
164	0.000000	0.000000	0.260259	0.000000	1.9
165	0.000000	0.000000	0.260259	0.000000	2.1
166	0.000000	0.000000	0.260259	0.000000	1.9
167	0.000000	0.000000	0.260259	0.000000	1.9
168	0.000000	0.000000	0.260259	0.000000	2.0
169	0.000000	0.000000	0.260259	0.000000	1.9
170	0.000000	0.000000	0.260259	0.000000	1.9
171	0.000000	0.000000	0.260259	0.000000	1.9
172	0.000000	0.000000	0.260259	0.000000	2.1
173	0.000000	0.000000	0.260259	0.000000	1.9
174	0.000000	0.000000	0.260259	0.000000	2.1
175	0.000000	0.000000	0.260259	0.000000	2.1
176	0.000000	0.000000	0.260259	0.000000	1.9
177	0.000000	0.000000	0.260259	0.000000	1.9
178	0.000000	0.000000	0.260259	0.000000	2.2
179	0.000000	0.000000	0.260259	0.000000	1.9
180	0.000000	0.000000	0.260259	0.000000	1.9
181	0.000000	0.000000	0.260259	0.000000	2.1
182	0.000000	0.000000	0.260259	0.000000	2.1
183	0.000000	0.000000	0.260259	0.000000	2.1
184	0.000000	0.000000	0.260259	0.000000	1.9
185	0.000000	0.000000	0.260259	0.000000	2.1
186	0.000000	0.000000	0.260259	0.000000	2.1
187	0.000000	0.000000	0.260259	0.000000	1.9
188	0.000000	0.000000	0.260259	0.000000	2.1
189	0.000000	0.000000	0.260259	0.000000	2.1
190	0.000000	0.000000	0.260259	0.000000	1.9
191	0.000000	0.000000	0.260259	0.000000	1.9
192	0.000000	0.000000	0.260259	0.000000	2.1
193	0.000000	0.000000	0.260259	0.000000	1.9
194	0.000000	0.000000	0.260259	0.000000	2.2
195	0.000000	0.000000	0.260259	0.000000	2.1
196	0.000000	0.000000	0.260259	0.000000	1.9
197	0.000000	0.000000	0.260259	0.000000	1.9
198	0.000000	0.000000	0.260259	0.000000	1.9
199	0.000000	0.000000	0.260259	0.000000	1.9
200	0.000000	0.000000	0.260259	0.000000	1.9
201	0.000000	0.000000	0.260259	0.000000	2.1
202	0.000000	0.000000	0.260259	0.000000	2.1
203	0.000000	0.000000	0.260259	0.000000	2.2
204	0.000000	0.000000	0.260259	0.000000	2.0
205	0.000000	0.000000	0.260259	0.000000	2.0
206	0.000000	0.000000	0.260259	0.000000	2.1
207	0.000000	0.000000	0.260259	0.000000	2.0
208	0.000000	0.000000	0.260259	0.000000	1.9
209	0.000000	0.000000	0.260259	0.000000	1.9
210	0.000000	0.000000	0.260259	0.000000	2.2
211	0.000000	0.000000	0.260259	0.000000	2.0
212	0.000000	0.000000	0.260259	0.000000	2.1
213	0.000000	0.000000	0.260259	0.000000	2.1
214	0.000000	0.000000	0.260259	0.000000	2.2
215	0.000000	0.000000	0.260259	0.000000	2.2
216	0.000000	0.000000	0.260259	0.000000	1.9
217	0.000000	0.000000	0.260259	0.000000	1.9
218	0.000000	0.000000	0.260259	0.000000	2.1
219	0.000000	0.000000	0.260259	0.000000	1.9
220	0.000000	0.000000	0.260259	0.000000	1.9
221	0.000000	0.000000	0.260259	0.000000	2.1
222	0.000000	0.000000	0.260259	0.000000	2.1
223	0.000000	0.000000	0.260259	0.000000	2.0
224	0.000000	0.000000	0.260259	0.000000	2.0
225	0.000000	0.000000	0.260259	0.000000	2.1
226	0.000000	0.000000	0.260259	0.000000	2.2
227	0.000000	0.000000	0.260259	0.000000	2.2
228	0.000000	0.000000	0.260259	0.000000	2.1
229	0.000000	0.000000	0.260259	0.000000	2.1
230	0.000000	0.000000	0.260259	0.000000	2.1
231	0.000000	0.000000	0.260259	0.000000	1.9
232	0.000000	0.000000	0.260259	0.000000	1.9
233	0.000000	0.000000	0.260259	0.000000	1.9
234	0.000000	0.000000	0.260259	0.000000	1.9
235	0.000000	0.000000	0.260259	0.000000	1.9
236	0.000000	0.000000	0.260259	0.000000	1.9
237	0.000000	0.000000	0.260259	0.000000	2.1
238	0.000000	0.000000	0.260259	0.000000	2.4
239	0.000000	0.000000	0.260259	0.000000	2.3
240	0.000000	0.000000	0.260259	0.000000	2.2
241	0.000000	0.000000	0.260259	0.000000	1.9
242	0.000000	0.000000	0.260259	0.000000	2.0
243	0.000000	0.000000	0.260259	0.000000	1.9
244	0.000000	0.000000	0.260259	0.000000	1.9
245	0.000000	0.000000	0.260259	0.000000	2.2
246	0.000000	0.000000	0.260259	0.000000	2.2
247	0.000000	0.000000	0.260259	0.000000	2.0
248	0.000000	0.000000	0.260259	0.000000	2.2
249	0.000000	0.000000	0.260259	0.000000	1.9
250	0.000000	0.000000	0.260259	0.000000	2.0
251	0.000000	0.000000	0.260259	0.000000	1.9
252	0.000000	0.000000	0.260259	0.000000	2.1
253	0.000000	0.000000	0.260259	0.000000	1.9
254	0.000000	0.000000	0.260259	0.000000	2.3
255	0.000000	0.000000	0.260259	0.000000	2.2
256	0.000000	0.000000	0.260259	0.000000	2.2
257	0.000000	0.000000	0.260259	0.000000	2.1
258	0.000000	0.000000	0.260259	0.000000	2.2
259	0.000000	0.000000	0.260259	0.000000	1.9
260	0.000000	0.000000	0.260259	0.000000	1.9
261	0.000000	0.000000	0.260259	0.000000	1.9
262	0.000000	0.000000	0.260259	0.000000	1.9
263	0.000000	0.000000	0.260259	0.000000	2.0
264	0.000000	0.000000	0.260259	0.000000	2.0
265	0.000000	0.000000	0.260259	0.000000	1.9
266	0.000000	0.000000	0.260259	0.000000	1.9
267	0.000000	0.000000	0.260259	0.000000	2.0
268	0.000000	0.000000	0.260259	0.000000	2.1
269	0.000000	0.000000	0.260259	0.000000	2.1
270	0.000000	0.000000	0.260259	0.000000	2.0
271	0.000000	0.000000	0.260259	0.000000	2.1
272	0.000000	0.000000	0.260259	0.000000	2.1
273	0.000000	0.000000	0.260259	0.000000	1.9
274	0.000000	0.000000	0.260259	0.000000	2.1
275	0.000000	0.000000	0.260259	0.000000	2.0
276	0.000000	0.000000	0.260259	0.000000	1.9
277	0.000000	0.000000	0.260259	0.000000	1.8
278	0.000000	0.000000	0.260259	0.000000	2.1
279	0.000000	0.000000	0.260259	0.000000	1.9
280	0.000000	0.000000	0.260259	0.000000	1.9
281	0.000000	0.000000	0.260259	0.000000	1.9
282	0.000000	0.000000	0.260259	0.000000	2.0
283	0.000000	0.000000	0.260259	0.000000	2.0
284	0.000000	0.000000	0.260259	0.000000	2.7
285	0.000000	0.000000	0.260259	0.000000	2.2
286	0.000000	0.000000	0.260259	0.000000	2.1
287	0.000000	0.000000	0.260259	0.000000	1.9
288	0.000000	0.000000	0.260259	0.000000	2.0
289	0.000000	0.000000	0.260259	0.000000	1.9
290	0.000000	0.000000	0.260259	0.000000	1.9
291	0.000000	0.000000	0.260259	0.000000	1.9
292	0.000000	0.000000	0.260259	0.000000	2.0
293	0.000000	0.000000	0.260259	0.000000	1.9
294	0.000000	0.000000	0.260259	0.000000	2.2
295	0.000000	0.000000	0.260259	0.000000	2.0
296	0.000000	0.000000	0.260259	0.000000	1.9
297	0.000000	0.000000	0.260259	0.000000	2.2
298	0.000000	0.000000	0.260259	0.000000	2.1
299	0.000000	0.000000	0.260259	0.000000	2.0
Time spent in resolution 0 (ITK initialization and iterating): 0.793 s.
Stopping condition: Maximum number of iterations has been reached.
Settings of AdaptiveStochasticGradientDescent in resolution 0:
( SP_a 5.465446 )
( SP_A 20.000000 )
( SP_alpha 1.000000 )
( SigmoidMax 1.000000 )
( SigmoidMin -0.054555 )
( SigmoidScale 0.002713 )


Resolution: 1
WARNING: The parameter "ShowExactMetricValue", requested at entry number 1, does not exist at all.
  The default value "false" is used instead.
WARNING: The parameter "CheckNumberOfSamples", requested at entry number 1, does not exist at all.
  The default value "true" is used instead.
Setting the fixed masks took: 0 ms.
Setting the moving masks took: 0 ms.
WARNING: The parameter "UseNormalization", requested at entry number 1, does not exist at all.
  The default value "false" is used instead.
WARNING: The parameter "NumberOfSamplesForSelfHessian", requested at entry number 1, does not exist at all.
  The default value "100000" is used instead.
WARNING: The parameter "SelfHessianSmoothingSigma", requested at entry number 1, does not exist at all.
  The default value "1" is used instead.
WARNING: The parameter "SelfHessianNoiseRange", requested at entry number 1, does not exist at all.
  The default value "1" is used instead.
WARNING: The parameter "SP_A", requested at entry number 1, does not exist at all.
  The default value "20" is used instead.
WARNING: The parameter "MaximumNumberOfSamplingAttempts", requested at entry number 1, does not exist at all.
  The default value "0" is used instead.
WARNING: The parameter "SigmoidInitialTime", requested at entry number 1, does not exist at all.
  The default value "0" is used instead.
WARNING: The parameter "MaxBandCovSize", requested at entry number 1, does not exist at all.
  The default value "192" is used instead.
WARNING: The parameter "NumberOfBandStructureSamples", requested at entry number 1, does not exist at all.
  The default value "10" is used instead.
WARNING: The parameter "UseAdaptiveStepSizes", requested at entry number 1, does not exist at all.
  The default value "true" is used instead.
WARNING: The parameter "AutomaticParameterEstimation", requested at entry number 1, does not exist at all.
  The default value "true" is used instead.
WARNING: The parameter "MaximumStepLength", requested at entry number 1, does not exist at all.
  The default value "1" is used instead.
WARNING: The parameter "NumberOfGradientMeasurements", requested at entry number 1, does not exist at all.
  The default value "0" is used instead.
WARNING: The parameter "NumberOfJacobianMeasurements", requested at entry number 1, does not exist at all.
  The default value "1000" is used instead.
WARNING: The parameter "NumberOfSamplesForExactGradient", requested at entry number 1, does not exist at all.
  The default value "100000" is used instead.
WARNING: The parameter "SigmoidScaleFactor", requested at entry number 1, does not exist at all.
  The default value "0.1" is used instead.
Elastix initialization of all components (for this resolution) took: 1 ms.
Initialization of AdvancedMeanSquares metric took: 347 ms.
Starting automatic parameter estimation for AdaptiveStochasticGradientDescent ...
WARNING: The parameter "ASGDParameterEstimationMethod", requested at entry number 0, does not exist at all.
  The default value "Original" is used instead.
  Computing JacobianTerms ...
  Computing the Jacobian terms took 0.002039s
  NumberOfGradientMeasurements to estimate sigma_i: 3
  Sampling gradients ...
  Sampling the gradients took 0.066485s
Automatic parameter estimation took 0.07s
1:ItNr	2:Metric	3a:Time	3b:StepSize	4:||Gradient||	Time[ms]
0	0.000000	0.000000	0.049230	0.000000	419.1
1	0.000000	0.000000	0.049230	0.000000	2.1
2	0.000000	0.000000	0.049230	0.000000	2.1
3	0.000000	0.000000	0.049230	0.000000	2.3
4	0.000000	0.000000	0.049230	0.000000	2.4
5	0.000000	0.000000	0.049230	0.000000	2.0
6	0.000000	0.000000	0.049230	0.000000	2.0
7	0.000000	0.000000	0.049230	0.000000	2.3
8	0.000000	0.000000	0.049230	0.000000	2.4
9	0.000000	0.000000	0.049230	0.000000	2.1
10	0.000000	0.000000	0.049230	0.000000	2.0
11	0.000000	0.000000	0.049230	0.000000	2.3
12	0.000000	0.000000	0.049230	0.000000	2.4
13	0.000000	0.000000	0.049230	0.000000	2.1
14	0.000000	0.000000	0.049230	0.000000	2.1
15	0.000000	0.000000	0.049230	0.000000	2.3
16	0.000000	0.000000	0.049230	0.000000	2.4
17	0.000000	0.000000	0.049230	0.000000	2.3
18	0.000000	0.000000	0.049230	0.000000	2.0
19	0.000000	0.000000	0.049230	0.000000	2.5
20	0.000000	0.000000	0.049230	0.000000	2.4
21	0.000000	0.000000	0.049230	0.000000	2.3
22	0.000000	0.000000	0.049230	0.000000	2.0
23	0.000000	0.000000	0.049230	0.000000	2.3
24	0.000000	0.000000	0.049230	0.000000	2.1
25	0.000000	0.000000	0.049230	0.000000	2.0
26	0.000000	0.000000	0.049230	0.000000	2.0
27	0.000000	0.000000	0.049230	0.000000	1.9
28	0.000000	0.000000	0.049230	0.000000	2.4
29	0.000000	0.000000	0.049230	0.000000	2.0
30	0.000000	0.000000	0.049230	0.000000	2.2
31	0.000000	0.000000	0.049230	0.000000	2.0
32	0.000000	0.000000	0.049230	0.000000	2.3
33	0.000000	0.000000	0.049230	0.000000	2.1
34	0.000000	0.000000	0.049230	0.000000	2.0
35	0.000000	0.000000	0.049230	0.000000	2.3
36	0.000000	0.000000	0.049230	0.000000	2.3
37	0.000000	0.000000	0.049230	0.000000	2.0
38	0.000000	0.000000	0.049230	0.000000	2.1
39	0.000000	0.000000	0.049230	0.000000	2.2
40	0.000000	0.000000	0.049230	0.000000	2.1
41	0.000000	0.000000	0.049230	0.000000	2.2
42	0.000000	0.000000	0.049230	0.000000	2.1
43	0.000000	0.000000	0.049230	0.000000	2.0
44	0.000000	0.000000	0.049230	0.000000	2.4
45	0.000000	0.000000	0.049230	0.000000	2.2
46	0.000000	0.000000	0.049230	0.000000	2.1
47	0.000000	0.000000	0.049230	0.000000	2.3
48	0.000000	0.000000	0.049230	0.000000	2.3
49	0.000000	0.000000	0.049230	0.000000	2.1
50	0.000000	0.000000	0.049230	0.000000	2.0
51	0.000000	0.000000	0.049230	0.000000	2.3
52	0.000000	0.000000	0.049230	0.000000	2.4
53	0.000000	0.000000	0.049230	0.000000	2.2
54	0.000000	0.000000	0.049230	0.000000	2.1
55	0.000000	0.000000	0.049230	0.000000	2.1
56	0.000000	0.000000	0.049230	0.000000	2.0
57	0.000000	0.000000	0.049230	0.000000	2.1
58	0.000000	0.000000	0.049230	0.000000	2.0
59	0.000000	0.000000	0.049230	0.000000	2.4
60	0.000000	0.000000	0.049230	0.000000	2.4
61	0.000000	0.000000	0.049230	0.000000	2.1
62	0.000000	0.000000	0.049230	0.000000	2.4
63	0.000000	0.000000	0.049230	0.000000	2.4
64	0.000000	0.000000	0.049230	0.000000	2.4
65	0.000000	0.000000	0.049230	0.000000	2.1
66	0.000000	0.000000	0.049230	0.000000	2.1
67	0.000000	0.000000	0.049230	0.000000	2.6
68	0.000000	0.000000	0.049230	0.000000	2.4
69	0.000000	0.000000	0.049230	0.000000	2.1
70	0.000000	0.000000	0.049230	0.000000	2.3
71	0.000000	0.000000	0.049230	0.000000	2.3
72	0.000000	0.000000	0.049230	0.000000	2.3
73	0.000000	0.000000	0.049230	0.000000	2.1
74	0.000000	0.000000	0.049230	0.000000	2.5
75	0.000000	0.000000	0.049230	0.000000	2.4
76	0.000000	0.000000	0.049230	0.000000	2.4
77	0.000000	0.000000	0.049230	0.000000	2.4
78	0.000000	0.000000	0.049230	0.000000	2.3
79	0.000000	0.000000	0.049230	0.000000	2.5
80	0.000000	0.000000	0.049230	0.000000	2.4
81	0.000000	0.000000	0.049230	0.000000	2.1
82	0.000000	0.000000	0.049230	0.000000	2.2
83	0.000000	0.000000	0.049230	0.000000	2.1
84	0.000000	0.000000	0.049230	0.000000	2.0
85	0.000000	0.000000	0.049230	0.000000	2.1
86	0.000000	0.000000	0.049230	0.000000	2.1
87	0.000000	0.000000	0.049230	0.000000	2.4
88	0.000000	0.000000	0.049230	0.000000	2.1
89	0.000000	0.000000	0.049230	0.000000	2.1
90	0.000000	0.000000	0.049230	0.000000	2.3
91	0.000000	0.000000	0.049230	0.000000	2.3
92	0.000000	0.000000	0.049230	0.000000	2.3
93	0.000000	0.000000	0.049230	0.000000	2.3
94	0.000000	0.000000	0.049230	0.000000	2.4
95	0.000000	0.000000	0.049230	0.000000	2.1
96	0.000000	0.000000	0.049230	0.000000	2.6
97	0.000000	0.000000	0.049230	0.000000	2.0
98	0.000000	0.000000	0.049230	0.000000	2.5
99	0.000000	0.000000	0.049230	0.000000	2.5
100	0.000000	0.000000	0.049230	0.000000	2.5
101	0.000000	0.000000	0.049230	0.000000	2.6
102	0.000000	0.000000	0.049230	0.000000	2.5
103	0.000000	0.000000	0.049230	0.000000	2.5
104	0.000000	0.000000	0.049230	0.000000	2.6
105	0.000000	0.000000	0.049230	0.000000	2.5
106	0.000000	0.000000	0.049230	0.000000	2.6
107	0.000000	0.000000	0.049230	0.000000	2.4
108	0.000000	0.000000	0.049230	0.000000	2.5
109	0.000000	0.000000	0.049230	0.000000	2.2
110	0.000000	0.000000	0.049230	0.000000	2.0
111	0.000000	0.000000	0.049230	0.000000	2.4
112	0.000000	0.000000	0.049230	0.000000	2.4
113	0.000000	0.000000	0.049230	0.000000	2.1
114	0.000000	0.000000	0.049230	0.000000	2.1
115	0.000000	0.000000	0.049230	0.000000	2.2
116	0.000000	0.000000	0.049230	0.000000	2.1
117	0.000000	0.000000	0.049230	0.000000	2.0
118	0.000000	0.000000	0.049230	0.000000	2.1
119	0.000000	0.000000	0.049230	0.000000	2.1
120	0.000000	0.000000	0.049230	0.000000	2.4
121	0.000000	0.000000	0.049230	0.000000	2.1
122	0.000000	0.000000	0.049230	0.000000	2.2
123	0.000000	0.000000	0.049230	0.000000	2.2
124	0.000000	0.000000	0.049230	0.000000	2.2
125	0.000000	0.000000	0.049230	0.000000	2.0
126	0.000000	0.000000	0.049230	0.000000	2.4
127	0.000000	0.000000	0.049230	0.000000	2.4
128	0.000000	0.000000	0.049230	0.000000	2.3
129	0.000000	0.000000	0.049230	0.000000	2.0
130	0.000000	0.000000	0.049230	0.000000	2.0
131	0.000000	0.000000	0.049230	0.000000	2.4
132	0.000000	0.000000	0.049230	0.000000	2.1
133	0.000000	0.000000	0.049230	0.000000	2.2
134	0.000000	0.000000	0.049230	0.000000	2.1
135	0.000000	0.000000	0.049230	0.000000	2.1
136	0.000000	0.000000	0.049230	0.000000	2.0
137	0.000000	0.000000	0.049230	0.000000	2.2
138	0.000000	0.000000	0.049230	0.000000	2.1
139	0.000000	0.000000	0.049230	0.000000	2.3
140	0.000000	0.000000	0.049230	0.000000	2.4
141	0.000000	0.000000	0.049230	0.000000	2.4
142	0.000000	0.000000	0.049230	0.000000	2.0
143	0.000000	0.000000	0.049230	0.000000	2.4
144	0.000000	0.000000	0.049230	0.000000	2.4
145	0.000000	0.000000	0.049230	0.000000	2.0
146	0.000000	0.000000	0.049230	0.000000	2.1
147	0.000000	0.000000	0.049230	0.000000	2.1
148	0.000000	0.000000	0.049230	0.000000	2.2
149	0.000000	0.000000	0.049230	0.000000	2.1
150	0.000000	0.000000	0.049230	0.000000	2.1
151	0.000000	0.000000	0.049230	0.000000	2.3
152	0.000000	0.000000	0.049230	0.000000	2.3
153	0.000000	0.000000	0.049230	0.000000	2.2
154	0.000000	0.000000	0.049230	0.000000	2.2
155	0.000000	0.000000	0.049230	0.000000	2.1
156	0.000000	0.000000	0.049230	0.000000	2.4
157	0.000000	0.000000	0.049230	0.000000	2.3
158	0.000000	0.000000	0.049230	0.000000	2.0
159	0.000000	0.000000	0.049230	0.000000	2.3
160	0.000000	0.000000	0.049230	0.000000	2.3
161	0.000000	0.000000	0.049230	0.000000	2.1
162	0.000000	0.000000	0.049230	0.000000	2.3
163	0.000000	0.000000	0.049230	0.000000	2.3
164	0.000000	0.000000	0.049230	0.000000	2.0
165	0.000000	0.000000	0.049230	0.000000	2.1
166	0.000000	0.000000	0.049230	0.000000	2.1
167	0.000000	0.000000	0.049230	0.000000	2.4
168	0.000000	0.000000	0.049230	0.000000	2.4
169	0.000000	0.000000	0.049230	0.000000	2.2
170	0.000000	0.000000	0.049230	0.000000	2.1
171	0.000000	0.000000	0.049230	0.000000	2.1
172	0.000000	0.000000	0.049230	0.000000	2.4
173	0.000000	0.000000	0.049230	0.000000	2.1
174	0.000000	0.000000	0.049230	0.000000	2.4
175	0.000000	0.000000	0.049230	0.000000	2.1
176	0.000000	0.000000	0.049230	0.000000	2.4
177	0.000000	0.000000	0.049230	0.000000	2.2
178	0.000000	0.000000	0.049230	0.000000	2.1
179	0.000000	0.000000	0.049230	0.000000	2.2
180	0.000000	0.000000	0.049230	0.000000	2.4
181	0.000000	0.000000	0.049230	0.000000	2.5
182	0.000000	0.000000	0.049230	0.000000	2.4
183	0.000000	0.000000	0.049230	0.000000	2.3
184	0.000000	0.000000	0.049230	0.000000	2.4
185	0.000000	0.000000	0.049230	0.000000	2.1
186	0.000000	0.000000	0.049230	0.000000	2.3
187	0.000000	0.000000	0.049230	0.000000	2.3
188	0.000000	0.000000	0.049230	0.000000	2.4
189	0.000000	0.000000	0.049230	0.000000	2.3
190	0.000000	0.000000	0.049230	0.000000	2.4
191	0.000000	0.000000	0.049230	0.000000	2.4
192	0.000000	0.000000	0.049230	0.000000	2.4
193	0.000000	0.000000	0.049230	0.000000	2.1
194	0.000000	0.000000	0.049230	0.000000	2.4
195	0.000000	0.000000	0.049230	0.000000	2.4
196	0.000000	0.000000	0.049230	0.000000	2.5
197	0.000000	0.000000	0.049230	0.000000	2.1
198	0.000000	0.000000	0.049230	0.000000	2.4
199	0.000000	0.000000	0.049230	0.000000	2.1
200	0.000000	0.000000	0.049230	0.000000	2.3
201	0.000000	0.000000	0.049230	0.000000	2.1
202	0.000000	0.000000	0.049230	0.000000	2.1
203	0.000000	0.000000	0.049230	0.000000	2.1
204	0.000000	0.000000	0.049230	0.000000	2.4
205	0.000000	0.000000	0.049230	0.000000	2.2
206	0.000000	0.000000	0.049230	0.000000	2.1
207	0.000000	0.000000	0.049230	0.000000	2.0
208	0.000000	0.000000	0.049230	0.000000	2.4
209	0.000000	0.000000	0.049230	0.000000	2.4
210	0.000000	0.000000	0.049230	0.000000	2.1
211	0.000000	0.000000	0.049230	0.000000	2.5
212	0.000000	0.000000	0.049230	0.000000	2.1
213	0.000000	0.000000	0.049230	0.000000	2.5
214	0.000000	0.000000	0.049230	0.000000	2.4
215	0.000000	0.000000	0.049230	0.000000	2.5
216	0.000000	0.000000	0.049230	0.000000	2.6
217	0.000000	0.000000	0.049230	0.000000	2.2
218	0.000000	0.000000	0.049230	0.000000	2.3
219	0.000000	0.000000	0.049230	0.000000	2.2
220	0.000000	0.000000	0.049230	0.000000	2.3
221	0.000000	0.000000	0.049230	0.000000	2.1
222	0.000000	0.000000	0.049230	0.000000	2.0
223	0.000000	0.000000	0.049230	0.000000	2.4
224	0.000000	0.000000	0.049230	0.000000	2.4
225	0.000000	0.000000	0.049230	0.000000	2.3
226	0.000000	0.000000	0.049230	0.000000	2.4
227	0.000000	0.000000	0.049230	0.000000	2.1
228	0.000000	0.000000	0.049230	0.000000	2.1
229	0.000000	0.000000	0.049230	0.000000	2.5
230	0.000000	0.000000	0.049230	0.000000	2.5
231	0.000000	0.000000	0.049230	0.000000	2.3
232	0.000000	0.000000	0.049230	0.000000	2.1
233	0.000000	0.000000	0.049230	0.000000	2.1
234	0.000000	0.000000	0.049230	0.000000	2.2
235	0.000000	0.000000	0.049230	0.000000	2.3
236	0.000000	0.000000	0.049230	0.000000	2.2
237	0.000000	0.000000	0.049230	0.000000	2.2
238	0.000000	0.000000	0.049230	0.000000	2.1
239	0.000000	0.000000	0.049230	0.000000	2.3
240	0.000000	0.000000	0.049230	0.000000	2.3
241	0.000000	0.000000	0.049230	0.000000	2.2
242	0.000000	0.000000	0.049230	0.000000	2.2
243	0.000000	0.000000	0.049230	0.000000	2.3
244	0.000000	0.000000	0.049230	0.000000	2.1
245	0.000000	0.000000	0.049230	0.000000	2.3
246	0.000000	0.000000	0.049230	0.000000	2.1
247	0.000000	0.000000	0.049230	0.000000	2.4
248	0.000000	0.000000	0.049230	0.000000	2.4
249	0.000000	0.000000	0.049230	0.000000	2.0
250	0.000000	0.000000	0.049230	0.000000	2.2
251	0.000000	0.000000	0.049230	0.000000	2.1
252	0.000000	0.000000	0.049230	0.000000	2.1
253	0.000000	0.000000	0.049230	0.000000	2.1
254	0.000000	0.000000	0.049230	0.000000	2.2
255	0.000000	0.000000	0.049230	0.000000	2.1
256	0.000000	0.000000	0.049230	0.000000	2.4
257	0.000000	0.000000	0.049230	0.000000	2.2
258	0.000000	0.000000	0.049230	0.000000	2.1
259	0.000000	0.000000	0.049230	0.000000	2.4
260	0.000000	0.000000	0.049230	0.000000	2.4
261	0.000000	0.000000	0.049230	0.000000	2.2
262	0.000000	0.000000	0.049230	0.000000	2.4
263	0.000000	0.000000	0.049230	0.000000	2.3
264	0.000000	0.000000	0.049230	0.000000	2.1
265	0.000000	0.000000	0.049230	0.000000	2.0
266	0.000000	0.000000	0.049230	0.000000	2.1
267	0.000000	0.000000	0.049230	0.000000	2.1
268	0.000000	0.000000	0.049230	0.000000	2.2
269	0.000000	0.000000	0.049230	0.000000	2.0
270	0.000000	0.000000	0.049230	0.000000	2.2
271	0.000000	0.000000	0.049230	0.000000	2.4
272	0.000000	0.000000	0.049230	0.000000	2.4
273	0.000000	0.000000	0.049230	0.000000	2.0
274	0.000000	0.000000	0.049230	0.000000	2.2
275	0.000000	0.000000	0.049230	0.000000	2.4
276	0.000000	0.000000	0.049230	0.000000	2.4
277	0.000000	0.000000	0.049230	0.000000	2.4
278	0.000000	0.000000	0.049230	0.000000	2.3
279	0.000000	0.000000	0.049230	0.000000	2.3
280	0.000000	0.000000	0.049230	0.000000	2.4
281	0.000000	0.000000	0.049230	0.000000	2.2
282	0.000000	0.000000	0.049230	0.000000	2.1
283	0.000000	0.000000	0.049230	0.000000	2.1
284	0.000000	0.000000	0.049230	0.000000	2.1
285	0.000000	0.000000	0.049230	0.000000	2.1
286	0.000000	0.000000	0.049230	0.000000	2.1
287	0.000000	0.000000	0.049230	0.000000	2.2
288	0.000000	0.000000	0.049230	0.000000	2.4
289	0.000000	0.000000	0.049230	0.000000	2.2
290	0.000000	0.000000	0.049230	0.000000	2.2
291	0.000000	0.000000	0.049230	0.000000	2.0
292	0.000000	0.000000	0.049230	0.000000	2.3
293	0.000000	0.000000	0.049230	0.000000	2.2
294	0.000000	0.000000	0.049230	0.000000	2.0
295	0.000000	0.000000	0.049230	0.000000	2.2
296	0.000000	0.000000	0.049230	0.000000	2.1
297	0.000000	0.000000	0.049230	0.000000	2.0
298	0.000000	0.000000	0.049230	0.000000	2.4
299	0.000000	0.000000	0.049230	0.000000	2.4
Time spent in resolution 1 (ITK initialization and iterating): 1.112 s.
Stopping condition: Maximum number of iterations has been reached.
Settings of AdaptiveStochasticGradientDescent in resolution 1:
( SP_a 1.033828 )
( SP_A 20.000000 )
( SP_alpha 1.000000 )
( SigmoidMax 1.000000 )
( SigmoidMin -0.058551 )
( SigmoidScale 0.082013 )



=============== start of TransformParameterFile ===============
(Transform "AffineTransform")
(NumberOfParameters 12)
(TransformParameters 1.000000 0.000000 0.000000 0.000000 1.000000 0.000000 0.000000 0.000000 1.000000 0.000000 0.000000 0.000000)
(InitialTransformParametersFileName "NoInitialTransform")
(HowToCombineTransforms "Compose")

// Image specific
(FixedImageDimension 3)
(MovingImageDimension 3)
(FixedInternalImagePixelType "float")
(MovingInternalImagePixelType "float")
(Size 138 158 484)
(Index 0 0 0)
(Spacing 1.0000000000 1.0000000000 1.0000000000)
(Origin 0.0000000000 0.0000000000 0.0000000000)
(Direction 1.0000000000 0.0000000000 0.0000000000 0.0000000000 1.0000000000 0.0000000000 0.0000000000 0.0000000000 1.0000000000)
(UseDirectionCosines "true")

// AdvancedAffineTransform specific
(CenterOfRotationPoint 68.5000000000 78.5000000000 241.5000000000)

// ResampleInterpolator specific
(ResampleInterpolator "FinalBSplineInterpolator")
(FinalBSplineInterpolationOrder 3)

// Resampler specific
(Resampler "DefaultResampler")
(DefaultPixelValue 25.000000)
(ResultImageFormat "mha")
(ResultImagePixelType "short")
(CompressResultImage "false")

=============== end of TransformParameterFile ===============

Registration result checksum: 759772392

Applying final transform ...
  Applying final transform took 1.89s

Final metric value  = 0.000000
Settings of AdaptiveStochasticGradientDescent for all resolutions:
( SP_a 5.465446 1.033828 )
( SP_A 20.000000 20.000000 )
( SP_alpha 1.000000 1.000000 )
( SigmoidMax 1.000000 1.000000 )
( SigmoidMin -0.054555 -0.058551 )
( SigmoidScale 0.002713 0.082013 )

Time spent on saving the results, applying the final transform etc.: 1899 ms.
Running elastix with parameter file 0: "C:\Users\tischer\Downloads\fiji-registration-master\fiji-registration-master\parameters_Affine.txt", has finished.


Current time: Mon Aug 01 11:58:39 2016.
Time used for running elastix with this parameter file:
  5.1s.

-------------------------------------------------------------------------

Total time elapsed: 5.3s.

