
transformix is started at Mon Aug 01 11:58:48 2016.

which transformix:   C:\Program Files\elastix_v4.8\transformix
transformix runs at: hor-m6004
  Windows  Professional (x64),  (Build 9200)
  with 131071 MB memory, and 1 cores @ 2299 MHz.
Running transformix with parameter file "C:\Users\tischer\Downloads\fiji-registration-master\fiji-registration-master\example-data\3d-embryo--fiji\transformation-ch1-0001.tif.txt".

Reading the elastix parameters from file ...

Installing all components.
InstallingComponents was successful.

ELASTIX version: 4.800
Command line options from ElastixBase:
-in       C:\Users\tischer\Downloads\fiji-registration-master\fiji-registration-master\example-data\3d-embryo\ch1-0001.tif
-out      C:\Users\tischer\Downloads\fiji-registration-master\fiji-registration-master\example-data\3d-embryo--fiji\
-threads  unspecified, so all available threads are used
-tp       C:\Users\tischer\Downloads\fiji-registration-master\fiji-registration-master\example-data\3d-embryo--fiji\transformation-ch1-0001.tif.txt
-def      unspecified, so no input points transformed
-jac      unspecified, so no det(dT/dx) computed
-jacmat   unspecified, so no dT/dx computed

=============== start of ParameterFile: C:\Users\tischer\Downloads\fiji-registration-master\fiji-registration-master\example-data\3d-embryo--fiji\transformation-ch1-0001.tif.txt ===============
(Transform "AffineTransform")
(NumberOfParameters 12)
(TransformParameters 1.000000 0.000000 0.000000 0.000000 1.000000 0.000000 0.000000 0.000000 1.000000 0.000000 0.000000 0.000000)
(InitialTransformParametersFileName "NoInitialTransform")
(HowToCombineTransforms "Compose")

// Image specific
(FixedImageDimension 3)
(MovingImageDimension 3)
(FixedInternalImagePixelType "float")
(MovingInternalImagePixelType "float")
(Size 138 158 484)
(Index 0 0 0)
(Spacing 1.0000000000 1.0000000000 1.0000000000)
(Origin 0.0000000000 0.0000000000 0.0000000000)
(Direction 1.0000000000 0.0000000000 0.0000000000 0.0000000000 1.0000000000 0.0000000000 0.0000000000 0.0000000000 1.0000000000)
(UseDirectionCosines "true")

// AdvancedAffineTransform specific
(CenterOfRotationPoint 68.5000000000 78.5000000000 241.5000000000)

// ResampleInterpolator specific
(ResampleInterpolator "FinalBSplineInterpolator")
(FinalBSplineInterpolationOrder 3)

// Resampler specific
(Resampler "DefaultResampler")
(DefaultPixelValue 25.000000)
(ResultImageFormat "mha")
(ResultImagePixelType "short")
(CompressResultImage "false")


=============== end of ParameterFile: C:\Users\tischer\Downloads\fiji-registration-master\fiji-registration-master\example-data\3d-embryo--fiji\transformation-ch1-0001.tif.txt ===============


Reading input image ...
  Reading input image took 0.046058 s
Calling all ReadFromFile()'s ...
  Calling all ReadFromFile()'s took 0.000173 s
Transforming points ...
  The command-line option "-def" is not used, so no points are transformed
  Transforming points done, it took 0.00s
Compute determinant of spatial Jacobian ...
  The command-line option "-jac" is not used, so no det(dT/dx) computed.
  Computing determinant of spatial Jacobian done, it took 0.00s
Compute spatial Jacobian (full matrix) ...
  The command-line option "-jacmat" is not used, so no dT/dx computed.
  Computing spatial Jacobian done, it took 0.00s
Resampling image and writing to disk ...
  Resampling took 1.89s

transformix has finished at Mon Aug 01 11:58:50 2016.
Total time elapsed: 2.4s.

