
elastix is started at Mon Mar 13 11:14:17 2017.

which elastix:   /Users/tischi/Downloads/elastix_macosx64_v4.8/bin/elastix
elastix runs at: ChristiansAir2.pool.embl.de
  Mac OS X 10.10.5 (x64), 14F1912
  with 4096 MB memory, and 2 cores @ 1700 MHz.
-------------------------------------------------------------------------

Running elastix with parameter file 0: "/Users/tischi/Documents/fiji-registration/example-data/3d-embryo-signedInt-issue--fiji/elastix-parameters.txt".

Current time: Mon Mar 13 11:14:17 2017.
Reading the elastix parameters from file ...

Unsupported -priority value. Specify one of <high, abovenormal, normal, belownormal, idle, ''>.
Installing all components.
InstallingComponents was successful.

ERROR: OpenCL-enabled device is not present!
OpenCL processing is disabled.
ELASTIX version: 4.800
Command line options from ElastixBase:
-f        /Users/tischi/Documents/fiji-registration/example-data/3d-embryo-signedInt-issue/15-08-19_H2BLuVeLuE65-2views_1_G1_Average_E1_ch0_t000.tif
-m        /Users/tischi/Documents/fiji-registration/example-data/3d-embryo-signedInt-issue/15-08-19_H2BLuVeLuE65-2views_1_G1_Average_E1_ch0_t001.tif
-fMask    unspecified, so no fixed mask used
-mMask    unspecified, so no moving mask used
-out      /Users/tischi/Documents/fiji-registration/example-data/3d-embryo-signedInt-issue--fiji/
-p        /Users/tischi/Documents/fiji-registration/example-data/3d-embryo-signedInt-issue--fiji/elastix-parameters.txt
-threads  unspecified, so all available threads are used
Command line options from TransformBase:
-t0       unspecified, so no initial transform used

=============== start of ParameterFile: /Users/tischi/Documents/fiji-registration/example-data/3d-embryo-signedInt-issue--fiji/elastix-parameters.txt ===============
(Transform "TranslationTransform")
(Registration "MultiResolutionRegistration")
(NumberOfResolutions 2)
(ImagePyramidSchedule 10 10 10 1 1 1 )
(MaximumNumberOfIterations 300)
(NumberOfSpatialSamples 3000)
(DefaultPixelValue 40000.0)
(WriteTransformParametersEachIteration "false")
(WriteTransformParametersEachResolution "false")
(WriteResultImageAfterEachResolution "false")
(WritePyramidImagesAfterEachResolution "false")
(FixedInternalImagePixelType "float")
(MovingInternalImagePixelType "float")
(UseDirectionCosines "false")
(Interpolator "LinearInterpolator")
(ResampleInterpolator "FinalLinearInterpolator")
(Resampler "DefaultResampler")
(FixedImagePyramid "FixedSmoothingImagePyramid")
(MovingImagePyramid "MovingSmoothingImagePyramid")
(Optimizer "AdaptiveStochasticGradientDescent")
(AutomaticParameterEstimation "true")
(MaximumStepLength 1)
(Metric "AdvancedMeanSquares")
(AutomaticScalesEstimation "true")
(AutomaticTransformInitialization "true")
(AutomaticTransformInitializationMethod "CenterOfGravity")
(HowToCombineTransforms "Compose")
(NumberOfHistogramBins 32)
(ErodeMask "false")
(NewSamplesEveryIteration "true")
(ImageSampler "RandomCoordinate")
(BSplineInterpolationOrder 1)
(FinalBSplineInterpolationOrder 3)
(WriteResultImage "true")
(ResultImagePixelType "short")
(ResultImageFormat "h5")


=============== end of ParameterFile: /Users/tischi/Documents/fiji-registration/example-data/3d-embryo-signedInt-issue--fiji/elastix-parameters.txt ===============


Reading images...
Reading images took 208 ms.

Transform parameters are initialized as: [0.00007152001384724826, -0.0004511348378457569, 0.00024014687483031594]
Initialization of all components (before registration) took: 450 ms.
Preparation of the image pyramids took: 1288 ms.

Resolution: 0
WARNING: The parameter "ShowExactMetricValue", requested at entry number 0, does not exist at all.
  The default value "false" is used instead.
WARNING: The parameter "CheckNumberOfSamples", requested at entry number 0, does not exist at all.
  The default value "true" is used instead.
Setting the fixed masks took: 0 ms.
Setting the moving masks took: 0 ms.
WARNING: The parameter "FixedImageBSplineInterpolationOrder", requested at entry number 0, does not exist at all.
  The default value "1" is used instead.
WARNING: The parameter "UseRandomSampleRegion", requested at entry number 0, does not exist at all.
  The default value "false" is used instead.
WARNING: The parameter "UseNormalization", requested at entry number 0, does not exist at all.
  The default value "false" is used instead.
WARNING: The parameter "NumberOfSamplesForSelfHessian", requested at entry number 0, does not exist at all.
  The default value "100000" is used instead.
WARNING: The parameter "SelfHessianSmoothingSigma", requested at entry number 0, does not exist at all.
  The default value "1" is used instead.
WARNING: The parameter "SelfHessianNoiseRange", requested at entry number 0, does not exist at all.
  The default value "1" is used instead.
WARNING: The parameter "SP_A", requested at entry number 0, does not exist at all.
  The default value "20" is used instead.
WARNING: The parameter "MaximumNumberOfSamplingAttempts", requested at entry number 0, does not exist at all.
  The default value "0" is used instead.
WARNING: The parameter "SigmoidInitialTime", requested at entry number 0, does not exist at all.
  The default value "0" is used instead.
WARNING: The parameter "MaxBandCovSize", requested at entry number 0, does not exist at all.
  The default value "192" is used instead.
WARNING: The parameter "NumberOfBandStructureSamples", requested at entry number 0, does not exist at all.
  The default value "10" is used instead.
WARNING: The parameter "UseAdaptiveStepSizes", requested at entry number 0, does not exist at all.
  The default value "true" is used instead.
WARNING: The parameter "NumberOfGradientMeasurements", requested at entry number 0, does not exist at all.
  The default value "0" is used instead.
WARNING: The parameter "NumberOfJacobianMeasurements", requested at entry number 0, does not exist at all.
  The default value "1000" is used instead.
WARNING: The parameter "NumberOfSamplesForExactGradient", requested at entry number 0, does not exist at all.
  The default value "100000" is used instead.
WARNING: The parameter "SigmoidScaleFactor", requested at entry number 0, does not exist at all.
  The default value "0.1" is used instead.
Elastix initialization of all components (for this resolution) took: 1 ms.
Initialization of AdvancedMeanSquares metric took: 0 ms.
Starting automatic parameter estimation for AdaptiveStochasticGradientDescent ...
WARNING: The parameter "ASGDParameterEstimationMethod", requested at entry number 0, does not exist at all.
  The default value "Original" is used instead.
  Computing JacobianTerms ...
  Computing the Jacobian terms took 0.001295s
  NumberOfGradientMeasurements to estimate sigma_i: 11
  Sampling gradients ...
  Sampling the gradients took 0.508152s
Automatic parameter estimation took 0.51s
1:ItNr	2:Metric	3a:Time	3b:StepSize	4:||Gradient||	Time[ms]
0	1.929327	0.000000	1.044366	0.623397	511.1
1	1.759723	0.000000	1.044366	0.220138	2.0
2	1.860652	0.000000	1.044366	0.317970	2.0
3	1.598135	0.000000	1.044366	0.171620	2.0
4	1.737236	0.000000	1.044366	0.118481	2.0
5	1.686532	0.000000	1.044366	0.111026	2.0
6	1.740767	0.852686	1.003615	0.227466	2.0
7	1.807485	0.733837	1.009103	0.054435	2.0
8	1.605429	1.667823	0.967525	0.113340	1.9
9	1.665378	1.992498	0.953863	0.098537	2.0
10	1.662225	2.835324	0.920134	0.153899	2.0
11	1.710206	3.771719	0.885352	0.256981	2.0
12	1.521885	4.760846	0.851357	0.056846	2.0
13	1.804385	5.757826	0.819636	0.099926	2.1
14	1.856160	6.360263	0.801589	0.060787	2.1
15	1.524080	6.270609	0.804224	0.083602	2.1
16	1.857997	6.161442	0.807456	0.123301	2.0
17	1.683105	6.880449	0.786633	0.040976	2.1
18	1.796632	6.813530	0.788526	0.121353	2.0
19	1.574873	7.114134	0.780095	0.090725	2.0
20	1.689843	8.042047	0.755170	0.090250	2.0
21	1.863763	8.207941	0.750881	0.139185	2.0
22	1.659497	9.190336	0.726447	0.081184	2.0
23	1.659622	10.017698	0.707070	0.111899	2.1
24	1.696951	9.906409	0.709616	0.043667	5.8
25	1.774144	10.011398	0.707214	0.380591	3.6
26	1.636810	9.899355	0.709778	0.193561	2.1
27	1.779869	10.899355	0.687527	0.164506	2.0
28	1.689079	10.780505	0.690099	0.121663	2.0
29	1.717179	11.780333	0.669050	0.184233	2.0
30	1.840127	12.780129	0.649248	0.186531	2.0
31	1.691599	13.780124	0.630581	0.228356	2.0
32	1.739494	14.780124	0.612957	0.280594	1.9
33	1.802038	15.780124	0.596292	0.261972	2.6
34	1.686924	16.780124	0.580508	0.049763	2.0
35	1.522988	16.674693	0.582133	0.082663	2.0
36	1.561234	16.705705	0.581654	0.108470	2.0
37	1.738683	17.556905	0.568813	0.123819	2.2
38	1.664072	17.439035	0.570558	0.115866	2.0
39	1.535433	17.320242	0.572326	0.090908	2.0
40	1.706801	17.207220	0.574019	0.104589	2.1
41	1.625392	17.682296	0.566969	0.086541	2.0
42	1.667636	17.725005	0.566344	0.047326	2.0
43	1.652553	17.663657	0.567243	0.048751	2.0
44	1.798223	17.593572	0.568273	0.284768	2.4
45	1.810925	17.475541	0.570016	0.199626	2.0
46	1.662053	18.475541	0.555576	0.241640	2.0
47	1.757355	19.475541	0.541850	0.258401	2.0
48	1.734922	20.475541	0.528786	0.136577	2.1
49	1.725814	21.475540	0.516337	0.128764	2.0
50	1.756330	22.463133	0.504604	0.215992	2.0
51	1.842301	22.344284	0.505988	0.078224	2.0
52	1.780649	22.225454	0.507379	0.084908	2.8
53	1.757109	23.010852	0.498324	0.164138	2.8
54	1.871281	22.893230	0.499660	0.253514	2.8
55	1.673985	23.893230	0.488530	0.235320	2.0
56	1.684880	24.893230	0.477885	0.051494	2.0
57	1.771848	24.929765	0.477505	0.119086	2.0
58	1.651563	24.924773	0.477557	0.140316	2.3
59	1.711124	25.904100	0.467586	0.083813	2.7
60	1.675557	25.785853	0.468767	0.211073	2.7
61	1.819184	25.667430	0.469957	0.196325	2.8
62	1.654469	26.667430	0.460098	0.195857	2.0
63	1.646395	27.667430	0.450644	0.048473	2.0
64	1.608691	27.550077	0.451733	0.071996	2.1
65	1.715319	27.845197	0.449004	0.017063	2.4
66	1.756595	27.928734	0.448237	0.162255	2.6
67	1.710204	28.011666	0.447479	0.115204	3.0
68	1.616405	27.892885	0.448566	0.063926	2.4
69	1.587141	28.448188	0.443529	0.136493	2.0
70	1.682060	28.749844	0.440839	0.196716	2.0
71	1.742023	29.749837	0.432153	0.110705	2.1
72	1.619650	29.635957	0.433125	0.073965	2.6
73	1.667501	30.167846	0.428622	0.178142	2.6
74	1.790083	30.086033	0.429309	0.071168	2.9
75	1.767338	30.131571	0.428926	0.142176	2.2
76	1.586018	30.014497	0.429911	0.097852	2.0
77	1.898990	29.895706	0.430914	0.173992	2.2
78	1.620049	30.868174	0.422835	0.113677	2.0
79	1.668480	31.867413	0.414843	0.113894	2.6
80	1.730471	31.771048	0.415601	0.073270	2.7
81	1.645020	32.684076	0.408532	0.085546	2.7
82	1.831956	33.368366	0.403390	0.064199	2.1
83	1.794481	33.465311	0.402672	0.068063	1.9
84	1.588931	33.412451	0.403064	0.071217	2.1
85	1.738800	33.303359	0.403873	0.073962	2.0
86	1.649676	33.255469	0.404230	0.051466	2.6
87	1.530941	33.268347	0.404134	0.121264	2.8
88	1.770475	33.177601	0.404811	0.095794	2.6
89	1.561148	33.084205	0.405510	0.067504	2.1
90	1.652808	32.971340	0.406358	0.121035	2.2
91	1.683816	32.921551	0.406733	0.135426	2.0
92	1.778543	33.550677	0.402042	0.075250	2.0
93	1.691092	33.437495	0.402878	0.104988	2.6
94	1.722508	33.803253	0.400189	0.220252	2.6
95	1.687852	34.803127	0.393019	0.207928	2.7
96	1.709796	34.684277	0.393858	0.224480	2.6
97	1.550080	35.684277	0.386909	0.161704	2.0
98	1.702140	35.565427	0.387722	0.046329	2.0
99	1.712428	36.315506	0.382648	0.075026	2.0
100	1.871376	36.243002	0.383133	0.134245	2.2
101	1.576203	36.326645	0.382574	0.084726	3.8
102	1.738000	36.208229	0.383366	0.040627	2.6
103	1.902786	36.462966	0.381666	0.245877	2.9
104	1.786987	37.110519	0.377413	0.091379	2.6
105	1.777586	38.109896	0.371032	0.173294	2.8
106	1.804187	37.992343	0.371772	0.132486	2.6
107	1.429649	38.992172	0.365576	0.104558	2.1
108	1.729472	38.873407	0.366301	0.146998	2.0
109	1.698706	39.718388	0.361203	0.126633	2.3
110	1.523099	39.599558	0.361912	0.115537	2.7
111	1.739157	40.594370	0.356066	0.105438	2.7
112	1.794290	41.532761	0.350723	0.133789	2.8
113	1.709086	42.512778	0.345311	0.089230	2.0
114	1.740337	43.496332	0.340045	0.190355	1.9
115	1.753838	43.529326	0.339872	0.044556	2.3
116	1.819460	43.424653	0.340424	0.115342	2.0
117	1.779324	43.649642	0.339239	0.098138	2.0
118	1.544311	43.531072	0.339862	0.087657	2.0
119	1.608203	44.178769	0.336485	0.072596	2.3
120	1.720344	44.487356	0.334899	0.032651	2.8
121	1.618823	44.493391	0.334869	0.123148	2.5
122	1.763028	44.931539	0.332643	0.064622	3.1
123	1.875171	44.851557	0.333047	0.232411	2.1
124	1.602973	45.222314	0.331183	0.156154	2.0
125	1.597308	46.222314	0.326256	0.123473	2.2
126	1.697609	46.103487	0.326834	0.094252	2.1
127	1.724356	45.985187	0.327411	0.159524	2.0
128	1.714461	46.973063	0.322653	0.086623	2.0
129	1.750881	46.905416	0.322974	0.176295	2.2
130	1.622418	47.504200	0.320151	0.070704	2.7
131	1.687475	47.385988	0.320704	0.179448	2.6
132	1.620985	48.362601	0.316189	0.073732	2.8
133	1.770229	48.922753	0.313656	0.124918	2.0
134	1.660619	48.804791	0.314186	0.095400	2.0
135	1.682232	49.076626	0.312967	0.101802	2.1
136	1.674005	49.867000	0.309477	0.018475	2.0
137	1.854348	49.833965	0.309621	0.128537	2.0
138	1.699744	49.857505	0.309518	0.111094	4.1
139	1.659583	50.848711	0.305248	0.119270	2.0
140	1.645365	50.730058	0.305753	0.214466	2.0
141	1.664832	51.729918	0.301550	0.103705	2.0
142	1.636140	51.694754	0.301696	0.081101	2.3
143	1.447610	52.605596	0.297962	0.210242	2.7
144	1.868976	52.530553	0.298266	0.098070	2.6
145	1.746268	52.434284	0.298657	0.140370	2.7
146	1.653825	52.315849	0.299140	0.063365	2.0
147	1.561659	53.205316	0.295554	0.054428	2.1
148	1.832180	53.539098	0.294231	0.219218	2.1
149	1.808148	54.508489	0.290453	0.119751	2.0
150	1.600304	55.508467	0.286657	0.068974	2.0
151	1.641010	55.408014	0.287034	0.136875	2.0
152	1.747609	55.293944	0.287463	0.095556	2.0
153	1.752349	55.177085	0.287904	0.209043	2.0
154	1.662251	55.083277	0.288259	0.043994	2.2
155	1.677418	55.940684	0.285047	0.084919	2.1
156	1.738419	55.863085	0.285334	0.058296	2.0
157	1.813803	55.752983	0.285744	0.179256	2.0
158	1.669909	56.682183	0.282326	0.084468	2.0
159	1.708430	56.563525	0.282758	0.064232	2.1
160	1.765013	56.585937	0.282676	0.141518	2.0
161	1.711268	57.523896	0.279299	0.063439	2.0
162	1.652286	58.202170	0.276908	0.164686	2.0
163	1.666300	58.117575	0.277204	0.034573	2.1
164	1.886842	58.756811	0.274982	0.075769	2.0
165	1.713853	58.674538	0.275266	0.189876	2.0
166	1.466095	58.557432	0.275671	0.084042	2.0
167	1.755589	59.553494	0.272262	0.270050	2.2
168	1.633269	59.434645	0.272665	0.061556	2.1
169	1.816656	60.432527	0.269323	0.212215	2.0
170	1.621471	61.358592	0.266295	0.087158	2.2
171	1.581460	62.358200	0.263102	0.204006	2.0
172	1.707517	62.239379	0.263477	0.169841	2.0
173	1.656201	63.239378	0.260350	0.153197	2.1
174	1.592273	63.120533	0.260717	0.192975	2.1
175	1.736391	64.120530	0.257654	0.079379	2.0
176	1.674070	65.118053	0.254670	0.216456	2.0
177	1.546073	66.117155	0.251749	0.046469	2.1
178	1.630345	66.014616	0.252046	0.136509	2.1
179	1.682736	65.907683	0.252356	0.054993	2.0
180	1.806337	66.553535	0.250495	0.131670	2.0
181	1.571896	66.761331	0.249901	0.203555	2.1
182	1.587053	67.759388	0.247091	0.095163	2.0
183	1.776102	68.710468	0.244472	0.131875	2.9
184	1.615268	69.317251	0.242829	0.032215	2.0
185	1.639517	69.266316	0.242966	0.096791	2.2
186	1.805243	69.380259	0.242660	0.341540	2.0
187	1.555272	69.261410	0.242980	0.071941	2.0
188	1.642845	70.260786	0.240319	0.137984	2.0
189	1.795658	70.148270	0.240615	0.052727	2.0
190	1.619277	70.089609	0.240770	0.036363	2.0
191	1.677254	70.108318	0.240721	0.151817	2.5
192	1.605859	70.337336	0.240117	0.232097	2.2
193	1.713612	71.337331	0.237517	0.151098	2.0
194	1.580317	72.337329	0.234972	0.098415	2.0
195	1.523345	73.325584	0.232510	0.158771	2.1
196	1.684399	73.206841	0.232803	0.068857	2.0
197	1.672958	73.499357	0.232083	0.149818	2.6
198	1.792263	73.394187	0.232341	0.078454	2.1
199	1.734025	73.437175	0.232236	0.087570	2.3
200	1.684476	73.332918	0.232492	0.134687	2.1
201	1.605938	73.217130	0.232778	0.141638	2.0
202	1.779184	74.163019	0.230464	0.067939	2.0
203	1.584888	74.086290	0.230650	0.132767	2.0
204	1.682290	74.340911	0.230034	0.035223	2.0
205	1.785603	74.569442	0.229484	0.235616	1.9
206	1.709208	74.467418	0.229729	0.033168	2.0
207	1.632783	75.350578	0.227624	0.167214	2.1
208	1.440411	75.251021	0.227859	0.112729	2.0
209	1.643579	75.132217	0.228141	0.111383	2.1
210	1.865286	75.252442	0.227856	0.113378	2.3
211	1.594942	75.133808	0.228137	0.138229	2.0
212	1.816077	75.338225	0.227653	0.093054	2.0
213	1.840614	75.224324	0.227922	0.021456	2.0
214	1.820915	75.317297	0.227702	0.060636	2.0
215	1.648533	75.295120	0.227755	0.109364	2.0
216	1.705240	75.757773	0.226666	0.202837	2.0
217	1.737058	76.545411	0.224836	0.044374	1.9
218	1.687650	76.591401	0.224730	0.123038	2.1
219	1.680220	76.894591	0.224034	0.030521	2.0
220	1.713706	76.887667	0.224049	0.199822	2.0
221	1.499707	77.004078	0.223783	0.053525	2.1
222	1.663016	76.886213	0.224053	0.120736	2.0
223	1.672654	77.367391	0.222957	0.149116	2.0
224	1.626973	77.257809	0.223205	0.142315	2.0
225	1.628092	77.139015	0.223476	0.168913	2.1
226	1.578700	78.137251	0.221225	0.066058	2.0
227	1.786399	78.521245	0.220372	0.118324	2.0
228	1.766571	78.436970	0.220559	0.105570	2.0
229	1.560953	78.326932	0.220803	0.193605	2.1
230	1.753437	78.208086	0.221067	0.122890	2.0
231	1.687730	79.207519	0.218863	0.055610	2.0
232	1.737002	79.896889	0.217367	0.070741	2.0
233	1.675922	79.793088	0.217591	0.037152	2.1
234	1.803570	79.723772	0.217741	0.064539	2.0
235	1.669914	79.687099	0.217820	0.082371	1.9
236	1.640357	80.004201	0.217136	0.039124	2.0
237	1.767238	79.997363	0.217151	0.136999	2.0
238	1.753166	80.655300	0.215746	0.125896	2.0
239	1.721129	81.654093	0.213646	0.043196	2.0
240	1.522621	81.740399	0.213467	0.149605	2.2
241	1.674998	81.657942	0.213638	0.073405	2.0
242	1.622634	81.718466	0.213513	0.095624	2.0
243	1.736376	81.602479	0.213754	0.070121	2.0
244	1.630954	82.076722	0.212770	0.211815	2.1
245	1.554240	81.957925	0.213016	0.089843	2.0
246	1.676696	82.956754	0.210969	0.157936	2.0
247	1.822673	83.929067	0.209014	0.163951	2.0
248	1.560257	84.921817	0.207055	0.180845	2.1
249	1.849659	85.921816	0.205119	0.108804	2.0
250	1.789371	86.920230	0.203221	0.130795	2.0
251	1.663443	86.801476	0.203445	0.098695	2.0
252	1.758839	86.686336	0.203663	0.182049	2.1
253	1.725134	86.567503	0.203888	0.050914	2.0
254	1.666932	87.239171	0.202622	0.149744	2.0
255	1.536823	88.112610	0.201000	0.186738	2.1
256	1.716459	87.993760	0.201220	0.077682	2.0
257	1.763050	87.874981	0.201439	0.123706	2.0
258	1.818899	88.730250	0.199869	0.009280	2.0
259	1.644332	88.679971	0.199961	0.247025	2.2
260	1.558798	88.603897	0.200099	0.080412	2.0
261	1.754576	88.485055	0.200317	0.131421	2.0
262	1.678611	88.366969	0.200533	0.091204	2.0
263	1.859548	88.274043	0.200703	0.119777	2.1
264	1.693108	88.172800	0.200890	0.125877	2.0
265	1.683033	89.139837	0.199126	0.164872	2.0
266	1.756293	89.204991	0.199008	0.062811	2.0
267	1.668853	90.112694	0.197382	0.089384	2.2
268	1.618988	90.023279	0.197541	0.153996	2.0
269	1.747099	89.914122	0.197736	0.136285	2.0
270	1.860276	90.896770	0.195999	0.213121	2.1
271	1.711836	90.981087	0.195852	0.074556	2.0
272	1.778859	91.971260	0.194135	0.163372	2.0
273	1.796265	91.852861	0.194339	0.059551	2.0
274	1.536444	91.736224	0.194540	0.075707	2.3
275	1.592807	91.733966	0.194544	0.054681	2.0
276	1.755498	91.924330	0.194216	0.135414	2.0
277	1.942876	92.659076	0.192960	0.091107	2.0
278	1.575640	92.540406	0.193162	0.058948	2.1
279	1.777361	92.815650	0.192695	0.071402	2.0
280	1.607350	93.139377	0.192148	0.046700	2.0
281	1.746540	93.187214	0.192068	0.089245	2.0
282	1.536280	93.118265	0.192184	0.107143	2.3
283	1.889499	93.248665	0.191964	0.095402	2.0
284	1.722873	93.932326	0.190823	0.196514	2.0
285	1.725066	93.813690	0.191020	0.096155	2.2
286	1.694799	93.708587	0.191195	0.023577	2.1
287	1.738987	93.836473	0.190982	0.110972	2.4
288	1.643571	93.784054	0.191069	0.167665	2.0
289	1.706437	93.665226	0.191267	0.117263	2.1
290	1.867196	94.425733	0.190007	0.105021	2.0
291	1.543480	94.309150	0.190199	0.103721	2.0
292	1.667351	94.197830	0.190383	0.218356	2.1
293	1.804272	94.079195	0.190579	0.054242	2.0
294	1.699120	93.966536	0.190766	0.062444	2.0
295	1.607435	94.056171	0.190617	0.078460	2.0
296	1.848689	94.412478	0.190029	0.060163	2.2
297	1.637620	94.774144	0.189435	0.087742	2.0
298	1.812939	94.755276	0.189466	0.029940	2.0
299	1.742010	94.680131	0.189589	0.090813	2.0
Time spent in resolution 0 (ITK initialization and iterating): 1.193 s.
Stopping condition: Maximum number of iterations has been reached.
Settings of AdaptiveStochasticGradientDescent in resolution 0:
( SP_a 21.931682 )
( SP_A 20.000000 )
( SP_alpha 1.000000 )
( SigmoidMax 1.000000 )
( SigmoidMin -0.118850 )
( SigmoidScale 0.001800 )


Resolution: 1
WARNING: The parameter "ShowExactMetricValue", requested at entry number 1, does not exist at all.
  The default value "false" is used instead.
WARNING: The parameter "CheckNumberOfSamples", requested at entry number 1, does not exist at all.
  The default value "true" is used instead.
Setting the fixed masks took: 0 ms.
Setting the moving masks took: 0 ms.
WARNING: The parameter "FixedImageBSplineInterpolationOrder", requested at entry number 1, does not exist at all.
  The default value "1" is used instead.
WARNING: The parameter "UseRandomSampleRegion", requested at entry number 1, does not exist at all.
  The default value "false" is used instead.
WARNING: The parameter "UseNormalization", requested at entry number 1, does not exist at all.
  The default value "false" is used instead.
WARNING: The parameter "NumberOfSamplesForSelfHessian", requested at entry number 1, does not exist at all.
  The default value "100000" is used instead.
WARNING: The parameter "SelfHessianSmoothingSigma", requested at entry number 1, does not exist at all.
  The default value "1" is used instead.
WARNING: The parameter "SelfHessianNoiseRange", requested at entry number 1, does not exist at all.
  The default value "1" is used instead.
WARNING: The parameter "SP_A", requested at entry number 1, does not exist at all.
  The default value "20" is used instead.
WARNING: The parameter "MaximumNumberOfSamplingAttempts", requested at entry number 1, does not exist at all.
  The default value "0" is used instead.
WARNING: The parameter "SigmoidInitialTime", requested at entry number 1, does not exist at all.
  The default value "0" is used instead.
WARNING: The parameter "MaxBandCovSize", requested at entry number 1, does not exist at all.
  The default value "192" is used instead.
WARNING: The parameter "NumberOfBandStructureSamples", requested at entry number 1, does not exist at all.
  The default value "10" is used instead.
WARNING: The parameter "UseAdaptiveStepSizes", requested at entry number 1, does not exist at all.
  The default value "true" is used instead.
WARNING: The parameter "NumberOfGradientMeasurements", requested at entry number 1, does not exist at all.
  The default value "0" is used instead.
WARNING: The parameter "NumberOfJacobianMeasurements", requested at entry number 1, does not exist at all.
  The default value "1000" is used instead.
WARNING: The parameter "NumberOfSamplesForExactGradient", requested at entry number 1, does not exist at all.
  The default value "100000" is used instead.
WARNING: The parameter "SigmoidScaleFactor", requested at entry number 1, does not exist at all.
  The default value "0.1" is used instead.
Elastix initialization of all components (for this resolution) took: 1 ms.
Initialization of AdvancedMeanSquares metric took: 0 ms.
Starting automatic parameter estimation for AdaptiveStochasticGradientDescent ...
WARNING: The parameter "ASGDParameterEstimationMethod", requested at entry number 0, does not exist at all.
  The default value "Original" is used instead.
  Computing JacobianTerms ...
  Computing the Jacobian terms took 0.001389s
  NumberOfGradientMeasurements to estimate sigma_i: 11
  Sampling gradients ...
  Sampling the gradients took 0.716611s
Automatic parameter estimation took 0.72s
1:ItNr	2:Metric	3a:Time	3b:StepSize	4:||Gradient||	Time[ms]
0	5.967806	0.000000	0.059525	3.722827	722.2
1	8.455165	0.000000	0.059525	1.992371	6.6
2	11.541320	0.000000	0.059525	17.462986	6.6
3	12.772052	1.000000	0.056819	8.716973	8.3
4	8.945061	2.000000	0.054349	4.253297	4.7
5	10.363879	2.876152	0.052354	7.398724	4.0
6	9.091571	3.872780	0.050256	4.407655	3.8
7	7.354659	4.538465	0.048946	6.659026	4.7
8	9.322910	3.998078	0.050005	5.650385	4.1
9	6.378979	4.998076	0.048081	1.709793	2.8
10	6.799502	4.458769	0.049100	3.838072	3.2
11	6.120668	4.857983	0.048342	0.876206	3.2
12	6.061818	5.595436	0.047001	1.515266	3.1
13	5.877770	5.721175	0.046780	0.959534	2.7
14	9.802757	5.898497	0.046472	0.906653	2.8
15	6.744921	6.024237	0.046255	1.616730	3.2
16	7.450226	5.846703	0.046561	3.968375	3.0
17	6.266561	5.364982	0.047412	2.988671	2.7
18	7.473020	6.348354	0.045707	2.423021	3.2
19	6.814479	7.249792	0.044249	2.068669	3.3
20	6.299359	7.844589	0.043336	4.304297	3.3
21	5.606828	8.678776	0.042118	2.113445	3.1
22	7.968048	8.140840	0.042896	4.832025	3.0
23	6.271295	9.121589	0.041499	5.576249	2.6
24	6.690090	8.581170	0.042257	2.865676	3.1
25	10.197616	9.580370	0.040876	4.854196	3.3
26	8.587079	9.040557	0.041611	3.887783	2.9
27	5.664048	10.038284	0.040273	0.805899	3.2
28	9.583279	9.757349	0.040641	8.602081	2.8
29	6.220513	9.779014	0.040613	2.933296	3.2
30	14.221159	10.779014	0.039335	10.794544	3.3
31	8.568762	10.238611	0.040015	3.390405	3.0
32	4.999432	11.238611	0.038774	4.155109	2.8
33	8.918943	10.698246	0.039435	6.617129	3.0
34	6.825749	11.449787	0.038522	1.794652	3.2
35	7.384378	12.034710	0.037840	0.341374	3.0
36	6.254081	11.918393	0.037973	1.127584	3.0
37	10.149289	11.916648	0.037975	6.375045	2.8
38	6.552036	11.586268	0.038360	2.786151	3.1
39	6.955136	11.066158	0.038982	3.735034	3.3
40	9.634172	10.959478	0.039113	7.776746	2.6
41	6.140296	11.926971	0.037963	2.934211	3.4
42	5.851307	12.926940	0.036844	1.674667	3.1
43	6.070412	13.722359	0.036000	2.225775	3.1
44	6.128529	14.214767	0.035497	3.126219	2.7
45	5.389695	14.875557	0.034843	0.811442	3.1
46	4.440324	14.751052	0.034964	1.947009	3.3
47	13.664318	14.726818	0.034988	7.483686	3.5
48	8.234041	14.250301	0.035461	0.912533	3.4
49	14.190607	13.719442	0.036003	18.703398	3.4
50	8.816221	13.190564	0.036560	6.975586	3.4
51	6.480999	14.190564	0.035521	2.948585	3.2
52	10.452124	13.678136	0.036046	18.817771	3.2
53	5.217619	14.677768	0.035036	3.164378	3.2
54	7.313038	15.677768	0.034081	9.068182	2.6
55	9.735756	15.137351	0.034591	5.632271	3.0
56	6.655907	16.137312	0.033659	0.586104	3.3
57	7.124381	16.759383	0.033105	1.402313	3.3
58	9.008150	16.633890	0.033215	4.439786	3.4
59	8.359571	16.130947	0.033665	2.759081	3.3
60	6.152736	17.118127	0.032793	1.709108	3.3
61	9.339899	17.603384	0.032381	5.223248	3.0
62	7.700451	18.237263	0.031858	6.197847	2.7
63	5.501299	19.237021	0.031066	1.544300	2.7
64	4.852404	18.936274	0.031300	1.399888	2.6
65	5.943877	19.096074	0.031176	2.106521	2.4
66	6.869909	18.764184	0.031436	0.347229	2.6
67	5.845844	18.884902	0.031341	1.878420	3.0
68	5.974825	18.862081	0.031359	2.575756	2.6
69	5.878150	18.942431	0.031295	1.281481	2.6
70	4.964500	18.577640	0.031584	1.697672	2.6
71	7.986117	18.387826	0.031736	3.795045	2.5
72	10.359582	19.337896	0.030989	8.495087	2.6
73	7.092826	20.337772	0.030239	3.535678	2.5
74	7.108057	20.824998	0.029887	4.907359	2.4
75	8.020648	21.823851	0.029190	5.325208	2.4
76	5.048669	22.745877	0.028575	2.458853	2.3
77	6.640473	23.633675	0.028006	3.491129	2.6
78	6.312465	23.618183	0.028016	3.138742	2.7
79	14.221212	23.148484	0.028314	12.506751	2.6
80	7.342013	24.148484	0.027687	5.958504	2.7
81	6.189844	25.148484	0.027087	2.134866	2.7
82	6.866743	24.615372	0.027403	4.249831	2.6
83	7.186121	24.100302	0.027716	4.225809	2.6
84	7.425533	25.070455	0.027133	2.409834	2.5
85	6.449867	25.829112	0.026693	3.444799	2.6
86	8.894592	25.777731	0.026722	3.376944	2.7
87	6.897601	26.773765	0.026165	4.185877	2.1
88	6.541440	26.329482	0.026411	1.655320	2.6
89	4.185176	26.829521	0.026135	1.059414	2.0
90	5.944253	27.178408	0.025946	1.172379	2.5
91	7.626392	27.495582	0.025776	4.215162	1.9
92	7.583706	28.073501	0.025472	7.375129	2.6
93	7.459782	27.553259	0.025745	4.862797	2.0
94	6.553304	28.553259	0.025226	3.176351	2.6
95	7.262432	28.133815	0.025441	4.334478	2.5
96	6.206958	29.086256	0.024957	4.188466	3.4
97	5.540130	30.040571	0.024491	2.289807	2.5
98	9.595491	30.998785	0.024039	6.912779	2.8
99	6.553712	30.459999	0.024291	2.685583	2.1
100	7.750427	31.427382	0.023843	0.961661	2.6
101	4.699561	31.948778	0.023608	1.208170	2.6
102	4.997220	32.083213	0.023548	1.439768	2.5
103	6.516375	31.865926	0.023645	2.174165	2.1
104	7.298989	32.024615	0.023574	1.736317	2.0
105	10.878149	32.751491	0.023255	6.046577	2.0
106	6.251583	32.343115	0.023434	5.212039	2.0
107	5.082982	32.764633	0.023250	0.600022	1.9
108	5.979398	32.815390	0.023228	2.284277	2.0
109	6.143230	33.117246	0.023098	3.696856	2.7
110	7.120835	34.105045	0.022684	2.998920	2.0
111	9.242318	33.899866	0.022769	2.358374	2.0
112	8.923026	33.497867	0.022937	5.315256	2.0
113	6.479221	32.977640	0.023158	4.386950	2.0
114	5.709768	32.743478	0.023259	1.439125	2.0
115	6.834858	32.808543	0.023231	3.800680	1.9
116	8.345306	32.329662	0.023439	5.207846	1.9
117	13.198119	31.789266	0.023679	9.882820	1.9
118	7.467602	32.789266	0.023239	2.964650	1.9
119	6.925997	33.789206	0.022815	2.098312	2.0
120	4.752446	34.535687	0.022508	1.391781	2.0
121	5.266753	34.249948	0.022625	1.739665	1.9
122	7.174004	33.999960	0.022728	3.097698	2.0
123	6.644622	33.982672	0.022735	1.663540	1.9
124	6.913729	34.494992	0.022525	5.426546	1.9
125	5.670440	33.957394	0.022745	0.502819	2.0
126	5.698130	33.709901	0.022848	2.236130	1.9
127	6.456144	33.817365	0.022803	2.523891	1.9
128	6.298149	34.597701	0.022483	1.571910	2.0
129	6.847773	34.652538	0.022461	2.315271	2.0
130	7.671360	35.122294	0.022273	2.539366	2.0
131	9.683325	35.559993	0.022101	7.886451	1.9
132	9.158208	35.680307	0.022054	6.607988	2.0
133	5.845496	35.139890	0.022266	2.810022	2.0
134	5.975695	36.139882	0.021876	2.073118	2.0
135	5.242758	36.260779	0.021830	2.388405	2.0
136	6.711873	36.023669	0.021921	3.607022	1.9
137	5.948113	35.493708	0.022127	3.342065	2.0
138	7.155800	35.992040	0.021933	2.398203	2.0
139	7.413162	36.969678	0.021563	2.957924	2.0
140	5.363210	37.668001	0.021307	2.002624	2.0
141	5.979349	38.610752	0.020970	2.908032	1.9
142	6.978634	38.097291	0.021152	1.915104	2.1
143	5.869733	39.046348	0.020818	2.035807	2.0
144	6.263017	39.027623	0.020824	3.777166	2.0
145	5.534859	38.535634	0.020996	1.368605	2.0
146	4.630474	39.285471	0.020735	2.669177	2.0
147	6.886262	39.403676	0.020694	2.552987	2.0
148	6.034707	38.894613	0.020870	1.374429	1.9
149	5.669074	38.503126	0.021008	1.311228	2.7
150	7.407775	38.970451	0.020844	6.788106	2.1
151	7.761418	38.434875	0.021032	2.795565	1.9
152	6.944437	39.381157	0.020702	1.587377	2.0
153	6.288855	40.160388	0.020438	2.489199	1.9
154	7.868832	40.217783	0.020419	2.876623	2.0
155	5.654611	39.848218	0.020543	2.900556	1.9
156	10.387934	40.839353	0.020214	3.791543	2.0
157	6.115609	40.769244	0.020237	2.386734	2.0
158	6.647828	41.538181	0.019988	2.221666	2.0
159	7.963366	42.331009	0.019738	3.569021	2.0
160	6.636500	42.149258	0.019795	1.073647	2.0
161	5.487947	41.688396	0.019940	1.864812	2.0
162	7.539301	41.442922	0.020019	1.984519	1.9
163	5.749774	42.076876	0.019817	2.000329	2.3
164	4.712012	41.631781	0.019958	1.725365	2.0
165	6.886425	41.851526	0.019888	3.193858	2.0
166	6.118223	42.794070	0.019595	2.071973	2.0
167	7.293518	42.262374	0.019759	2.656243	1.9
168	6.297030	42.449862	0.019701	1.355545	2.0
169	6.130827	42.093113	0.019812	2.574796	2.0
170	6.003724	41.621483	0.019961	1.307899	2.0
171	6.272629	41.239095	0.020084	1.907964	1.9
172	7.005715	40.899161	0.020194	1.654416	1.9
173	7.176522	40.971994	0.020171	3.676346	1.9
174	6.451402	41.880161	0.019879	2.459973	1.9
175	6.953679	42.360703	0.019729	4.795553	1.9
176	7.451650	43.343749	0.019427	3.214305	2.0
177	6.018468	43.603230	0.019349	2.783315	2.0
178	7.019308	44.562451	0.019066	5.072627	2.0
179	7.612577	44.123729	0.019194	3.583099	1.9
180	7.070939	43.588694	0.019353	2.150640	1.9
181	7.198375	44.190387	0.019175	3.735265	1.9
182	9.260978	44.300639	0.019142	4.122827	1.9
183	5.287135	45.300544	0.018854	2.084174	1.9
184	6.522465	45.721542	0.018735	2.739841	2.0
185	6.152213	46.422831	0.018540	3.227658	2.0
186	8.317318	45.892834	0.018687	3.946159	2.0
187	6.207716	45.352619	0.018839	2.868134	1.9
188	4.858165	46.154730	0.018614	3.704575	2.0
189	10.543302	46.807989	0.018435	0.957240	1.9
190	6.692292	46.506353	0.018517	6.107255	2.0
191	5.836874	45.989094	0.018660	1.180401	2.0
192	6.719570	46.957175	0.018394	2.055269	2.0
193	5.336891	46.614835	0.018487	1.328181	2.0
194	6.689178	46.188188	0.018605	1.053463	2.0
195	6.627200	46.343106	0.018562	4.260512	2.0
196	6.586162	46.413755	0.018542	2.481431	2.0
197	7.716908	46.498745	0.018519	6.035131	2.0
198	6.821923	46.232028	0.018593	4.736947	2.0
199	9.141156	47.215926	0.018324	2.036144	2.0
200	8.167993	46.759339	0.018448	3.351141	2.0
201	6.193264	47.721371	0.018190	2.051957	2.0
202	6.088193	47.200309	0.018329	4.117141	1.9
203	5.996467	46.767505	0.018446	2.316731	1.9
204	8.597515	47.691349	0.018198	2.456828	2.0
205	5.792498	48.615518	0.017956	0.794621	2.0
206	5.235040	48.412243	0.018009	2.857070	2.0
207	9.233433	48.655115	0.017946	6.432915	2.0
208	8.156347	49.655072	0.017692	1.338869	2.0
209	7.867066	50.641637	0.017448	0.841475	2.0
210	7.948062	50.440998	0.017497	3.467701	1.9
211	7.547149	50.945386	0.017375	4.544670	2.0
212	6.983310	50.405013	0.017506	2.656126	2.0
213	7.704927	51.401345	0.017265	4.264987	2.0
214	6.545353	52.289781	0.017056	2.722526	2.0
215	7.701907	53.284966	0.016827	4.668206	2.0
216	8.152619	54.283443	0.016604	6.017637	2.1
217	6.523181	55.156735	0.016414	3.084422	2.0
218	7.933374	54.616325	0.016531	5.800525	2.0
219	5.756968	55.548302	0.016330	2.849941	2.0
220	7.183114	55.157962	0.016413	4.283629	1.9
221	6.749988	54.635019	0.016527	2.466491	2.0
222	8.015773	54.351757	0.016589	5.660631	2.0
223	10.762788	53.864148	0.016697	3.679098	2.0
224	6.854159	54.856032	0.016479	5.124516	2.0
225	7.319677	54.316058	0.016597	7.188450	2.0
226	6.487309	55.136406	0.016418	4.324666	2.0
227	7.556488	56.136406	0.016205	1.689655	2.0
228	9.113142	55.610141	0.016317	6.586862	2.0
229	6.469218	55.092093	0.016428	2.557755	1.9
230	8.657319	56.092053	0.016215	5.601989	1.9
231	10.169784	57.091555	0.016007	8.314135	3.0
232	7.251437	58.091555	0.015805	4.003698	2.9
233	6.856958	59.091554	0.015607	5.526012	2.5
234	6.267860	59.740841	0.015482	1.749049	2.5
235	4.601418	59.490461	0.015530	1.079072	2.5
236	7.043510	59.942965	0.015443	2.932591	2.5
237	8.415218	59.515312	0.015525	2.830531	2.6
238	5.996002	59.693936	0.015491	1.591840	2.6
239	5.159221	59.256214	0.015575	0.842196	2.7
240	5.852309	59.222195	0.015582	0.448322	2.0
241	10.611379	59.226068	0.015581	13.622221	2.0
242	7.673292	59.048733	0.015616	6.044104	2.0
243	8.253969	60.048733	0.015423	6.005405	2.0
244	4.945252	59.508346	0.015527	1.286847	1.9
245	7.142617	59.070063	0.015612	2.651865	2.0
246	5.630009	59.751284	0.015480	0.881867	2.0
247	5.656881	59.932587	0.015445	3.539869	2.0
248	5.894095	59.566275	0.015515	3.348058	2.0
249	7.660758	59.498753	0.015528	3.566597	2.0
250	8.451277	60.445970	0.015348	3.880225	2.0
251	6.189105	61.442070	0.015162	1.147977	2.0
252	7.303630	61.540025	0.015144	5.660800	2.0
253	5.425194	61.013223	0.015242	2.309592	1.9
254	7.164106	62.012858	0.015058	7.126785	2.0
255	5.620027	61.473353	0.015157	0.538430	1.9
256	6.259507	61.976197	0.015065	1.603359	2.0
257	5.385944	61.821161	0.015093	1.164359	2.0
258	8.113339	61.807596	0.015095	3.584242	2.0
259	6.326961	61.322247	0.015184	2.606951	2.0
260	5.934392	60.792227	0.015283	1.212934	2.1
261	7.832092	61.420233	0.015166	5.521053	1.9
262	6.550782	62.227976	0.015019	2.461420	2.0
263	6.005943	61.695585	0.015116	2.161882	1.9
264	8.463808	61.287485	0.015191	3.576077	2.0
265	11.199286	61.792036	0.015098	6.904621	2.0
266	6.317748	62.789908	0.014918	1.185510	2.0
267	12.909268	63.587519	0.014778	8.499808	1.9
268	5.320106	64.026649	0.014701	1.042457	2.1
269	10.747125	65.002860	0.014535	7.418734	2.3
270	6.204348	65.929264	0.014380	2.483923	2.0
271	6.097966	66.929247	0.014216	3.262957	2.0
272	6.214602	66.713607	0.014251	2.308800	2.0
273	6.719937	66.239478	0.014329	2.472503	2.0
274	6.174846	66.160280	0.014342	3.601927	2.0
275	5.230041	66.127240	0.014347	1.170938	2.0
276	5.662740	65.884424	0.014387	2.488100	2.0
277	6.711865	66.121523	0.014348	3.405877	2.0
278	6.583845	65.673286	0.014422	1.088156	1.9
279	7.880348	65.934182	0.014379	5.179397	2.0
280	4.417501	65.765575	0.014407	1.941987	2.0
281	7.513740	66.750941	0.014245	1.990247	2.0
282	7.552585	66.346894	0.014311	1.242507	2.0
283	4.874819	66.837267	0.014231	1.783136	1.9
284	7.648950	66.986010	0.014207	2.805036	2.0
285	9.999342	66.536092	0.014280	2.177885	2.0
286	8.356872	66.476174	0.014290	5.967196	2.0
287	6.578169	65.936088	0.014379	4.779345	1.9
288	5.546016	66.936087	0.014215	2.615826	2.0
289	6.723348	67.921008	0.014058	3.333662	2.0
290	6.524269	68.544157	0.013960	3.949528	2.0
291	5.210301	68.003874	0.014045	3.710347	2.0
292	7.794319	67.817552	0.014074	3.687004	2.0
293	5.513694	67.279668	0.014160	1.496900	2.0
294	6.481289	66.834702	0.014231	1.298256	2.0
295	7.360402	67.138240	0.014182	1.988472	2.0
296	6.055027	67.429393	0.014136	1.740008	2.0
297	6.207698	67.872697	0.014065	1.165746	2.0
298	6.081246	67.704083	0.014092	1.941575	2.0
299	7.406091	67.592613	0.014110	1.328848	2.0
Time spent in resolution 1 (ITK initialization and iterating): 1.467 s.
Stopping condition: Maximum number of iterations has been reached.
Settings of AdaptiveStochasticGradientDescent in resolution 1:
( SP_a 1.250017 )
( SP_A 20.000000 )
( SP_alpha 1.000000 )
( SigmoidMax 1.000000 )
( SigmoidMin -0.540419 )
( SigmoidScale 1.393775 )



=============== start of TransformParameterFile ===============
(Transform "TranslationTransform")
(NumberOfParameters 3)
(TransformParameters 1.482753 0.583892 0.138701)
(InitialTransformParametersFileName "NoInitialTransform")
(HowToCombineTransforms "Compose")

// Image specific
(FixedImageDimension 3)
(MovingImageDimension 3)
(FixedInternalImagePixelType "float")
(MovingInternalImagePixelType "float")
(Size 250 250 131)
(Index 0 0 0)
(Spacing 1.0000000000 1.0000000000 1.0000000000)
(Origin 0.0000000000 0.0000000000 0.0000000000)
(Direction 1.0000000000 0.0000000000 0.0000000000 0.0000000000 1.0000000000 0.0000000000 0.0000000000 0.0000000000 1.0000000000)
(UseDirectionCosines "false")

// ResampleInterpolator specific
(ResampleInterpolator "FinalLinearInterpolator")

// Resampler specific
(Resampler "DefaultResampler")
(DefaultPixelValue 40000.000000)
(ResultImageFormat "h5")
(ResultImagePixelType "short")
(CompressResultImage "false")

=============== end of TransformParameterFile ===============

Registration result checksum: 1478651983

Applying final transform ...
  Applying final transform took 0.65s

Final metric value  = 7.406091
Settings of AdaptiveStochasticGradientDescent for all resolutions:
( SP_a 21.931682 1.250017 )
( SP_A 20.000000 20.000000 )
( SP_alpha 1.000000 1.000000 )
( SigmoidMax 1.000000 1.000000 )
( SigmoidMin -0.118850 -0.540419 )
( SigmoidScale 0.001800 1.393775 )

Time spent on saving the results, applying the final transform etc.: 650 ms.
Running elastix with parameter file 0: "/Users/tischi/Documents/fiji-registration/example-data/3d-embryo-signedInt-issue--fiji/elastix-parameters.txt", has finished.


Current time: Mon Mar 13 11:14:22 2017.
Time used for running elastix with this parameter file:
  5.3s.

-------------------------------------------------------------------------

Total time elapsed: 5.3s.

