
elastix is started at Mon Mar 13 11:14:10 2017.

which elastix:   /Users/tischi/Downloads/elastix_macosx64_v4.8/bin/elastix
elastix runs at: ChristiansAir2.pool.embl.de
  Mac OS X 10.10.5 (x64), 14F1912
  with 4096 MB memory, and 2 cores @ 1700 MHz.
-------------------------------------------------------------------------

Running elastix with parameter file 0: "/Users/tischi/Documents/fiji-registration/example-data/3d-embryo-signedInt-issue--fiji/elastix-parameters.txt".

Current time: Mon Mar 13 11:14:10 2017.
Reading the elastix parameters from file ...

Unsupported -priority value. Specify one of <high, abovenormal, normal, belownormal, idle, ''>.
Installing all components.
InstallingComponents was successful.

ERROR: OpenCL-enabled device is not present!
OpenCL processing is disabled.
ELASTIX version: 4.800
Command line options from ElastixBase:
-f        /Users/tischi/Documents/fiji-registration/example-data/3d-embryo-signedInt-issue/15-08-19_H2BLuVeLuE65-2views_1_G1_Average_E1_ch0_t000.tif
-m        /Users/tischi/Documents/fiji-registration/example-data/3d-embryo-signedInt-issue/15-08-19_H2BLuVeLuE65-2views_1_G1_Average_E1_ch0_t000.tif
-fMask    unspecified, so no fixed mask used
-mMask    unspecified, so no moving mask used
-out      /Users/tischi/Documents/fiji-registration/example-data/3d-embryo-signedInt-issue--fiji/
-p        /Users/tischi/Documents/fiji-registration/example-data/3d-embryo-signedInt-issue--fiji/elastix-parameters.txt
-threads  unspecified, so all available threads are used
Command line options from TransformBase:
-t0       unspecified, so no initial transform used

=============== start of ParameterFile: /Users/tischi/Documents/fiji-registration/example-data/3d-embryo-signedInt-issue--fiji/elastix-parameters.txt ===============
(Transform "TranslationTransform")
(Registration "MultiResolutionRegistration")
(NumberOfResolutions 2)
(ImagePyramidSchedule 10 10 10 1 1 1 )
(MaximumNumberOfIterations 300)
(NumberOfSpatialSamples 3000)
(DefaultPixelValue 40000.0)
(WriteTransformParametersEachIteration "false")
(WriteTransformParametersEachResolution "false")
(WriteResultImageAfterEachResolution "false")
(WritePyramidImagesAfterEachResolution "false")
(FixedInternalImagePixelType "float")
(MovingInternalImagePixelType "float")
(UseDirectionCosines "false")
(Interpolator "LinearInterpolator")
(ResampleInterpolator "FinalLinearInterpolator")
(Resampler "DefaultResampler")
(FixedImagePyramid "FixedSmoothingImagePyramid")
(MovingImagePyramid "MovingSmoothingImagePyramid")
(Optimizer "AdaptiveStochasticGradientDescent")
(AutomaticParameterEstimation "true")
(MaximumStepLength 1)
(Metric "AdvancedMeanSquares")
(AutomaticScalesEstimation "true")
(AutomaticTransformInitialization "true")
(AutomaticTransformInitializationMethod "CenterOfGravity")
(HowToCombineTransforms "Compose")
(NumberOfHistogramBins 32)
(ErodeMask "false")
(NewSamplesEveryIteration "true")
(ImageSampler "RandomCoordinate")
(BSplineInterpolationOrder 1)
(FinalBSplineInterpolationOrder 3)
(WriteResultImage "true")
(ResultImagePixelType "short")
(ResultImageFormat "h5")


=============== end of ParameterFile: /Users/tischi/Documents/fiji-registration/example-data/3d-embryo-signedInt-issue--fiji/elastix-parameters.txt ===============


Reading images...
Reading images took 199 ms.

Transform parameters are initialized as: [0, 0, 0]
Initialization of all components (before registration) took: 478 ms.
Preparation of the image pyramids took: 1549 ms.

Resolution: 0
WARNING: The parameter "ShowExactMetricValue", requested at entry number 0, does not exist at all.
  The default value "false" is used instead.
WARNING: The parameter "CheckNumberOfSamples", requested at entry number 0, does not exist at all.
  The default value "true" is used instead.
Setting the fixed masks took: 0 ms.
Setting the moving masks took: 0 ms.
WARNING: The parameter "FixedImageBSplineInterpolationOrder", requested at entry number 0, does not exist at all.
  The default value "1" is used instead.
WARNING: The parameter "UseRandomSampleRegion", requested at entry number 0, does not exist at all.
  The default value "false" is used instead.
WARNING: The parameter "UseNormalization", requested at entry number 0, does not exist at all.
  The default value "false" is used instead.
WARNING: The parameter "NumberOfSamplesForSelfHessian", requested at entry number 0, does not exist at all.
  The default value "100000" is used instead.
WARNING: The parameter "SelfHessianSmoothingSigma", requested at entry number 0, does not exist at all.
  The default value "1" is used instead.
WARNING: The parameter "SelfHessianNoiseRange", requested at entry number 0, does not exist at all.
  The default value "1" is used instead.
WARNING: The parameter "SP_A", requested at entry number 0, does not exist at all.
  The default value "20" is used instead.
WARNING: The parameter "MaximumNumberOfSamplingAttempts", requested at entry number 0, does not exist at all.
  The default value "0" is used instead.
WARNING: The parameter "SigmoidInitialTime", requested at entry number 0, does not exist at all.
  The default value "0" is used instead.
WARNING: The parameter "MaxBandCovSize", requested at entry number 0, does not exist at all.
  The default value "192" is used instead.
WARNING: The parameter "NumberOfBandStructureSamples", requested at entry number 0, does not exist at all.
  The default value "10" is used instead.
WARNING: The parameter "UseAdaptiveStepSizes", requested at entry number 0, does not exist at all.
  The default value "true" is used instead.
WARNING: The parameter "NumberOfGradientMeasurements", requested at entry number 0, does not exist at all.
  The default value "0" is used instead.
WARNING: The parameter "NumberOfJacobianMeasurements", requested at entry number 0, does not exist at all.
  The default value "1000" is used instead.
WARNING: The parameter "NumberOfSamplesForExactGradient", requested at entry number 0, does not exist at all.
  The default value "100000" is used instead.
WARNING: The parameter "SigmoidScaleFactor", requested at entry number 0, does not exist at all.
  The default value "0.1" is used instead.
Elastix initialization of all components (for this resolution) took: 6 ms.
Initialization of AdvancedMeanSquares metric took: 0 ms.
Starting automatic parameter estimation for AdaptiveStochasticGradientDescent ...
WARNING: The parameter "ASGDParameterEstimationMethod", requested at entry number 0, does not exist at all.
  The default value "Original" is used instead.
  Computing JacobianTerms ...
  Computing the Jacobian terms took 0.003202s
  NumberOfGradientMeasurements to estimate sigma_i: 11
  Sampling gradients ...
  Sampling the gradients took 0.529605s
Automatic parameter estimation took 0.53s
1:ItNr	2:Metric	3a:Time	3b:StepSize	4:||Gradient||	Time[ms]
0	0.000000	0.000000	1.385393	0.000000	534.8
1	0.000000	0.000000	1.385393	0.000000	2.1
2	0.000000	0.000000	1.385393	0.000000	2.1
3	0.000000	0.000000	1.385393	0.000000	2.1
4	0.000000	0.000000	1.385393	0.000000	2.1
5	0.000000	0.000000	1.385393	0.000000	2.1
6	0.000000	0.000000	1.385393	0.000000	2.1
7	0.000000	0.000000	1.385393	0.000000	2.0
8	0.000000	0.000000	1.385393	0.000000	2.1
9	0.000000	0.000000	1.385393	0.000000	2.1
10	0.000000	0.000000	1.385393	0.000000	2.1
11	0.000000	0.000000	1.385393	0.000000	2.0
12	0.000000	0.000000	1.385393	0.000000	2.0
13	0.000000	0.000000	1.385393	0.000000	2.2
14	0.000000	0.000000	1.385393	0.000000	2.1
15	0.000000	0.000000	1.385393	0.000000	2.1
16	0.000000	0.000000	1.385393	0.000000	2.1
17	0.000000	0.000000	1.385393	0.000000	2.1
18	0.000000	0.000000	1.385393	0.000000	2.1
19	0.000000	0.000000	1.385393	0.000000	2.0
20	0.000000	0.000000	1.385393	0.000000	2.1
21	0.000000	0.000000	1.385393	0.000000	2.0
22	0.000000	0.000000	1.385393	0.000000	2.1
23	0.000000	0.000000	1.385393	0.000000	2.0
24	0.000000	0.000000	1.385393	0.000000	2.1
25	0.000000	0.000000	1.385393	0.000000	2.1
26	0.000000	0.000000	1.385393	0.000000	2.1
27	0.000000	0.000000	1.385393	0.000000	2.0
28	0.000000	0.000000	1.385393	0.000000	2.0
29	0.000000	0.000000	1.385393	0.000000	2.0
30	0.000000	0.000000	1.385393	0.000000	2.0
31	0.000000	0.000000	1.385393	0.000000	2.1
32	0.000000	0.000000	1.385393	0.000000	2.1
33	0.000000	0.000000	1.385393	0.000000	2.0
34	0.000000	0.000000	1.385393	0.000000	2.1
35	0.000000	0.000000	1.385393	0.000000	2.0
36	0.000000	0.000000	1.385393	0.000000	2.0
37	0.000000	0.000000	1.385393	0.000000	2.0
38	0.000000	0.000000	1.385393	0.000000	2.0
39	0.000000	0.000000	1.385393	0.000000	2.2
40	0.000000	0.000000	1.385393	0.000000	2.0
41	0.000000	0.000000	1.385393	0.000000	2.1
42	0.000000	0.000000	1.385393	0.000000	2.1
43	0.000000	0.000000	1.385393	0.000000	2.0
44	0.000000	0.000000	1.385393	0.000000	2.1
45	0.000000	0.000000	1.385393	0.000000	2.1
46	0.000000	0.000000	1.385393	0.000000	2.1
47	0.000000	0.000000	1.385393	0.000000	2.0
48	0.000000	0.000000	1.385393	0.000000	2.1
49	0.000000	0.000000	1.385393	0.000000	2.1
50	0.000000	0.000000	1.385393	0.000000	2.0
51	0.000000	0.000000	1.385393	0.000000	2.0
52	0.000000	0.000000	1.385393	0.000000	2.1
53	0.000000	0.000000	1.385393	0.000000	2.1
54	0.000000	0.000000	1.385393	0.000000	2.1
55	0.000000	0.000000	1.385393	0.000000	2.0
56	0.000000	0.000000	1.385393	0.000000	2.1
57	0.000000	0.000000	1.385393	0.000000	2.1
58	0.000000	0.000000	1.385393	0.000000	2.1
59	0.000000	0.000000	1.385393	0.000000	2.0
60	0.000000	0.000000	1.385393	0.000000	2.0
61	0.000000	0.000000	1.385393	0.000000	2.0
62	0.000000	0.000000	1.385393	0.000000	2.1
63	0.000000	0.000000	1.385393	0.000000	2.0
64	0.000000	0.000000	1.385393	0.000000	2.1
65	0.000000	0.000000	1.385393	0.000000	2.0
66	0.000000	0.000000	1.385393	0.000000	2.1
67	0.000000	0.000000	1.385393	0.000000	2.1
68	0.000000	0.000000	1.385393	0.000000	2.1
69	0.000000	0.000000	1.385393	0.000000	2.1
70	0.000000	0.000000	1.385393	0.000000	2.4
71	0.000000	0.000000	1.385393	0.000000	2.1
72	0.000000	0.000000	1.385393	0.000000	2.0
73	0.000000	0.000000	1.385393	0.000000	2.2
74	0.000000	0.000000	1.385393	0.000000	2.2
75	0.000000	0.000000	1.385393	0.000000	2.0
76	0.000000	0.000000	1.385393	0.000000	2.0
77	0.000000	0.000000	1.385393	0.000000	2.1
78	0.000000	0.000000	1.385393	0.000000	2.1
79	0.000000	0.000000	1.385393	0.000000	2.1
80	0.000000	0.000000	1.385393	0.000000	2.0
81	0.000000	0.000000	1.385393	0.000000	2.0
82	0.000000	0.000000	1.385393	0.000000	2.0
83	0.000000	0.000000	1.385393	0.000000	2.1
84	0.000000	0.000000	1.385393	0.000000	2.2
85	0.000000	0.000000	1.385393	0.000000	2.8
86	0.000000	0.000000	1.385393	0.000000	2.1
87	0.000000	0.000000	1.385393	0.000000	2.5
88	0.000000	0.000000	1.385393	0.000000	2.5
89	0.000000	0.000000	1.385393	0.000000	2.1
90	0.000000	0.000000	1.385393	0.000000	2.0
91	0.000000	0.000000	1.385393	0.000000	2.0
92	0.000000	0.000000	1.385393	0.000000	2.1
93	0.000000	0.000000	1.385393	0.000000	2.0
94	0.000000	0.000000	1.385393	0.000000	2.0
95	0.000000	0.000000	1.385393	0.000000	2.1
96	0.000000	0.000000	1.385393	0.000000	2.0
97	0.000000	0.000000	1.385393	0.000000	2.1
98	0.000000	0.000000	1.385393	0.000000	2.1
99	0.000000	0.000000	1.385393	0.000000	2.1
100	0.000000	0.000000	1.385393	0.000000	2.1
101	0.000000	0.000000	1.385393	0.000000	2.0
102	0.000000	0.000000	1.385393	0.000000	2.1
103	0.000000	0.000000	1.385393	0.000000	2.1
104	0.000000	0.000000	1.385393	0.000000	2.0
105	0.000000	0.000000	1.385393	0.000000	2.0
106	0.000000	0.000000	1.385393	0.000000	2.0
107	0.000000	0.000000	1.385393	0.000000	2.0
108	0.000000	0.000000	1.385393	0.000000	2.2
109	0.000000	0.000000	1.385393	0.000000	2.0
110	0.000000	0.000000	1.385393	0.000000	2.1
111	0.000000	0.000000	1.385393	0.000000	2.1
112	0.000000	0.000000	1.385393	0.000000	2.1
113	0.000000	0.000000	1.385393	0.000000	2.1
114	0.000000	0.000000	1.385393	0.000000	2.0
115	0.000000	0.000000	1.385393	0.000000	2.1
116	0.000000	0.000000	1.385393	0.000000	2.0
117	0.000000	0.000000	1.385393	0.000000	2.1
118	0.000000	0.000000	1.385393	0.000000	2.2
119	0.000000	0.000000	1.385393	0.000000	2.1
120	0.000000	0.000000	1.385393	0.000000	2.1
121	0.000000	0.000000	1.385393	0.000000	2.1
122	0.000000	0.000000	1.385393	0.000000	2.0
123	0.000000	0.000000	1.385393	0.000000	2.2
124	0.000000	0.000000	1.385393	0.000000	2.0
125	0.000000	0.000000	1.385393	0.000000	2.0
126	0.000000	0.000000	1.385393	0.000000	2.0
127	0.000000	0.000000	1.385393	0.000000	2.1
128	0.000000	0.000000	1.385393	0.000000	2.1
129	0.000000	0.000000	1.385393	0.000000	2.0
130	0.000000	0.000000	1.385393	0.000000	2.0
131	0.000000	0.000000	1.385393	0.000000	2.1
132	0.000000	0.000000	1.385393	0.000000	2.1
133	0.000000	0.000000	1.385393	0.000000	2.1
134	0.000000	0.000000	1.385393	0.000000	2.0
135	0.000000	0.000000	1.385393	0.000000	2.0
136	0.000000	0.000000	1.385393	0.000000	2.0
137	0.000000	0.000000	1.385393	0.000000	2.1
138	0.000000	0.000000	1.385393	0.000000	2.1
139	0.000000	0.000000	1.385393	0.000000	2.0
140	0.000000	0.000000	1.385393	0.000000	2.1
141	0.000000	0.000000	1.385393	0.000000	2.1
142	0.000000	0.000000	1.385393	0.000000	2.2
143	0.000000	0.000000	1.385393	0.000000	2.1
144	0.000000	0.000000	1.385393	0.000000	2.1
145	0.000000	0.000000	1.385393	0.000000	2.1
146	0.000000	0.000000	1.385393	0.000000	2.1
147	0.000000	0.000000	1.385393	0.000000	2.1
148	0.000000	0.000000	1.385393	0.000000	2.1
149	0.000000	0.000000	1.385393	0.000000	2.0
150	0.000000	0.000000	1.385393	0.000000	2.1
151	0.000000	0.000000	1.385393	0.000000	2.1
152	0.000000	0.000000	1.385393	0.000000	2.0
153	0.000000	0.000000	1.385393	0.000000	2.0
154	0.000000	0.000000	1.385393	0.000000	2.1
155	0.000000	0.000000	1.385393	0.000000	2.1
156	0.000000	0.000000	1.385393	0.000000	2.0
157	0.000000	0.000000	1.385393	0.000000	2.0
158	0.000000	0.000000	1.385393	0.000000	2.2
159	0.000000	0.000000	1.385393	0.000000	2.6
160	0.000000	0.000000	1.385393	0.000000	2.9
161	0.000000	0.000000	1.385393	0.000000	2.1
162	0.000000	0.000000	1.385393	0.000000	2.1
163	0.000000	0.000000	1.385393	0.000000	2.1
164	0.000000	0.000000	1.385393	0.000000	2.1
165	0.000000	0.000000	1.385393	0.000000	2.0
166	0.000000	0.000000	1.385393	0.000000	2.1
167	0.000000	0.000000	1.385393	0.000000	2.0
168	0.000000	0.000000	1.385393	0.000000	2.1
169	0.000000	0.000000	1.385393	0.000000	2.0
170	0.000000	0.000000	1.385393	0.000000	2.1
171	0.000000	0.000000	1.385393	0.000000	2.0
172	0.000000	0.000000	1.385393	0.000000	2.1
173	0.000000	0.000000	1.385393	0.000000	2.1
174	0.000000	0.000000	1.385393	0.000000	2.1
175	0.000000	0.000000	1.385393	0.000000	2.1
176	0.000000	0.000000	1.385393	0.000000	2.0
177	0.000000	0.000000	1.385393	0.000000	2.1
178	0.000000	0.000000	1.385393	0.000000	2.1
179	0.000000	0.000000	1.385393	0.000000	2.3
180	0.000000	0.000000	1.385393	0.000000	2.1
181	0.000000	0.000000	1.385393	0.000000	2.0
182	0.000000	0.000000	1.385393	0.000000	2.0
183	0.000000	0.000000	1.385393	0.000000	2.1
184	0.000000	0.000000	1.385393	0.000000	2.1
185	0.000000	0.000000	1.385393	0.000000	2.0
186	0.000000	0.000000	1.385393	0.000000	2.0
187	0.000000	0.000000	1.385393	0.000000	2.1
188	0.000000	0.000000	1.385393	0.000000	2.1
189	0.000000	0.000000	1.385393	0.000000	2.1
190	0.000000	0.000000	1.385393	0.000000	2.2
191	0.000000	0.000000	1.385393	0.000000	2.6
192	0.000000	0.000000	1.385393	0.000000	2.1
193	0.000000	0.000000	1.385393	0.000000	2.1
194	0.000000	0.000000	1.385393	0.000000	2.5
195	0.000000	0.000000	1.385393	0.000000	2.4
196	0.000000	0.000000	1.385393	0.000000	2.0
197	0.000000	0.000000	1.385393	0.000000	2.1
198	0.000000	0.000000	1.385393	0.000000	2.1
199	0.000000	0.000000	1.385393	0.000000	2.1
200	0.000000	0.000000	1.385393	0.000000	2.0
201	0.000000	0.000000	1.385393	0.000000	2.1
202	0.000000	0.000000	1.385393	0.000000	2.1
203	0.000000	0.000000	1.385393	0.000000	2.0
204	0.000000	0.000000	1.385393	0.000000	2.0
205	0.000000	0.000000	1.385393	0.000000	2.1
206	0.000000	0.000000	1.385393	0.000000	2.1
207	0.000000	0.000000	1.385393	0.000000	2.1
208	0.000000	0.000000	1.385393	0.000000	2.0
209	0.000000	0.000000	1.385393	0.000000	2.1
210	0.000000	0.000000	1.385393	0.000000	2.0
211	0.000000	0.000000	1.385393	0.000000	2.0
212	0.000000	0.000000	1.385393	0.000000	2.1
213	0.000000	0.000000	1.385393	0.000000	2.1
214	0.000000	0.000000	1.385393	0.000000	2.1
215	0.000000	0.000000	1.385393	0.000000	2.1
216	0.000000	0.000000	1.385393	0.000000	2.1
217	0.000000	0.000000	1.385393	0.000000	2.1
218	0.000000	0.000000	1.385393	0.000000	2.1
219	0.000000	0.000000	1.385393	0.000000	2.0
220	0.000000	0.000000	1.385393	0.000000	2.0
221	0.000000	0.000000	1.385393	0.000000	2.1
222	0.000000	0.000000	1.385393	0.000000	2.0
223	0.000000	0.000000	1.385393	0.000000	2.1
224	0.000000	0.000000	1.385393	0.000000	2.0
225	0.000000	0.000000	1.385393	0.000000	2.1
226	0.000000	0.000000	1.385393	0.000000	2.0
227	0.000000	0.000000	1.385393	0.000000	2.0
228	0.000000	0.000000	1.385393	0.000000	2.1
229	0.000000	0.000000	1.385393	0.000000	2.0
230	0.000000	0.000000	1.385393	0.000000	2.0
231	0.000000	0.000000	1.385393	0.000000	2.0
232	0.000000	0.000000	1.385393	0.000000	2.1
233	0.000000	0.000000	1.385393	0.000000	2.1
234	0.000000	0.000000	1.385393	0.000000	2.0
235	0.000000	0.000000	1.385393	0.000000	2.0
236	0.000000	0.000000	1.385393	0.000000	2.1
237	0.000000	0.000000	1.385393	0.000000	2.1
238	0.000000	0.000000	1.385393	0.000000	2.1
239	0.000000	0.000000	1.385393	0.000000	2.1
240	0.000000	0.000000	1.385393	0.000000	2.0
241	0.000000	0.000000	1.385393	0.000000	2.1
242	0.000000	0.000000	1.385393	0.000000	2.1
243	0.000000	0.000000	1.385393	0.000000	2.0
244	0.000000	0.000000	1.385393	0.000000	2.2
245	0.000000	0.000000	1.385393	0.000000	2.1
246	0.000000	0.000000	1.385393	0.000000	2.1
247	0.000000	0.000000	1.385393	0.000000	2.1
248	0.000000	0.000000	1.385393	0.000000	2.0
249	0.000000	0.000000	1.385393	0.000000	2.1
250	0.000000	0.000000	1.385393	0.000000	2.1
251	0.000000	0.000000	1.385393	0.000000	2.1
252	0.000000	0.000000	1.385393	0.000000	2.1
253	0.000000	0.000000	1.385393	0.000000	2.1
254	0.000000	0.000000	1.385393	0.000000	2.1
255	0.000000	0.000000	1.385393	0.000000	2.0
256	0.000000	0.000000	1.385393	0.000000	2.0
257	0.000000	0.000000	1.385393	0.000000	2.1
258	0.000000	0.000000	1.385393	0.000000	2.0
259	0.000000	0.000000	1.385393	0.000000	2.0
260	0.000000	0.000000	1.385393	0.000000	2.0
261	0.000000	0.000000	1.385393	0.000000	2.0
262	0.000000	0.000000	1.385393	0.000000	2.3
263	0.000000	0.000000	1.385393	0.000000	2.3
264	0.000000	0.000000	1.385393	0.000000	2.3
265	0.000000	0.000000	1.385393	0.000000	2.1
266	0.000000	0.000000	1.385393	0.000000	2.1
267	0.000000	0.000000	1.385393	0.000000	2.1
268	0.000000	0.000000	1.385393	0.000000	2.1
269	0.000000	0.000000	1.385393	0.000000	2.1
270	0.000000	0.000000	1.385393	0.000000	2.0
271	0.000000	0.000000	1.385393	0.000000	2.1
272	0.000000	0.000000	1.385393	0.000000	2.1
273	0.000000	0.000000	1.385393	0.000000	2.1
274	0.000000	0.000000	1.385393	0.000000	2.1
275	0.000000	0.000000	1.385393	0.000000	2.0
276	0.000000	0.000000	1.385393	0.000000	2.1
277	0.000000	0.000000	1.385393	0.000000	2.1
278	0.000000	0.000000	1.385393	0.000000	2.1
279	0.000000	0.000000	1.385393	0.000000	2.0
280	0.000000	0.000000	1.385393	0.000000	2.0
281	0.000000	0.000000	1.385393	0.000000	2.1
282	0.000000	0.000000	1.385393	0.000000	2.1
283	0.000000	0.000000	1.385393	0.000000	2.0
284	0.000000	0.000000	1.385393	0.000000	2.1
285	0.000000	0.000000	1.385393	0.000000	2.1
286	0.000000	0.000000	1.385393	0.000000	2.1
287	0.000000	0.000000	1.385393	0.000000	2.1
288	0.000000	0.000000	1.385393	0.000000	2.1
289	0.000000	0.000000	1.385393	0.000000	2.1
290	0.000000	0.000000	1.385393	0.000000	2.0
291	0.000000	0.000000	1.385393	0.000000	2.0
292	0.000000	0.000000	1.385393	0.000000	2.1
293	0.000000	0.000000	1.385393	0.000000	2.1
294	0.000000	0.000000	1.385393	0.000000	2.0
295	0.000000	0.000000	1.385393	0.000000	2.0
296	0.000000	0.000000	1.385393	0.000000	2.1
297	0.000000	0.000000	1.385393	0.000000	2.0
298	0.000000	0.000000	1.385393	0.000000	2.1
299	0.000000	0.000000	1.385393	0.000000	2.2
Time spent in resolution 0 (ITK initialization and iterating): 1.189 s.
Stopping condition: Maximum number of iterations has been reached.
Settings of AdaptiveStochasticGradientDescent in resolution 0:
( SP_a 29.093259 )
( SP_A 20.000000 )
( SP_alpha 1.000000 )
( SigmoidMax 1.000000 )
( SigmoidMin -0.046734 )
( SigmoidScale 0.000374 )


Resolution: 1
WARNING: The parameter "ShowExactMetricValue", requested at entry number 1, does not exist at all.
  The default value "false" is used instead.
WARNING: The parameter "CheckNumberOfSamples", requested at entry number 1, does not exist at all.
  The default value "true" is used instead.
Setting the fixed masks took: 0 ms.
Setting the moving masks took: 0 ms.
WARNING: The parameter "FixedImageBSplineInterpolationOrder", requested at entry number 1, does not exist at all.
  The default value "1" is used instead.
WARNING: The parameter "UseRandomSampleRegion", requested at entry number 1, does not exist at all.
  The default value "false" is used instead.
WARNING: The parameter "UseNormalization", requested at entry number 1, does not exist at all.
  The default value "false" is used instead.
WARNING: The parameter "NumberOfSamplesForSelfHessian", requested at entry number 1, does not exist at all.
  The default value "100000" is used instead.
WARNING: The parameter "SelfHessianSmoothingSigma", requested at entry number 1, does not exist at all.
  The default value "1" is used instead.
WARNING: The parameter "SelfHessianNoiseRange", requested at entry number 1, does not exist at all.
  The default value "1" is used instead.
WARNING: The parameter "SP_A", requested at entry number 1, does not exist at all.
  The default value "20" is used instead.
WARNING: The parameter "MaximumNumberOfSamplingAttempts", requested at entry number 1, does not exist at all.
  The default value "0" is used instead.
WARNING: The parameter "SigmoidInitialTime", requested at entry number 1, does not exist at all.
  The default value "0" is used instead.
WARNING: The parameter "MaxBandCovSize", requested at entry number 1, does not exist at all.
  The default value "192" is used instead.
WARNING: The parameter "NumberOfBandStructureSamples", requested at entry number 1, does not exist at all.
  The default value "10" is used instead.
WARNING: The parameter "UseAdaptiveStepSizes", requested at entry number 1, does not exist at all.
  The default value "true" is used instead.
WARNING: The parameter "NumberOfGradientMeasurements", requested at entry number 1, does not exist at all.
  The default value "0" is used instead.
WARNING: The parameter "NumberOfJacobianMeasurements", requested at entry number 1, does not exist at all.
  The default value "1000" is used instead.
WARNING: The parameter "NumberOfSamplesForExactGradient", requested at entry number 1, does not exist at all.
  The default value "100000" is used instead.
WARNING: The parameter "SigmoidScaleFactor", requested at entry number 1, does not exist at all.
  The default value "0.1" is used instead.
Elastix initialization of all components (for this resolution) took: 1 ms.
Initialization of AdvancedMeanSquares metric took: 0 ms.
Starting automatic parameter estimation for AdaptiveStochasticGradientDescent ...
WARNING: The parameter "ASGDParameterEstimationMethod", requested at entry number 0, does not exist at all.
  The default value "Original" is used instead.
  Computing JacobianTerms ...
  Computing the Jacobian terms took 0.001359s
  NumberOfGradientMeasurements to estimate sigma_i: 11
  Sampling gradients ...
  Sampling the gradients took 0.475899s
Automatic parameter estimation took 0.48s
1:ItNr	2:Metric	3a:Time	3b:StepSize	4:||Gradient||	Time[ms]
0	0.000000	0.000000	0.070679	0.000000	478.9
1	0.000000	0.000000	0.070679	0.000000	2.1
2	0.000000	0.000000	0.070679	0.000000	2.0
3	0.000000	0.000000	0.070679	0.000000	2.0
4	0.000000	0.000000	0.070679	0.000000	2.0
5	0.000000	0.000000	0.070679	0.000000	2.0
6	0.000000	0.000000	0.070679	0.000000	2.1
7	0.000000	0.000000	0.070679	0.000000	2.0
8	0.000000	0.000000	0.070679	0.000000	2.1
9	0.000000	0.000000	0.070679	0.000000	2.1
10	0.000000	0.000000	0.070679	0.000000	2.2
11	0.000000	0.000000	0.070679	0.000000	2.0
12	0.000000	0.000000	0.070679	0.000000	2.1
13	0.000000	0.000000	0.070679	0.000000	2.1
14	0.000000	0.000000	0.070679	0.000000	2.1
15	0.000000	0.000000	0.070679	0.000000	2.0
16	0.000000	0.000000	0.070679	0.000000	2.0
17	0.000000	0.000000	0.070679	0.000000	2.0
18	0.000000	0.000000	0.070679	0.000000	2.0
19	0.000000	0.000000	0.070679	0.000000	2.0
20	0.000000	0.000000	0.070679	0.000000	2.0
21	0.000000	0.000000	0.070679	0.000000	2.0
22	0.000000	0.000000	0.070679	0.000000	2.0
23	0.000000	0.000000	0.070679	0.000000	2.0
24	0.000000	0.000000	0.070679	0.000000	2.0
25	0.000000	0.000000	0.070679	0.000000	2.0
26	0.000000	0.000000	0.070679	0.000000	2.0
27	0.000000	0.000000	0.070679	0.000000	2.1
28	0.000000	0.000000	0.070679	0.000000	2.0
29	0.000000	0.000000	0.070679	0.000000	2.0
30	0.000000	0.000000	0.070679	0.000000	2.0
31	0.000000	0.000000	0.070679	0.000000	2.0
32	0.000000	0.000000	0.070679	0.000000	2.0
33	0.000000	0.000000	0.070679	0.000000	2.0
34	0.000000	0.000000	0.070679	0.000000	2.0
35	0.000000	0.000000	0.070679	0.000000	2.1
36	0.000000	0.000000	0.070679	0.000000	2.1
37	0.000000	0.000000	0.070679	0.000000	2.1
38	0.000000	0.000000	0.070679	0.000000	2.0
39	0.000000	0.000000	0.070679	0.000000	2.0
40	0.000000	0.000000	0.070679	0.000000	2.0
41	0.000000	0.000000	0.070679	0.000000	2.0
42	0.000000	0.000000	0.070679	0.000000	2.0
43	0.000000	0.000000	0.070679	0.000000	2.0
44	0.000000	0.000000	0.070679	0.000000	2.1
45	0.000000	0.000000	0.070679	0.000000	2.0
46	0.000000	0.000000	0.070679	0.000000	2.0
47	0.000000	0.000000	0.070679	0.000000	2.0
48	0.000000	0.000000	0.070679	0.000000	2.0
49	0.000000	0.000000	0.070679	0.000000	2.1
50	0.000000	0.000000	0.070679	0.000000	2.0
51	0.000000	0.000000	0.070679	0.000000	2.0
52	0.000000	0.000000	0.070679	0.000000	2.0
53	0.000000	0.000000	0.070679	0.000000	2.0
54	0.000000	0.000000	0.070679	0.000000	2.0
55	0.000000	0.000000	0.070679	0.000000	2.0
56	0.000000	0.000000	0.070679	0.000000	2.1
57	0.000000	0.000000	0.070679	0.000000	2.0
58	0.000000	0.000000	0.070679	0.000000	2.0
59	0.000000	0.000000	0.070679	0.000000	2.0
60	0.000000	0.000000	0.070679	0.000000	2.0
61	0.000000	0.000000	0.070679	0.000000	2.0
62	0.000000	0.000000	0.070679	0.000000	2.1
63	0.000000	0.000000	0.070679	0.000000	2.0
64	0.000000	0.000000	0.070679	0.000000	2.0
65	0.000000	0.000000	0.070679	0.000000	2.0
66	0.000000	0.000000	0.070679	0.000000	2.0
67	0.000000	0.000000	0.070679	0.000000	2.0
68	0.000000	0.000000	0.070679	0.000000	2.0
69	0.000000	0.000000	0.070679	0.000000	2.1
70	0.000000	0.000000	0.070679	0.000000	2.1
71	0.000000	0.000000	0.070679	0.000000	2.1
72	0.000000	0.000000	0.070679	0.000000	2.1
73	0.000000	0.000000	0.070679	0.000000	2.1
74	0.000000	0.000000	0.070679	0.000000	2.0
75	0.000000	0.000000	0.070679	0.000000	2.0
76	0.000000	0.000000	0.070679	0.000000	2.0
77	0.000000	0.000000	0.070679	0.000000	2.0
78	0.000000	0.000000	0.070679	0.000000	2.0
79	0.000000	0.000000	0.070679	0.000000	2.0
80	0.000000	0.000000	0.070679	0.000000	2.0
81	0.000000	0.000000	0.070679	0.000000	2.0
82	0.000000	0.000000	0.070679	0.000000	2.1
83	0.000000	0.000000	0.070679	0.000000	2.1
84	0.000000	0.000000	0.070679	0.000000	2.0
85	0.000000	0.000000	0.070679	0.000000	2.0
86	0.000000	0.000000	0.070679	0.000000	2.1
87	0.000000	0.000000	0.070679	0.000000	2.0
88	0.000000	0.000000	0.070679	0.000000	2.0
89	0.000000	0.000000	0.070679	0.000000	2.2
90	0.000000	0.000000	0.070679	0.000000	2.0
91	0.000000	0.000000	0.070679	0.000000	2.1
92	0.000000	0.000000	0.070679	0.000000	2.1
93	0.000000	0.000000	0.070679	0.000000	2.0
94	0.000000	0.000000	0.070679	0.000000	2.0
95	0.000000	0.000000	0.070679	0.000000	2.0
96	0.000000	0.000000	0.070679	0.000000	2.0
97	0.000000	0.000000	0.070679	0.000000	2.0
98	0.000000	0.000000	0.070679	0.000000	2.0
99	0.000000	0.000000	0.070679	0.000000	2.0
100	0.000000	0.000000	0.070679	0.000000	2.0
101	0.000000	0.000000	0.070679	0.000000	2.0
102	0.000000	0.000000	0.070679	0.000000	2.0
103	0.000000	0.000000	0.070679	0.000000	2.0
104	0.000000	0.000000	0.070679	0.000000	2.0
105	0.000000	0.000000	0.070679	0.000000	2.0
106	0.000000	0.000000	0.070679	0.000000	2.0
107	0.000000	0.000000	0.070679	0.000000	2.0
108	0.000000	0.000000	0.070679	0.000000	2.0
109	0.000000	0.000000	0.070679	0.000000	2.0
110	0.000000	0.000000	0.070679	0.000000	2.0
111	0.000000	0.000000	0.070679	0.000000	2.1
112	0.000000	0.000000	0.070679	0.000000	2.0
113	0.000000	0.000000	0.070679	0.000000	2.0
114	0.000000	0.000000	0.070679	0.000000	2.0
115	0.000000	0.000000	0.070679	0.000000	2.0
116	0.000000	0.000000	0.070679	0.000000	2.0
117	0.000000	0.000000	0.070679	0.000000	2.0
118	0.000000	0.000000	0.070679	0.000000	2.0
119	0.000000	0.000000	0.070679	0.000000	2.0
120	0.000000	0.000000	0.070679	0.000000	2.0
121	0.000000	0.000000	0.070679	0.000000	2.0
122	0.000000	0.000000	0.070679	0.000000	2.0
123	0.000000	0.000000	0.070679	0.000000	2.0
124	0.000000	0.000000	0.070679	0.000000	2.0
125	0.000000	0.000000	0.070679	0.000000	2.0
126	0.000000	0.000000	0.070679	0.000000	2.0
127	0.000000	0.000000	0.070679	0.000000	2.0
128	0.000000	0.000000	0.070679	0.000000	2.0
129	0.000000	0.000000	0.070679	0.000000	2.0
130	0.000000	0.000000	0.070679	0.000000	2.1
131	0.000000	0.000000	0.070679	0.000000	2.0
132	0.000000	0.000000	0.070679	0.000000	2.1
133	0.000000	0.000000	0.070679	0.000000	2.0
134	0.000000	0.000000	0.070679	0.000000	2.0
135	0.000000	0.000000	0.070679	0.000000	2.0
136	0.000000	0.000000	0.070679	0.000000	2.0
137	0.000000	0.000000	0.070679	0.000000	2.1
138	0.000000	0.000000	0.070679	0.000000	2.1
139	0.000000	0.000000	0.070679	0.000000	2.3
140	0.000000	0.000000	0.070679	0.000000	2.2
141	0.000000	0.000000	0.070679	0.000000	2.0
142	0.000000	0.000000	0.070679	0.000000	2.0
143	0.000000	0.000000	0.070679	0.000000	2.1
144	0.000000	0.000000	0.070679	0.000000	2.0
145	0.000000	0.000000	0.070679	0.000000	2.0
146	0.000000	0.000000	0.070679	0.000000	2.0
147	0.000000	0.000000	0.070679	0.000000	2.0
148	0.000000	0.000000	0.070679	0.000000	2.0
149	0.000000	0.000000	0.070679	0.000000	2.0
150	0.000000	0.000000	0.070679	0.000000	2.0
151	0.000000	0.000000	0.070679	0.000000	2.0
152	0.000000	0.000000	0.070679	0.000000	2.0
153	0.000000	0.000000	0.070679	0.000000	2.0
154	0.000000	0.000000	0.070679	0.000000	2.0
155	0.000000	0.000000	0.070679	0.000000	2.0
156	0.000000	0.000000	0.070679	0.000000	2.0
157	0.000000	0.000000	0.070679	0.000000	2.0
158	0.000000	0.000000	0.070679	0.000000	2.0
159	0.000000	0.000000	0.070679	0.000000	2.1
160	0.000000	0.000000	0.070679	0.000000	2.1
161	0.000000	0.000000	0.070679	0.000000	2.0
162	0.000000	0.000000	0.070679	0.000000	2.0
163	0.000000	0.000000	0.070679	0.000000	2.1
164	0.000000	0.000000	0.070679	0.000000	2.0
165	0.000000	0.000000	0.070679	0.000000	2.2
166	0.000000	0.000000	0.070679	0.000000	2.0
167	0.000000	0.000000	0.070679	0.000000	2.0
168	0.000000	0.000000	0.070679	0.000000	2.0
169	0.000000	0.000000	0.070679	0.000000	2.1
170	0.000000	0.000000	0.070679	0.000000	2.3
171	0.000000	0.000000	0.070679	0.000000	2.0
172	0.000000	0.000000	0.070679	0.000000	2.0
173	0.000000	0.000000	0.070679	0.000000	2.0
174	0.000000	0.000000	0.070679	0.000000	2.0
175	0.000000	0.000000	0.070679	0.000000	2.0
176	0.000000	0.000000	0.070679	0.000000	2.0
177	0.000000	0.000000	0.070679	0.000000	2.0
178	0.000000	0.000000	0.070679	0.000000	2.0
179	0.000000	0.000000	0.070679	0.000000	2.0
180	0.000000	0.000000	0.070679	0.000000	2.0
181	0.000000	0.000000	0.070679	0.000000	2.0
182	0.000000	0.000000	0.070679	0.000000	2.1
183	0.000000	0.000000	0.070679	0.000000	2.0
184	0.000000	0.000000	0.070679	0.000000	2.0
185	0.000000	0.000000	0.070679	0.000000	2.0
186	0.000000	0.000000	0.070679	0.000000	2.0
187	0.000000	0.000000	0.070679	0.000000	2.1
188	0.000000	0.000000	0.070679	0.000000	2.0
189	0.000000	0.000000	0.070679	0.000000	2.0
190	0.000000	0.000000	0.070679	0.000000	2.0
191	0.000000	0.000000	0.070679	0.000000	2.0
192	0.000000	0.000000	0.070679	0.000000	2.0
193	0.000000	0.000000	0.070679	0.000000	2.0
194	0.000000	0.000000	0.070679	0.000000	2.1
195	0.000000	0.000000	0.070679	0.000000	2.0
196	0.000000	0.000000	0.070679	0.000000	2.1
197	0.000000	0.000000	0.070679	0.000000	2.0
198	0.000000	0.000000	0.070679	0.000000	2.0
199	0.000000	0.000000	0.070679	0.000000	2.0
200	0.000000	0.000000	0.070679	0.000000	2.0
201	0.000000	0.000000	0.070679	0.000000	2.0
202	0.000000	0.000000	0.070679	0.000000	2.0
203	0.000000	0.000000	0.070679	0.000000	2.0
204	0.000000	0.000000	0.070679	0.000000	2.0
205	0.000000	0.000000	0.070679	0.000000	2.0
206	0.000000	0.000000	0.070679	0.000000	2.0
207	0.000000	0.000000	0.070679	0.000000	2.6
208	0.000000	0.000000	0.070679	0.000000	3.7
209	0.000000	0.000000	0.070679	0.000000	2.1
210	0.000000	0.000000	0.070679	0.000000	2.0
211	0.000000	0.000000	0.070679	0.000000	2.2
212	0.000000	0.000000	0.070679	0.000000	2.0
213	0.000000	0.000000	0.070679	0.000000	2.3
214	0.000000	0.000000	0.070679	0.000000	2.1
215	0.000000	0.000000	0.070679	0.000000	2.0
216	0.000000	0.000000	0.070679	0.000000	2.0
217	0.000000	0.000000	0.070679	0.000000	2.0
218	0.000000	0.000000	0.070679	0.000000	2.0
219	0.000000	0.000000	0.070679	0.000000	2.0
220	0.000000	0.000000	0.070679	0.000000	2.0
221	0.000000	0.000000	0.070679	0.000000	2.0
222	0.000000	0.000000	0.070679	0.000000	2.0
223	0.000000	0.000000	0.070679	0.000000	2.0
224	0.000000	0.000000	0.070679	0.000000	2.0
225	0.000000	0.000000	0.070679	0.000000	2.0
226	0.000000	0.000000	0.070679	0.000000	2.0
227	0.000000	0.000000	0.070679	0.000000	2.1
228	0.000000	0.000000	0.070679	0.000000	2.0
229	0.000000	0.000000	0.070679	0.000000	2.0
230	0.000000	0.000000	0.070679	0.000000	2.1
231	0.000000	0.000000	0.070679	0.000000	2.0
232	0.000000	0.000000	0.070679	0.000000	2.0
233	0.000000	0.000000	0.070679	0.000000	2.0
234	0.000000	0.000000	0.070679	0.000000	2.0
235	0.000000	0.000000	0.070679	0.000000	2.0
236	0.000000	0.000000	0.070679	0.000000	2.0
237	0.000000	0.000000	0.070679	0.000000	2.0
238	0.000000	0.000000	0.070679	0.000000	2.0
239	0.000000	0.000000	0.070679	0.000000	2.0
240	0.000000	0.000000	0.070679	0.000000	2.0
241	0.000000	0.000000	0.070679	0.000000	2.0
242	0.000000	0.000000	0.070679	0.000000	2.0
243	0.000000	0.000000	0.070679	0.000000	2.0
244	0.000000	0.000000	0.070679	0.000000	2.0
245	0.000000	0.000000	0.070679	0.000000	2.1
246	0.000000	0.000000	0.070679	0.000000	2.1
247	0.000000	0.000000	0.070679	0.000000	2.1
248	0.000000	0.000000	0.070679	0.000000	2.1
249	0.000000	0.000000	0.070679	0.000000	2.0
250	0.000000	0.000000	0.070679	0.000000	2.0
251	0.000000	0.000000	0.070679	0.000000	2.0
252	0.000000	0.000000	0.070679	0.000000	2.0
253	0.000000	0.000000	0.070679	0.000000	2.1
254	0.000000	0.000000	0.070679	0.000000	2.0
255	0.000000	0.000000	0.070679	0.000000	2.0
256	0.000000	0.000000	0.070679	0.000000	2.0
257	0.000000	0.000000	0.070679	0.000000	2.0
258	0.000000	0.000000	0.070679	0.000000	2.0
259	0.000000	0.000000	0.070679	0.000000	2.1
260	0.000000	0.000000	0.070679	0.000000	2.0
261	0.000000	0.000000	0.070679	0.000000	2.0
262	0.000000	0.000000	0.070679	0.000000	2.0
263	0.000000	0.000000	0.070679	0.000000	2.0
264	0.000000	0.000000	0.070679	0.000000	2.0
265	0.000000	0.000000	0.070679	0.000000	2.0
266	0.000000	0.000000	0.070679	0.000000	2.0
267	0.000000	0.000000	0.070679	0.000000	2.0
268	0.000000	0.000000	0.070679	0.000000	2.0
269	0.000000	0.000000	0.070679	0.000000	2.0
270	0.000000	0.000000	0.070679	0.000000	2.0
271	0.000000	0.000000	0.070679	0.000000	2.0
272	0.000000	0.000000	0.070679	0.000000	2.0
273	0.000000	0.000000	0.070679	0.000000	2.0
274	0.000000	0.000000	0.070679	0.000000	2.0
275	0.000000	0.000000	0.070679	0.000000	2.0
276	0.000000	0.000000	0.070679	0.000000	2.0
277	0.000000	0.000000	0.070679	0.000000	2.1
278	0.000000	0.000000	0.070679	0.000000	2.0
279	0.000000	0.000000	0.070679	0.000000	2.1
280	0.000000	0.000000	0.070679	0.000000	2.0
281	0.000000	0.000000	0.070679	0.000000	2.0
282	0.000000	0.000000	0.070679	0.000000	2.0
283	0.000000	0.000000	0.070679	0.000000	2.0
284	0.000000	0.000000	0.070679	0.000000	2.0
285	0.000000	0.000000	0.070679	0.000000	2.0
286	0.000000	0.000000	0.070679	0.000000	2.0
287	0.000000	0.000000	0.070679	0.000000	2.0
288	0.000000	0.000000	0.070679	0.000000	2.0
289	0.000000	0.000000	0.070679	0.000000	2.0
290	0.000000	0.000000	0.070679	0.000000	2.0
291	0.000000	0.000000	0.070679	0.000000	2.0
292	0.000000	0.000000	0.070679	0.000000	2.0
293	0.000000	0.000000	0.070679	0.000000	2.0
294	0.000000	0.000000	0.070679	0.000000	2.0
295	0.000000	0.000000	0.070679	0.000000	2.0
296	0.000000	0.000000	0.070679	0.000000	2.0
297	0.000000	0.000000	0.070679	0.000000	2.0
298	0.000000	0.000000	0.070679	0.000000	2.0
299	0.000000	0.000000	0.070679	0.000000	2.0
Time spent in resolution 1 (ITK initialization and iterating): 1.115 s.
Stopping condition: Maximum number of iterations has been reached.
Settings of AdaptiveStochasticGradientDescent in resolution 1:
( SP_a 1.484269 )
( SP_A 20.000000 )
( SP_alpha 1.000000 )
( SigmoidMax 1.000000 )
( SigmoidMin -0.141787 )
( SigmoidScale 0.463394 )



=============== start of TransformParameterFile ===============
(Transform "TranslationTransform")
(NumberOfParameters 3)
(TransformParameters 0.000000 0.000000 0.000000)
(InitialTransformParametersFileName "NoInitialTransform")
(HowToCombineTransforms "Compose")

// Image specific
(FixedImageDimension 3)
(MovingImageDimension 3)
(FixedInternalImagePixelType "float")
(MovingInternalImagePixelType "float")
(Size 250 250 131)
(Index 0 0 0)
(Spacing 1.0000000000 1.0000000000 1.0000000000)
(Origin 0.0000000000 0.0000000000 0.0000000000)
(Direction 1.0000000000 0.0000000000 0.0000000000 0.0000000000 1.0000000000 0.0000000000 0.0000000000 0.0000000000 1.0000000000)
(UseDirectionCosines "false")

// ResampleInterpolator specific
(ResampleInterpolator "FinalLinearInterpolator")

// Resampler specific
(Resampler "DefaultResampler")
(DefaultPixelValue 40000.000000)
(ResultImageFormat "h5")
(ResultImagePixelType "short")
(CompressResultImage "false")

=============== end of TransformParameterFile ===============

Registration result checksum: 2747386400

Applying final transform ...
  Applying final transform took 0.86s

Final metric value  = 0.000000
Settings of AdaptiveStochasticGradientDescent for all resolutions:
( SP_a 29.093259 1.484269 )
( SP_A 20.000000 20.000000 )
( SP_alpha 1.000000 1.000000 )
( SigmoidMax 1.000000 1.000000 )
( SigmoidMin -0.046734 -0.141787 )
( SigmoidScale 0.000374 0.463394 )

Time spent on saving the results, applying the final transform etc.: 861 ms.
Running elastix with parameter file 0: "/Users/tischi/Documents/fiji-registration/example-data/3d-embryo-signedInt-issue--fiji/elastix-parameters.txt", has finished.


Current time: Mon Mar 13 11:14:16 2017.
Time used for running elastix with this parameter file:
  5.5s.

-------------------------------------------------------------------------

Total time elapsed: 5.5s.

