
elastix is started at Mon Feb 20 10:03:49 2017.

which elastix:   /Users/tischi/Downloads/elastix_macosx64_v4.8/bin/elastix
elastix runs at: Christians-MacBook-Air-2.local
  Mac OS X 10.10.5 (x64), 14F1912
  with 4096 MB memory, and 2 cores @ 1700 MHz.
-------------------------------------------------------------------------

Running elastix with parameter file 0: "/Users/tischi/Documents/fiji-registration/example-data/2d-affine--fiji/elastix-parameters.txt".

Current time: Mon Feb 20 10:03:49 2017.
Reading the elastix parameters from file ...

Unsupported -priority value. Specify one of <high, abovenormal, normal, belownormal, idle, ''>.
Installing all components.
InstallingComponents was successful.

ERROR: OpenCL-enabled device is not present!
OpenCL processing is disabled.
ELASTIX version: 4.800
Command line options from ElastixBase:
-f        /Users/tischi/Documents/fiji-registration/example-data/2d-affine--fiji/ch0-0007.tif--transformed.mha
-m        /Users/tischi/Documents/fiji-registration/example-data/2d-affine/ch0-0008.tif
-fMask    unspecified, so no fixed mask used
-mMask    unspecified, so no moving mask used
-out      /Users/tischi/Documents/fiji-registration/example-data/2d-affine--fiji/
-p        /Users/tischi/Documents/fiji-registration/example-data/2d-affine--fiji/elastix-parameters.txt
-threads  unspecified, so all available threads are used
Command line options from TransformBase:
-t0       unspecified, so no initial transform used

=============== start of ParameterFile: /Users/tischi/Documents/fiji-registration/example-data/2d-affine--fiji/elastix-parameters.txt ===============
(Transform "TranslationTransform")
(Registration "MultiResolutionRegistration")
(NumberOfResolutions 1)
(ImagePyramidSchedule 1 1 )
(MaximumNumberOfIterations 100)
(NumberOfSpatialSamples 10000)
(DefaultPixelValue 2.0)
(WriteTransformParametersEachIteration "false")
(WriteTransformParametersEachResolution "false")
(WriteResultImageAfterEachResolution "false")
(WritePyramidImagesAfterEachResolution "false")
(FixedInternalImagePixelType "float")
(MovingInternalImagePixelType "float")
(UseDirectionCosines "false")
(Interpolator "LinearInterpolator")
(ResampleInterpolator "FinalLinearInterpolator")
(Resampler "DefaultResampler")
(FixedImagePyramid "FixedSmoothingImagePyramid")
(MovingImagePyramid "MovingSmoothingImagePyramid")
(Optimizer "AdaptiveStochasticGradientDescent")
(ShowExactMetricValue "true")
(AutomaticParameterEstimation "true")
(MaximumStepLength 1)
(Metric "AdvancedMeanSquares")
(AutomaticScalesEstimation "true")
(AutomaticTransformInitialization "true")
(AutomaticTransformInitializationMethod "CenterOfGravity")
(HowToCombineTransforms "Compose")
(ErodeMask "false")
(NewSamplesEveryIteration "true")
(ImageSampler "RandomCoordinate")
(BSplineInterpolationOrder 1)
(FinalBSplineInterpolationOrder 3)
(WriteResultImage "true")
(ResultImagePixelType "float")
(ResultImageFormat "mha")


=============== end of ParameterFile: /Users/tischi/Documents/fiji-registration/example-data/2d-affine--fiji/elastix-parameters.txt ===============


Reading images...
Reading images took 10 ms.

Transform parameters are initialized as: [33.14263716859935, 10.136938320808042]
Initialization of all components (before registration) took: 12 ms.
Preparation of the image pyramids took: 18 ms.

Resolution: 0
WARNING: The parameter "ExactMetricSampleGridSpacing", requested at entry number 0, does not exist at all.
  The default value "1" is used instead.
WARNING: The parameter "ExactMetricSampleGridSpacing", requested at entry number 1, does not exist at all.
  The default value "1" is used instead.
WARNING: The parameter "CheckNumberOfSamples", requested at entry number 0, does not exist at all.
  The default value "true" is used instead.
Setting the fixed masks took: 0 ms.
Setting the moving masks took: 0 ms.
WARNING: The parameter "FixedImageBSplineInterpolationOrder", requested at entry number 0, does not exist at all.
  The default value "1" is used instead.
WARNING: The parameter "UseRandomSampleRegion", requested at entry number 0, does not exist at all.
  The default value "false" is used instead.
WARNING: The parameter "UseNormalization", requested at entry number 0, does not exist at all.
  The default value "false" is used instead.
WARNING: The parameter "NumberOfSamplesForSelfHessian", requested at entry number 0, does not exist at all.
  The default value "100000" is used instead.
WARNING: The parameter "SelfHessianSmoothingSigma", requested at entry number 0, does not exist at all.
  The default value "1" is used instead.
WARNING: The parameter "SelfHessianNoiseRange", requested at entry number 0, does not exist at all.
  The default value "1" is used instead.
WARNING: The parameter "SP_A", requested at entry number 0, does not exist at all.
  The default value "20" is used instead.
WARNING: The parameter "MaximumNumberOfSamplingAttempts", requested at entry number 0, does not exist at all.
  The default value "0" is used instead.
WARNING: The parameter "SigmoidInitialTime", requested at entry number 0, does not exist at all.
  The default value "0" is used instead.
WARNING: The parameter "MaxBandCovSize", requested at entry number 0, does not exist at all.
  The default value "192" is used instead.
WARNING: The parameter "NumberOfBandStructureSamples", requested at entry number 0, does not exist at all.
  The default value "10" is used instead.
WARNING: The parameter "UseAdaptiveStepSizes", requested at entry number 0, does not exist at all.
  The default value "true" is used instead.
WARNING: The parameter "NumberOfGradientMeasurements", requested at entry number 0, does not exist at all.
  The default value "0" is used instead.
WARNING: The parameter "NumberOfJacobianMeasurements", requested at entry number 0, does not exist at all.
  The default value "1000" is used instead.
WARNING: The parameter "NumberOfSamplesForExactGradient", requested at entry number 0, does not exist at all.
  The default value "100000" is used instead.
WARNING: The parameter "SigmoidScaleFactor", requested at entry number 0, does not exist at all.
  The default value "0.1" is used instead.
Elastix initialization of all components (for this resolution) took: 1 ms.
Initialization of AdvancedMeanSquares metric took: 0 ms.
Starting automatic parameter estimation for AdaptiveStochasticGradientDescent ...
WARNING: The parameter "ASGDParameterEstimationMethod", requested at entry number 0, does not exist at all.
  The default value "Original" is used instead.
  Computing JacobianTerms ...
  Computing the Jacobian terms took 0.001258s
  NumberOfGradientMeasurements to estimate sigma_i: 16
  Sampling gradients ...
  Sampling the gradients took 0.418249s
Automatic parameter estimation took 0.42s
1:ItNr	2:Metric	3a:Time	3b:StepSize	4:||Gradient||	ExactMetric0	Time[ms]
0	148.999180	0.000000	0.026805	8.906136	146.175163	451.5
1	149.628014	0.000000	0.026805	9.997581	143.234428	19.0
2	142.620790	0.000000	0.026805	10.092817	142.244465	19.3
3	129.942702	0.000000	0.026805	7.083074	140.594665	20.6
4	139.317201	0.000000	0.026805	8.282649	137.062834	19.5
5	133.357489	0.000000	0.026805	6.216853	135.180968	21.1
6	140.843619	0.000000	0.026805	12.237917	132.829981	24.5
7	123.451314	0.000000	0.026805	7.402373	132.721805	21.7
8	127.941411	0.000000	0.026805	8.287784	129.745103	21.4
9	122.467054	0.000000	0.026805	7.789351	127.310626	18.5
10	135.327717	0.000000	0.026805	9.771066	124.989571	20.4
11	122.668298	0.000000	0.026805	7.517750	124.671234	18.8
12	121.975599	0.000000	0.026805	6.982539	124.883117	23.2
13	120.713015	0.000000	0.026805	7.500781	121.699227	20.0
14	116.006924	0.000000	0.026805	7.751425	119.535113	17.4
15	118.732175	0.000000	0.026805	7.956119	117.822691	21.1
16	110.642126	0.000000	0.026805	9.138451	117.731375	17.4
17	122.323908	0.000000	0.026805	8.013214	116.940258	20.3
18	115.272883	0.000000	0.026805	7.657591	113.619418	21.4
19	114.667896	0.000000	0.026805	9.047188	110.043289	17.3
20	112.592709	0.000000	0.026805	9.978524	108.870325	21.8
21	111.080852	0.000000	0.026805	9.266697	108.444942	18.9
22	105.710406	0.000000	0.026805	7.303810	104.822085	21.1
23	105.324948	0.000000	0.026805	9.787421	101.560129	19.3
24	99.441051	0.000000	0.026805	7.664274	99.930706	22.4
25	104.208800	0.000000	0.026805	8.700106	99.707428	17.6
26	93.826679	0.000000	0.026805	7.183519	98.101171	17.5
27	97.669655	0.000000	0.026805	7.512085	95.015129	19.8
28	98.787654	0.000000	0.026805	8.197150	92.768934	19.4
29	86.232064	0.000000	0.026805	6.083687	91.467164	22.2
30	92.225390	0.000000	0.026805	7.477950	91.154238	17.2
31	92.688252	0.000000	0.026805	10.104373	89.768676	20.9
32	88.701057	0.000000	0.026805	6.537477	87.467765	19.7
33	84.115382	0.000000	0.026805	5.546644	85.940578	20.7
34	89.081228	0.000000	0.026805	6.783717	84.407094	18.7
35	80.695260	0.000000	0.026805	8.142012	84.057180	21.8
36	90.213355	0.000000	0.026805	8.229332	84.419441	17.3
37	84.393670	0.000000	0.026805	4.747680	82.340210	22.6
38	81.645026	0.000000	0.026805	7.392952	80.242938	32.3
39	79.873481	0.000000	0.026805	7.314479	78.316613	24.0
40	79.226815	0.000000	0.026805	6.249668	77.918788	17.6
41	78.077666	0.000000	0.026805	8.170345	78.924934	19.0
42	74.310793	0.000000	0.026805	7.269102	77.532814	20.2
43	74.133500	0.000000	0.026805	7.444741	74.898505	17.5
44	74.192826	0.000000	0.026805	7.362096	73.046079	20.5
45	69.338090	0.000000	0.026805	5.361512	72.197926	19.1
46	67.330077	0.000000	0.026805	7.363222	72.275026	17.0
47	70.072176	0.000000	0.026805	6.769864	72.691449	20.0
48	68.643001	0.000000	0.026805	6.075067	70.415290	19.8
49	66.830739	0.000000	0.026805	6.843239	67.681216	21.3
50	64.738914	0.000000	0.026805	5.714927	65.945113	17.4
51	63.660040	0.000000	0.026805	6.623762	64.610803	19.4
52	62.890259	0.000000	0.026805	7.105903	64.200143	17.6
53	60.454279	0.000000	0.026805	7.342952	64.263419	17.2
54	54.670691	0.000000	0.026805	6.142076	61.767772	18.4
55	61.260183	0.000000	0.026805	6.176697	59.748122	17.7
56	57.300936	0.000000	0.026805	4.391143	58.700131	22.9
57	54.157649	0.000000	0.026805	5.374886	57.609811	21.7
58	56.457168	0.000000	0.026805	6.749718	57.217490	17.9
59	57.645573	0.000000	0.026805	5.605847	57.403419	17.8
60	56.568336	0.000000	0.026805	6.487260	56.597748	20.0
61	55.355635	0.000000	0.026805	6.026133	54.553737	20.2
62	54.902390	0.000000	0.026805	5.530784	53.260929	20.0
63	50.952435	0.000000	0.026805	4.259146	52.571937	19.2
64	50.938290	0.000000	0.026805	6.386119	51.631619	17.3
65	54.718107	0.000000	0.026805	4.675953	51.551352	21.5
66	49.692300	0.000000	0.026805	5.568433	51.903897	17.3
67	50.278613	0.000000	0.026805	4.467365	51.616098	18.1
68	46.283596	0.000000	0.026805	5.601734	49.688134	19.6
69	45.941245	0.000000	0.026805	3.894825	48.644554	17.3
70	50.484770	0.000000	0.026805	3.494250	48.018464	17.7
71	47.563672	0.000000	0.026805	4.774909	47.366827	17.5
72	44.139996	0.000000	0.026805	4.121413	47.071575	18.4
73	43.667540	0.000000	0.026805	5.680171	47.258525	17.5
74	42.430962	0.000000	0.026805	5.166082	47.757063	17.0
75	46.211011	0.000000	0.026805	4.995563	48.072014	17.0
76	44.741346	0.000000	0.026805	6.079683	46.172835	22.3
77	43.809777	0.000000	0.026805	3.383951	45.081543	18.7
78	42.238188	0.000000	0.026805	4.708637	44.047895	20.7
79	43.980876	0.000000	0.026805	5.121786	43.422412	21.8
80	41.914588	0.000000	0.026805	4.468452	43.322470	18.2
81	41.557557	0.000000	0.026805	4.040937	43.382347	16.7
82	39.871577	0.000000	0.026805	5.317410	44.246694	17.8
83	40.192732	0.000000	0.026805	4.912467	44.563641	16.8
84	39.427679	0.000000	0.026805	3.947538	42.769301	17.7
85	37.596660	0.000000	0.026805	3.600684	41.984581	20.9
86	37.448447	0.000000	0.026805	3.573158	41.144007	18.9
87	39.575784	0.000000	0.026805	4.572929	40.351706	17.0
88	37.905944	0.000000	0.026805	5.070527	40.174192	19.8
89	36.815096	0.000000	0.026805	3.739803	40.169638	17.8
90	38.130158	0.000000	0.026805	3.672329	40.611209	17.0
91	36.540667	0.000000	0.026805	5.097118	41.713276	21.2
92	36.759458	0.000000	0.026805	5.091226	41.655247	19.7
93	34.259705	0.000000	0.026805	3.256559	40.061498	21.0
94	36.141208	0.000000	0.026805	3.762619	38.608828	17.3
95	32.855532	0.000000	0.026805	4.067258	37.431889	20.3
96	32.582134	0.000000	0.026805	4.862089	36.438908	18.8
97	32.609385	0.000000	0.026805	3.913138	36.010360	16.7
98	33.422599	0.000000	0.026805	4.435112	35.835984	18.7
99	35.135056	0.000000	0.026805	3.250797	36.044202	18.7
Time spent in resolution 0 (ITK initialization and iterating): 2.396 s.
Stopping condition: Maximum number of iterations has been reached.
Settings of AdaptiveStochasticGradientDescent in resolution 0:
( SP_a 0.562913 )
( SP_A 20.000000 )
( SP_alpha 1.000000 )
( SigmoidMax 1.000000 )
( SigmoidMin -0.384777 )
( SigmoidScale 7.027116 )



=============== start of TransformParameterFile ===============
(Transform "TranslationTransform")
(NumberOfParameters 2)
(TransformParameters 49.773379 13.105784)
(InitialTransformParametersFileName "NoInitialTransform")
(HowToCombineTransforms "Compose")

// Image specific
(FixedImageDimension 2)
(MovingImageDimension 2)
(FixedInternalImagePixelType "float")
(MovingInternalImagePixelType "float")
(Size 512 512)
(Index 0 0)
(Spacing 1.0000000000 1.0000000000)
(Origin 0.0000000000 0.0000000000)
(Direction 1.0000000000 0.0000000000 0.0000000000 1.0000000000)
(UseDirectionCosines "false")

// ResampleInterpolator specific
(ResampleInterpolator "FinalLinearInterpolator")

// Resampler specific
(Resampler "DefaultResampler")
(DefaultPixelValue 2.000000)
(ResultImageFormat "mha")
(ResultImagePixelType "float")
(CompressResultImage "false")

=============== end of TransformParameterFile ===============

Registration result checksum: 3569284027

Applying final transform ...
  Applying final transform took 0.01s

Final metric value  = 35.135056
Settings of AdaptiveStochasticGradientDescent for all resolutions:
( SP_a 0.562913 )
( SP_A 20.000000 )
( SP_alpha 1.000000 )
( SigmoidMax 1.000000 )
( SigmoidMin -0.384777 )
( SigmoidScale 7.027116 )

Time spent on saving the results, applying the final transform etc.: 11 ms.
Running elastix with parameter file 0: "/Users/tischi/Documents/fiji-registration/example-data/2d-affine--fiji/elastix-parameters.txt", has finished.


Current time: Mon Feb 20 10:03:52 2017.
Time used for running elastix with this parameter file:
  2.5s.

-------------------------------------------------------------------------

Total time elapsed: 2.5s.

