
elastix is started at Mon Feb 20 10:03:42 2017.

which elastix:   /Users/tischi/Downloads/elastix_macosx64_v4.8/bin/elastix
elastix runs at: Christians-MacBook-Air-2.local
  Mac OS X 10.10.5 (x64), 14F1912
  with 4096 MB memory, and 2 cores @ 1700 MHz.
-------------------------------------------------------------------------

Running elastix with parameter file 0: "/Users/tischi/Documents/fiji-registration/example-data/2d-affine--fiji/elastix-parameters.txt".

Current time: Mon Feb 20 10:03:42 2017.
Reading the elastix parameters from file ...

Unsupported -priority value. Specify one of <high, abovenormal, normal, belownormal, idle, ''>.
Installing all components.
InstallingComponents was successful.

ERROR: OpenCL-enabled device is not present!
OpenCL processing is disabled.
ELASTIX version: 4.800
Command line options from ElastixBase:
-f        /Users/tischi/Documents/fiji-registration/example-data/2d-affine--fiji/ch0-0005.tif--transformed.mha
-m        /Users/tischi/Documents/fiji-registration/example-data/2d-affine/ch0-0006.tif
-fMask    unspecified, so no fixed mask used
-mMask    unspecified, so no moving mask used
-out      /Users/tischi/Documents/fiji-registration/example-data/2d-affine--fiji/
-p        /Users/tischi/Documents/fiji-registration/example-data/2d-affine--fiji/elastix-parameters.txt
-threads  unspecified, so all available threads are used
Command line options from TransformBase:
-t0       unspecified, so no initial transform used

=============== start of ParameterFile: /Users/tischi/Documents/fiji-registration/example-data/2d-affine--fiji/elastix-parameters.txt ===============
(Transform "TranslationTransform")
(Registration "MultiResolutionRegistration")
(NumberOfResolutions 1)
(ImagePyramidSchedule 1 1 )
(MaximumNumberOfIterations 100)
(NumberOfSpatialSamples 10000)
(DefaultPixelValue 2.0)
(WriteTransformParametersEachIteration "false")
(WriteTransformParametersEachResolution "false")
(WriteResultImageAfterEachResolution "false")
(WritePyramidImagesAfterEachResolution "false")
(FixedInternalImagePixelType "float")
(MovingInternalImagePixelType "float")
(UseDirectionCosines "false")
(Interpolator "LinearInterpolator")
(ResampleInterpolator "FinalLinearInterpolator")
(Resampler "DefaultResampler")
(FixedImagePyramid "FixedSmoothingImagePyramid")
(MovingImagePyramid "MovingSmoothingImagePyramid")
(Optimizer "AdaptiveStochasticGradientDescent")
(ShowExactMetricValue "true")
(AutomaticParameterEstimation "true")
(MaximumStepLength 1)
(Metric "AdvancedMeanSquares")
(AutomaticScalesEstimation "true")
(AutomaticTransformInitialization "true")
(AutomaticTransformInitializationMethod "CenterOfGravity")
(HowToCombineTransforms "Compose")
(ErodeMask "false")
(NewSamplesEveryIteration "true")
(ImageSampler "RandomCoordinate")
(BSplineInterpolationOrder 1)
(FinalBSplineInterpolationOrder 3)
(WriteResultImage "true")
(ResultImagePixelType "float")
(ResultImageFormat "mha")


=============== end of ParameterFile: /Users/tischi/Documents/fiji-registration/example-data/2d-affine--fiji/elastix-parameters.txt ===============


Reading images...
Reading images took 9 ms.

Transform parameters are initialized as: [29.748435934592834, 7.031801961089116]
Initialization of all components (before registration) took: 8 ms.
Preparation of the image pyramids took: 15 ms.

Resolution: 0
WARNING: The parameter "ExactMetricSampleGridSpacing", requested at entry number 0, does not exist at all.
  The default value "1" is used instead.
WARNING: The parameter "ExactMetricSampleGridSpacing", requested at entry number 1, does not exist at all.
  The default value "1" is used instead.
WARNING: The parameter "CheckNumberOfSamples", requested at entry number 0, does not exist at all.
  The default value "true" is used instead.
Setting the fixed masks took: 0 ms.
Setting the moving masks took: 0 ms.
WARNING: The parameter "FixedImageBSplineInterpolationOrder", requested at entry number 0, does not exist at all.
  The default value "1" is used instead.
WARNING: The parameter "UseRandomSampleRegion", requested at entry number 0, does not exist at all.
  The default value "false" is used instead.
WARNING: The parameter "UseNormalization", requested at entry number 0, does not exist at all.
  The default value "false" is used instead.
WARNING: The parameter "NumberOfSamplesForSelfHessian", requested at entry number 0, does not exist at all.
  The default value "100000" is used instead.
WARNING: The parameter "SelfHessianSmoothingSigma", requested at entry number 0, does not exist at all.
  The default value "1" is used instead.
WARNING: The parameter "SelfHessianNoiseRange", requested at entry number 0, does not exist at all.
  The default value "1" is used instead.
WARNING: The parameter "SP_A", requested at entry number 0, does not exist at all.
  The default value "20" is used instead.
WARNING: The parameter "MaximumNumberOfSamplingAttempts", requested at entry number 0, does not exist at all.
  The default value "0" is used instead.
WARNING: The parameter "SigmoidInitialTime", requested at entry number 0, does not exist at all.
  The default value "0" is used instead.
WARNING: The parameter "MaxBandCovSize", requested at entry number 0, does not exist at all.
  The default value "192" is used instead.
WARNING: The parameter "NumberOfBandStructureSamples", requested at entry number 0, does not exist at all.
  The default value "10" is used instead.
WARNING: The parameter "UseAdaptiveStepSizes", requested at entry number 0, does not exist at all.
  The default value "true" is used instead.
WARNING: The parameter "NumberOfGradientMeasurements", requested at entry number 0, does not exist at all.
  The default value "0" is used instead.
WARNING: The parameter "NumberOfJacobianMeasurements", requested at entry number 0, does not exist at all.
  The default value "1000" is used instead.
WARNING: The parameter "NumberOfSamplesForExactGradient", requested at entry number 0, does not exist at all.
  The default value "100000" is used instead.
WARNING: The parameter "SigmoidScaleFactor", requested at entry number 0, does not exist at all.
  The default value "0.1" is used instead.
Elastix initialization of all components (for this resolution) took: 1 ms.
Initialization of AdvancedMeanSquares metric took: 0 ms.
Starting automatic parameter estimation for AdaptiveStochasticGradientDescent ...
WARNING: The parameter "ASGDParameterEstimationMethod", requested at entry number 0, does not exist at all.
  The default value "Original" is used instead.
  Computing JacobianTerms ...
  Computing the Jacobian terms took 0.001012s
  NumberOfGradientMeasurements to estimate sigma_i: 16
  Sampling gradients ...
  Sampling the gradients took 0.319954s
Automatic parameter estimation took 0.32s
1:ItNr	2:Metric	3a:Time	3b:StepSize	4:||Gradient||	ExactMetric0	Time[ms]
0	109.323438	0.000000	0.026757	9.429303	111.745932	347.9
1	104.862555	0.000000	0.026757	7.866502	107.167067	19.6
2	104.919407	0.000000	0.026757	8.266071	103.793048	17.2
3	102.734585	0.000000	0.026757	8.929381	101.838965	20.8
4	104.785736	0.000000	0.026757	7.497219	101.406564	16.9
5	90.004403	0.000000	0.026757	7.242430	100.558249	18.1
6	89.138716	0.000000	0.026757	7.421804	97.139505	16.8
7	92.433581	0.000000	0.026757	7.358936	94.776316	22.2
8	86.033257	0.000000	0.026757	6.084180	93.329723	16.9
9	89.133332	0.000000	0.026757	7.997514	92.551459	17.6
10	95.510062	0.000000	0.026757	9.695612	91.621302	17.7
11	87.781959	0.000000	0.026757	5.936714	89.131047	21.9
12	83.303462	0.000000	0.026757	6.799830	87.097762	20.4
13	84.410953	0.000000	0.026757	7.503076	85.456359	22.2
14	88.334863	0.000000	0.026757	6.450882	84.821405	17.7
15	84.375629	0.000000	0.026757	6.228042	84.951961	18.4
16	82.925795	0.000000	0.026757	6.652857	83.317138	22.4
17	78.708011	0.000000	0.026757	8.332248	80.378300	18.9
18	76.836750	0.000000	0.026757	7.800210	78.348467	16.9
19	82.591510	0.000000	0.026757	6.221595	77.652691	24.7
20	79.128407	0.000000	0.026757	7.175263	77.576496	21.3
21	81.304028	0.000000	0.026757	8.494353	76.078272	18.2
22	73.233898	0.000000	0.026757	5.759726	74.057682	21.1
23	72.694922	0.000000	0.026757	8.064799	72.247174	19.8
24	72.685199	0.000000	0.026757	5.773815	71.089904	20.0
25	72.546035	0.000000	0.026757	8.294172	70.879479	19.9
26	70.357780	0.000000	0.026757	6.643468	70.811162	24.9
27	68.581118	0.000000	0.026757	5.250465	68.926025	17.2
28	68.989201	0.000000	0.026757	5.871382	67.371792	17.5
29	66.596300	0.000000	0.026757	5.202789	66.141873	18.6
30	65.452242	0.000000	0.026757	5.655421	64.968207	16.9
31	64.024412	0.000000	0.026757	6.696546	64.844206	21.4
32	64.353774	0.000000	0.026757	7.990722	65.965399	23.5
33	60.998995	0.000000	0.026757	6.411940	63.573485	17.9
34	64.848511	0.000000	0.026757	6.430091	61.588195	23.2
35	55.991390	0.000000	0.026757	4.206416	60.619057	17.6
36	59.283817	0.000000	0.026757	6.941659	59.529038	24.6
37	63.172213	0.000000	0.026757	5.669159	59.774933	22.2
38	57.075777	0.000000	0.026757	6.017336	60.943891	20.1
39	59.485013	0.000000	0.026757	3.593812	61.935020	22.1
40	56.919638	0.000000	0.026757	5.658318	59.657706	20.0
41	53.134687	0.000000	0.026757	5.300002	57.633685	19.9
42	52.322519	0.000000	0.026757	4.607223	56.431007	25.4
43	50.669357	0.000000	0.026757	5.323081	55.129711	17.9
44	50.369609	0.000000	0.026757	4.298921	54.786335	21.5
45	52.771159	0.000000	0.026757	5.970335	55.150583	22.7
46	53.850192	0.000000	0.026757	6.193670	55.641870	18.5
47	49.921278	0.000000	0.026757	5.772190	52.804153	20.0
48	52.399303	0.000000	0.026757	4.135751	51.506866	18.6
49	49.788563	0.000000	0.026757	3.375787	50.455859	20.1
50	47.289344	0.000000	0.026757	5.336243	49.570328	19.3
51	48.625596	0.000000	0.026757	4.953715	49.243146	22.8
52	48.734754	0.000000	0.026757	4.043103	49.100800	19.2
53	44.142247	0.000000	0.026757	5.062067	49.837136	21.2
54	43.454035	0.000000	0.026757	4.549646	50.821082	16.8
55	45.936239	0.000000	0.026757	5.418171	48.576331	17.0
56	42.968098	0.000000	0.026757	4.175489	46.671169	17.1
57	43.286227	0.000000	0.026757	4.444651	45.201847	18.8
58	45.087028	0.000000	0.026757	3.356214	44.374055	24.7
59	42.880303	0.000000	0.026757	4.887611	43.809703	18.4
60	42.660145	0.000000	0.026757	3.839679	43.587186	18.2
61	39.604258	0.000000	0.026757	3.478509	43.793096	20.3
62	40.704972	0.000000	0.026757	4.596792	44.146877	19.8
63	39.783699	0.000000	0.026757	4.171023	44.760025	19.3
64	40.525535	0.000000	0.026757	4.290570	43.416028	18.3
65	41.822958	0.000000	0.026757	3.911343	42.009511	18.4
66	41.866286	0.000000	0.026757	3.852080	40.806389	18.6
67	38.135964	0.000000	0.026757	3.745249	40.029095	19.5
68	36.652119	0.000000	0.026757	4.708380	39.262032	19.0
69	34.162266	0.000000	0.026757	4.287825	39.033519	19.4
70	40.947974	0.000000	0.026757	4.424549	38.880276	24.7
71	36.230985	0.000000	0.026757	3.666646	39.110355	22.1
72	36.104733	0.000000	0.026757	3.342813	39.540284	23.7
73	36.267061	0.000000	0.026757	3.850350	39.937323	24.6
74	38.538038	0.000000	0.026757	2.886907	38.871434	17.7
75	37.253745	0.000000	0.026757	3.521275	37.690753	18.5
76	35.487103	0.000000	0.026757	1.924371	37.198220	17.8
77	36.963839	0.000000	0.026757	2.918466	36.504769	25.1
78	35.841004	0.000000	0.026757	3.869155	35.788175	17.6
79	33.792882	0.000000	0.026757	3.734802	35.349446	20.0
80	34.527641	0.000000	0.026757	4.188463	35.137282	17.4
81	35.473023	0.000000	0.026757	2.572230	35.175885	17.9
82	35.012830	0.000000	0.026757	2.378247	35.335101	18.8
83	35.943863	0.000000	0.026757	3.327420	35.655763	20.7
84	31.335293	0.000000	0.026757	3.069640	36.160068	16.6
85	31.357621	0.000000	0.026757	3.361291	36.359595	21.4
86	33.347668	0.000000	0.026757	3.599105	35.088875	18.1
87	33.476046	0.000000	0.026757	3.877864	33.973184	23.8
88	34.488928	0.000000	0.026757	3.999145	32.981534	19.9
89	33.897219	0.000000	0.026757	3.777694	32.373466	22.8
90	32.258545	0.000000	0.026757	3.545160	32.012095	19.8
91	29.933725	0.000000	0.026757	2.954468	31.798722	17.7
92	34.736230	0.000000	0.026757	4.019500	31.734684	22.3
93	28.939876	0.000000	0.026757	2.967553	31.862910	17.0
94	30.395817	0.000000	0.026757	2.062969	32.048473	19.2
95	29.040496	0.000000	0.026757	3.596426	32.530939	17.7
96	28.624366	0.000000	0.026757	2.867120	33.073258	17.0
97	28.962152	0.000000	0.026757	3.847013	32.064318	18.0
98	29.310260	0.000000	0.026757	2.682061	31.291314	21.2
99	31.637939	0.000000	0.026757	2.924700	30.535214	19.8
Time spent in resolution 0 (ITK initialization and iterating): 2.327 s.
Stopping condition: Maximum number of iterations has been reached.
Settings of AdaptiveStochasticGradientDescent in resolution 0:
( SP_a 0.561889 )
( SP_A 20.000000 )
( SP_alpha 1.000000 )
( SigmoidMax 1.000000 )
( SigmoidMin -0.411808 )
( SigmoidScale 7.223718 )



=============== start of TransformParameterFile ===============
(Transform "TranslationTransform")
(NumberOfParameters 2)
(TransformParameters 43.233007 8.540212)
(InitialTransformParametersFileName "NoInitialTransform")
(HowToCombineTransforms "Compose")

// Image specific
(FixedImageDimension 2)
(MovingImageDimension 2)
(FixedInternalImagePixelType "float")
(MovingInternalImagePixelType "float")
(Size 512 512)
(Index 0 0)
(Spacing 1.0000000000 1.0000000000)
(Origin 0.0000000000 0.0000000000)
(Direction 1.0000000000 0.0000000000 0.0000000000 1.0000000000)
(UseDirectionCosines "false")

// ResampleInterpolator specific
(ResampleInterpolator "FinalLinearInterpolator")

// Resampler specific
(Resampler "DefaultResampler")
(DefaultPixelValue 2.000000)
(ResultImageFormat "mha")
(ResultImagePixelType "float")
(CompressResultImage "false")

=============== end of TransformParameterFile ===============

Registration result checksum: 3854332754

Applying final transform ...
  Applying final transform took 0.04s

Final metric value  = 31.637939
Settings of AdaptiveStochasticGradientDescent for all resolutions:
( SP_a 0.561889 )
( SP_A 20.000000 )
( SP_alpha 1.000000 )
( SigmoidMax 1.000000 )
( SigmoidMin -0.411808 )
( SigmoidScale 7.223718 )

Time spent on saving the results, applying the final transform etc.: 36 ms.
Running elastix with parameter file 0: "/Users/tischi/Documents/fiji-registration/example-data/2d-affine--fiji/elastix-parameters.txt", has finished.


Current time: Mon Feb 20 10:03:44 2017.
Time used for running elastix with this parameter file:
  2.4s.

-------------------------------------------------------------------------

Total time elapsed: 2.5s.

