
elastix is started at Mon Mar 27 20:58:37 2017.

which elastix:   /Users/tischi/Downloads/elastix_macosx64_v4.8/bin/elastix
elastix runs at: ChristiansAir2
  Mac OS X 10.10.5 (x64), 14F1912
  with 4096 MB memory, and 2 cores @ 1700 MHz.
-------------------------------------------------------------------------

Running elastix with parameter file 0: "/Users/tischi/Documents/fiji-registration/example-data/2d-affine--fiji/elastix-parameters.txt".

Current time: Mon Mar 27 20:58:37 2017.
Reading the elastix parameters from file ...

Unsupported -priority value. Specify one of <high, abovenormal, normal, belownormal, idle, ''>.
Installing all components.
InstallingComponents was successful.

ERROR: OpenCL-enabled device is not present!
OpenCL processing is disabled.
ELASTIX version: 4.800
Command line options from ElastixBase:
-f        /Users/tischi/Documents/fiji-registration/example-data/2d-affine--fiji/ch0-0006.tif--transformed.h5
-m        /Users/tischi/Documents/fiji-registration/example-data/2d-affine/ch0-0007.tif
-fMask    unspecified, so no fixed mask used
-mMask    unspecified, so no moving mask used
-out      /Users/tischi/Documents/fiji-registration/example-data/2d-affine--fiji/
-p        /Users/tischi/Documents/fiji-registration/example-data/2d-affine--fiji/elastix-parameters.txt
-threads  unspecified, so all available threads are used
Command line options from TransformBase:
-t0       /Users/tischi/Documents/fiji-registration/example-data/2d-affine--fiji/transformation-ch0-0006.tif.txt

=============== start of ParameterFile: /Users/tischi/Documents/fiji-registration/example-data/2d-affine--fiji/elastix-parameters.txt ===============
(Transform "AffineTransform")
(Registration "MultiResolutionRegistration")
(NumberOfResolutions 1)
(ImagePyramidSchedule 1 1 1 )
(MaximumNumberOfIterations 100)
(NumberOfSpatialSamples 100)
(DefaultPixelValue 2.0)
(WriteTransformParametersEachIteration "false")
(WriteTransformParametersEachResolution "false")
(WriteResultImageAfterEachResolution "false")
(WritePyramidImagesAfterEachResolution "false")
(FixedInternalImagePixelType "float")
(MovingInternalImagePixelType "float")
(UseDirectionCosines "false")
(Interpolator "LinearInterpolator")
(ResampleInterpolator "FinalLinearInterpolator")
(Resampler "DefaultResampler")
(FixedImagePyramid "FixedRecursiveImagePyramid")
(MovingImagePyramid "MovingRecursiveImagePyramid")
(Optimizer "AdaptiveStochasticGradientDescent")
(AutomaticParameterEstimation "true")
(AutomaticScalesEstimation "true")
(Metric "AdvancedMeanSquares")
(AutomaticTransformInitialization "false")
(HowToCombineTransforms "Compose")
(ErodeMask "false")
(NewSamplesEveryIteration "true")
(ImageSampler "RandomCoordinate")
(BSplineInterpolationOrder 1)
(FinalBSplineInterpolationOrder 3)
(WriteResultImage "true")
(ResultImagePixelType "short")
(ResultImageFormat "h5")


=============== end of ParameterFile: /Users/tischi/Documents/fiji-registration/example-data/2d-affine--fiji/elastix-parameters.txt ===============


Reading images...
Reading images took 23 ms.

Reading the elastix parameters from file ...

Reading the elastix parameters from file ...

Reading the elastix parameters from file ...

Reading the elastix parameters from file ...

Reading the elastix parameters from file ...

Reading the elastix parameters from file ...

WARNING: The parameter "AutomaticTransformInitializationMethod", requested at entry number 0, does not exist at all.
  The default value "GeometricalCenter" is used instead.
Transform parameters are initialized as: [1, 0, 0, 1, 0, 0]
Scales are estimated automatically.
Scales for transform parameters are: [21090.339624043554, 21469.557460037366, 21090.339624043554, 21469.557460037366, 1, 1]
Initialization of all components (before registration) took: 13 ms.
Preparation of the image pyramids took: 1 ms.

Resolution: 0
WARNING: The parameter "ShowExactMetricValue", requested at entry number 0, does not exist at all.
  The default value "false" is used instead.
WARNING: The parameter "CheckNumberOfSamples", requested at entry number 0, does not exist at all.
  The default value "true" is used instead.
Setting the fixed masks took: 0 ms.
Setting the moving masks took: 0 ms.
WARNING: The parameter "FixedImageBSplineInterpolationOrder", requested at entry number 0, does not exist at all.
  The default value "1" is used instead.
WARNING: The parameter "UseRandomSampleRegion", requested at entry number 0, does not exist at all.
  The default value "false" is used instead.
WARNING: The parameter "UseNormalization", requested at entry number 0, does not exist at all.
  The default value "false" is used instead.
WARNING: The parameter "NumberOfSamplesForSelfHessian", requested at entry number 0, does not exist at all.
  The default value "100000" is used instead.
WARNING: The parameter "SelfHessianSmoothingSigma", requested at entry number 0, does not exist at all.
  The default value "1" is used instead.
WARNING: The parameter "SelfHessianNoiseRange", requested at entry number 0, does not exist at all.
  The default value "1" is used instead.
WARNING: The parameter "SP_A", requested at entry number 0, does not exist at all.
  The default value "20" is used instead.
WARNING: The parameter "MaximumNumberOfSamplingAttempts", requested at entry number 0, does not exist at all.
  The default value "0" is used instead.
WARNING: The parameter "SigmoidInitialTime", requested at entry number 0, does not exist at all.
  The default value "0" is used instead.
WARNING: The parameter "MaxBandCovSize", requested at entry number 0, does not exist at all.
  The default value "192" is used instead.
WARNING: The parameter "NumberOfBandStructureSamples", requested at entry number 0, does not exist at all.
  The default value "10" is used instead.
WARNING: The parameter "UseAdaptiveStepSizes", requested at entry number 0, does not exist at all.
  The default value "true" is used instead.
WARNING: The parameter "MaximumStepLength", requested at entry number 0, does not exist at all.
  The default value "1" is used instead.
WARNING: The parameter "NumberOfGradientMeasurements", requested at entry number 0, does not exist at all.
  The default value "0" is used instead.
WARNING: The parameter "NumberOfJacobianMeasurements", requested at entry number 0, does not exist at all.
  The default value "1000" is used instead.
WARNING: The parameter "NumberOfSamplesForExactGradient", requested at entry number 0, does not exist at all.
  The default value "100000" is used instead.
WARNING: The parameter "SigmoidScaleFactor", requested at entry number 0, does not exist at all.
  The default value "0.1" is used instead.
Elastix initialization of all components (for this resolution) took: 0 ms.
Initialization of AdvancedMeanSquares metric took: 0 ms.
Starting automatic parameter estimation for AdaptiveStochasticGradientDescent ...
WARNING: The parameter "ASGDParameterEstimationMethod", requested at entry number 0, does not exist at all.
  The default value "Original" is used instead.
  Computing JacobianTerms ...
  Computing the Jacobian terms took 0.001342s
  NumberOfGradientMeasurements to estimate sigma_i: 6
  Sampling gradients ...
  Sampling the gradients took 0.129543s
Automatic parameter estimation took 0.13s
1:ItNr	2:Metric	3a:Time	3b:StepSize	4:||Gradient||	Time[ms]
0	42.112811	0.000000	0.003172	22.513363	131.7
1	33.509433	0.000000	0.003172	17.870569	0.4
2	70.150846	0.254884	0.003134	23.956175	0.4
3	61.920044	1.171791	0.003004	33.690509	0.3
4	85.529437	0.283489	0.003129	17.442206	0.4
5	41.303752	0.000000	0.003172	25.519759	0.3
6	38.594320	0.984135	0.003030	24.583936	0.3
7	23.494788	1.984132	0.002898	11.397770	0.3
8	95.462597	1.071259	0.003018	8.824221	0.3
9	64.459156	0.703429	0.003069	9.264960	0.3
10	49.546843	0.167823	0.003146	16.772486	0.3
11	56.817770	0.294499	0.003128	18.039470	0.3
12	67.782986	1.288645	0.002988	39.938638	0.3
13	39.929322	0.344284	0.003120	13.201369	0.3
14	60.017649	0.000000	0.003172	42.875656	0.3
15	29.967889	0.000000	0.003172	22.581292	0.3
16	70.713838	0.000000	0.003172	30.758181	0.3
17	85.347201	0.999925	0.003027	24.273064	0.3
18	50.163628	0.055564	0.003163	35.042683	0.3
19	60.808607	0.000000	0.003172	23.742931	0.3
20	44.276567	1.000000	0.003027	23.806163	0.3
21	79.090639	1.999975	0.002896	49.604033	0.3
22	31.658001	1.055614	0.003020	7.030780	0.3
23	21.486000	0.219030	0.003139	18.526942	0.3
24	53.016890	0.821327	0.003052	8.285714	0.3
25	57.830355	1.137362	0.003009	16.351668	0.3
26	76.661786	1.825754	0.002918	40.074117	0.3
27	59.089627	0.881393	0.003044	23.051860	0.3
28	54.264246	1.881393	0.002911	17.201037	0.3
29	34.387621	2.881392	0.002789	36.891851	0.3
30	66.101981	3.881392	0.002677	30.825522	0.3
31	55.467270	2.937031	0.002782	29.539439	0.3
32	52.661710	1.992669	0.002897	24.273349	0.3
33	73.434195	2.992641	0.002776	11.247327	0.3
34	61.690890	3.636520	0.002703	16.142478	0.3
35	44.310093	3.091286	0.002765	23.273886	0.3
36	27.831305	3.137075	0.002759	12.939035	0.3
37	41.760189	2.294905	0.002859	23.365158	0.3
38	79.826968	3.285459	0.002743	41.624473	0.3
39	55.641632	2.341108	0.002853	25.635708	0.3
40	38.746550	2.740432	0.002805	8.798837	0.3
41	34.856900	1.798164	0.002921	25.592308	0.3
42	63.403623	2.647790	0.002816	33.637103	0.3
43	36.042501	3.647790	0.002702	11.164705	0.3
44	70.149520	4.596995	0.002602	39.379742	0.3
45	18.471263	5.596753	0.002504	18.020927	0.3
46	100.261274	4.652391	0.002596	14.409833	0.3
47	40.543182	3.720017	0.002694	22.411327	0.3
48	51.669274	4.719888	0.002590	26.581374	0.3
49	55.422337	3.775528	0.002688	15.524033	0.3
50	34.626654	2.831472	0.002795	25.045676	0.3
51	48.673794	3.403065	0.002729	21.597398	0.3
52	39.502549	4.246881	0.002638	25.522047	0.3
53	72.387970	5.231521	0.002539	46.539782	0.3
54	41.538704	6.231366	0.002446	19.582931	0.3
55	72.398527	5.287004	0.002534	41.477439	0.3
56	54.800970	4.342647	0.002628	17.036294	0.3
57	46.420559	3.425883	0.002727	18.807367	0.3
58	33.326041	2.491206	0.002835	8.031510	0.3
59	59.359595	1.618067	0.002945	22.362045	0.4
60	34.651555	2.610677	0.002821	12.394352	0.3
61	57.220245	1.766476	0.002926	32.438275	0.3
62	73.906768	2.766470	0.002802	18.978965	0.3
63	48.097274	1.822109	0.002918	21.285009	0.3
64	40.414317	0.877749	0.003044	31.310773	0.3
65	60.993981	0.000000	0.003172	36.922811	0.4
66	94.589957	0.957165	0.003033	20.842632	0.3
67	52.392304	0.012803	0.003170	24.388452	0.3
68	89.731059	0.000000	0.003172	13.265683	0.3
69	33.661865	0.000000	0.003172	19.083997	0.3
70	48.091123	0.974782	0.003031	15.437194	0.4
71	36.918410	1.974092	0.002899	20.708017	0.3
72	18.526238	2.956184	0.002780	11.062547	0.5
73	58.554356	3.799445	0.002686	12.112923	0.4
74	47.342837	4.539118	0.002608	21.147725	0.4
75	64.181079	3.611425	0.002706	23.038320	0.3
76	33.505433	2.668128	0.002814	15.192531	0.3
77	28.525285	3.660729	0.002701	7.313402	0.3
78	41.747016	4.192951	0.002644	20.176121	0.3
79	51.112168	3.414127	0.002728	24.020559	0.3
80	50.210900	4.414071	0.002621	14.801047	0.3
81	47.455647	3.514227	0.002717	11.915002	0.3
82	68.424726	4.472222	0.002615	22.070726	0.3
83	51.594658	4.744493	0.002587	22.684531	0.3
84	59.516062	3.874986	0.002678	29.026033	0.3
85	66.486760	2.931059	0.002783	14.819267	0.3
86	68.071428	3.926123	0.002672	19.888817	0.3
87	64.409524	4.872880	0.002574	28.795098	0.3
88	31.644384	4.200319	0.002643	19.194186	0.3
89	44.728410	3.255958	0.002746	19.366464	0.3
90	28.934013	3.744151	0.002692	17.219901	0.3
91	44.246769	4.742650	0.002587	21.041255	0.3
92	63.193227	3.799459	0.002686	42.666567	0.3
93	56.567135	2.855098	0.002792	27.807712	0.3
94	46.323297	3.853369	0.002680	22.897788	0.3
95	52.005714	3.254174	0.002746	11.787964	0.3
96	31.171763	2.603154	0.002822	20.933054	0.3
97	78.859750	1.664857	0.002939	35.828798	0.3
98	43.064964	0.720496	0.003066	28.614417	0.3
99	41.073906	1.720496	0.002931	13.522441	0.3
Time spent in resolution 0 (ITK initialization and iterating): 0.169 s.
Stopping condition: Maximum number of iterations has been reached.
Settings of AdaptiveStochasticGradientDescent in resolution 0:
( SP_a 0.066604 )
( SP_A 20.000000 )
( SP_alpha 1.000000 )
( SigmoidMax 1.000000 )
( SigmoidMin -0.944361 )
( SigmoidScale 23.744820 )



=============== start of TransformParameterFile ===============
(Transform "AffineTransform")
(NumberOfParameters 6)
(TransformParameters 0.996835 -0.004260 0.002199 0.997361 1.304939 0.548203)
(InitialTransformParametersFileName "/Users/tischi/Documents/fiji-registration/example-data/2d-affine--fiji/transformation-ch0-0006.tif.txt")
(HowToCombineTransforms "Compose")

// Image specific
(FixedImageDimension 2)
(MovingImageDimension 2)
(FixedInternalImagePixelType "float")
(MovingInternalImagePixelType "float")
(Size 512 512)
(Index 0 0)
(Spacing 1.0000000000 1.0000000000)
(Origin 0.0000000000 0.0000000000)
(Direction 1.0000000000 0.0000000000 0.0000000000 1.0000000000)
(UseDirectionCosines "false")

// AdvancedAffineTransform specific
(CenterOfRotationPoint 264.4187410000 257.0122410000)

// ResampleInterpolator specific
(ResampleInterpolator "FinalLinearInterpolator")

// Resampler specific
(Resampler "DefaultResampler")
(DefaultPixelValue 2.000000)
(ResultImageFormat "h5")
(ResultImagePixelType "short")
(CompressResultImage "false")

=============== end of TransformParameterFile ===============

Registration result checksum: 3302793769

Applying final transform ...
  Applying final transform took 0.05s

Final metric value  = 41.073906
Settings of AdaptiveStochasticGradientDescent for all resolutions:
( SP_a 0.066604 )
( SP_A 20.000000 )
( SP_alpha 1.000000 )
( SigmoidMax 1.000000 )
( SigmoidMin -0.944361 )
( SigmoidScale 23.744820 )

Time spent on saving the results, applying the final transform etc.: 55 ms.
Running elastix with parameter file 0: "/Users/tischi/Documents/fiji-registration/example-data/2d-affine--fiji/elastix-parameters.txt", has finished.


Current time: Mon Mar 27 20:58:38 2017.
Time used for running elastix with this parameter file:
  0.3s.

-------------------------------------------------------------------------

Total time elapsed: 0.3s.

