
elastix is started at Mon Mar 27 20:58:33 2017.

which elastix:   /Users/tischi/Downloads/elastix_macosx64_v4.8/bin/elastix
elastix runs at: ChristiansAir2
  Mac OS X 10.10.5 (x64), 14F1912
  with 4096 MB memory, and 2 cores @ 1700 MHz.
-------------------------------------------------------------------------

Running elastix with parameter file 0: "/Users/tischi/Documents/fiji-registration/example-data/2d-affine--fiji/elastix-parameters.txt".

Current time: Mon Mar 27 20:58:33 2017.
Reading the elastix parameters from file ...

Unsupported -priority value. Specify one of <high, abovenormal, normal, belownormal, idle, ''>.
Installing all components.
InstallingComponents was successful.

ERROR: OpenCL-enabled device is not present!
OpenCL processing is disabled.
ELASTIX version: 4.800
Command line options from ElastixBase:
-f        /Users/tischi/Documents/fiji-registration/example-data/2d-affine--fiji/ch0-0003.tif--transformed.h5
-m        /Users/tischi/Documents/fiji-registration/example-data/2d-affine/ch0-0004.tif
-fMask    unspecified, so no fixed mask used
-mMask    unspecified, so no moving mask used
-out      /Users/tischi/Documents/fiji-registration/example-data/2d-affine--fiji/
-p        /Users/tischi/Documents/fiji-registration/example-data/2d-affine--fiji/elastix-parameters.txt
-threads  unspecified, so all available threads are used
Command line options from TransformBase:
-t0       /Users/tischi/Documents/fiji-registration/example-data/2d-affine--fiji/transformation-ch0-0003.tif.txt

=============== start of ParameterFile: /Users/tischi/Documents/fiji-registration/example-data/2d-affine--fiji/elastix-parameters.txt ===============
(Transform "AffineTransform")
(Registration "MultiResolutionRegistration")
(NumberOfResolutions 1)
(ImagePyramidSchedule 1 1 1 )
(MaximumNumberOfIterations 100)
(NumberOfSpatialSamples 100)
(DefaultPixelValue 2.0)
(WriteTransformParametersEachIteration "false")
(WriteTransformParametersEachResolution "false")
(WriteResultImageAfterEachResolution "false")
(WritePyramidImagesAfterEachResolution "false")
(FixedInternalImagePixelType "float")
(MovingInternalImagePixelType "float")
(UseDirectionCosines "false")
(Interpolator "LinearInterpolator")
(ResampleInterpolator "FinalLinearInterpolator")
(Resampler "DefaultResampler")
(FixedImagePyramid "FixedRecursiveImagePyramid")
(MovingImagePyramid "MovingRecursiveImagePyramid")
(Optimizer "AdaptiveStochasticGradientDescent")
(AutomaticParameterEstimation "true")
(AutomaticScalesEstimation "true")
(Metric "AdvancedMeanSquares")
(AutomaticTransformInitialization "false")
(HowToCombineTransforms "Compose")
(ErodeMask "false")
(NewSamplesEveryIteration "true")
(ImageSampler "RandomCoordinate")
(BSplineInterpolationOrder 1)
(FinalBSplineInterpolationOrder 3)
(WriteResultImage "true")
(ResultImagePixelType "short")
(ResultImageFormat "h5")


=============== end of ParameterFile: /Users/tischi/Documents/fiji-registration/example-data/2d-affine--fiji/elastix-parameters.txt ===============


Reading images...
Reading images took 22 ms.

Reading the elastix parameters from file ...

Reading the elastix parameters from file ...

Reading the elastix parameters from file ...

WARNING: The parameter "AutomaticTransformInitializationMethod", requested at entry number 0, does not exist at all.
  The default value "GeometricalCenter" is used instead.
Transform parameters are initialized as: [1, 0, 0, 1, 0, 0]
Scales are estimated automatically.
Scales for transform parameters are: [21309.66209018641, 21629.31340874607, 21309.66209018641, 21629.31340874607, 1, 1]
Initialization of all components (before registration) took: 11 ms.
Preparation of the image pyramids took: 1 ms.

Resolution: 0
WARNING: The parameter "ShowExactMetricValue", requested at entry number 0, does not exist at all.
  The default value "false" is used instead.
WARNING: The parameter "CheckNumberOfSamples", requested at entry number 0, does not exist at all.
  The default value "true" is used instead.
Setting the fixed masks took: 0 ms.
Setting the moving masks took: 0 ms.
WARNING: The parameter "FixedImageBSplineInterpolationOrder", requested at entry number 0, does not exist at all.
  The default value "1" is used instead.
WARNING: The parameter "UseRandomSampleRegion", requested at entry number 0, does not exist at all.
  The default value "false" is used instead.
WARNING: The parameter "UseNormalization", requested at entry number 0, does not exist at all.
  The default value "false" is used instead.
WARNING: The parameter "NumberOfSamplesForSelfHessian", requested at entry number 0, does not exist at all.
  The default value "100000" is used instead.
WARNING: The parameter "SelfHessianSmoothingSigma", requested at entry number 0, does not exist at all.
  The default value "1" is used instead.
WARNING: The parameter "SelfHessianNoiseRange", requested at entry number 0, does not exist at all.
  The default value "1" is used instead.
WARNING: The parameter "SP_A", requested at entry number 0, does not exist at all.
  The default value "20" is used instead.
WARNING: The parameter "MaximumNumberOfSamplingAttempts", requested at entry number 0, does not exist at all.
  The default value "0" is used instead.
WARNING: The parameter "SigmoidInitialTime", requested at entry number 0, does not exist at all.
  The default value "0" is used instead.
WARNING: The parameter "MaxBandCovSize", requested at entry number 0, does not exist at all.
  The default value "192" is used instead.
WARNING: The parameter "NumberOfBandStructureSamples", requested at entry number 0, does not exist at all.
  The default value "10" is used instead.
WARNING: The parameter "UseAdaptiveStepSizes", requested at entry number 0, does not exist at all.
  The default value "true" is used instead.
WARNING: The parameter "MaximumStepLength", requested at entry number 0, does not exist at all.
  The default value "1" is used instead.
WARNING: The parameter "NumberOfGradientMeasurements", requested at entry number 0, does not exist at all.
  The default value "0" is used instead.
WARNING: The parameter "NumberOfJacobianMeasurements", requested at entry number 0, does not exist at all.
  The default value "1000" is used instead.
WARNING: The parameter "NumberOfSamplesForExactGradient", requested at entry number 0, does not exist at all.
  The default value "100000" is used instead.
WARNING: The parameter "SigmoidScaleFactor", requested at entry number 0, does not exist at all.
  The default value "0.1" is used instead.
Elastix initialization of all components (for this resolution) took: 1 ms.
Initialization of AdvancedMeanSquares metric took: 0 ms.
Starting automatic parameter estimation for AdaptiveStochasticGradientDescent ...
WARNING: The parameter "ASGDParameterEstimationMethod", requested at entry number 0, does not exist at all.
  The default value "Original" is used instead.
  Computing JacobianTerms ...
  Computing the Jacobian terms took 0.001456s
  NumberOfGradientMeasurements to estimate sigma_i: 6
  Sampling gradients ...
  Sampling the gradients took 0.142095s
Automatic parameter estimation took 0.14s
1:ItNr	2:Metric	3a:Time	3b:StepSize	4:||Gradient||	Time[ms]
0	58.321411	0.000000	0.005470	25.334602	144.3
1	67.754186	0.000000	0.005470	22.095116	0.3
2	46.405107	1.000000	0.005222	23.431499	0.3
3	40.629483	1.642200	0.005073	20.941562	0.3
4	62.017716	2.642200	0.004859	21.090979	0.3
5	66.635377	1.735760	0.005053	28.055907	0.3
6	47.647065	0.829320	0.005262	50.154396	0.3
7	47.501236	0.023144	0.005464	8.797282	0.3
8	106.638839	0.000000	0.005470	32.941738	0.3
9	44.212977	0.999247	0.005222	19.097773	0.3
10	33.609554	1.999247	0.004995	17.391218	0.3
11	71.505752	2.999228	0.004787	22.410283	0.3
12	49.281880	2.092788	0.004974	16.690614	0.3
13	64.845939	1.186349	0.005178	29.048100	0.3
14	47.627066	0.279942	0.005398	24.057872	0.3
15	76.788979	1.198870	0.005175	26.753382	0.3
16	36.537130	0.292430	0.005395	10.216310	0.3
17	49.486684	0.000000	0.005470	15.252544	0.3
18	48.481594	0.000000	0.005470	27.849278	0.3
19	70.666008	0.000000	0.005470	37.991295	0.3
20	33.491918	0.689380	0.005296	13.712595	0.3
21	53.056841	0.000000	0.005470	17.703896	0.3
22	80.858491	0.000000	0.005470	20.462792	0.3
23	40.692846	0.000000	0.005470	25.172355	0.3
24	35.711091	1.000000	0.005222	7.351858	0.3
25	50.386531	0.098267	0.005445	20.205782	0.3
26	36.041434	0.000000	0.005470	15.193191	0.3
27	35.981048	0.000000	0.005470	25.256422	0.3
28	89.659471	0.000000	0.005470	23.144071	0.3
29	57.590030	0.000000	0.005470	17.658861	0.3
30	57.016092	1.000000	0.005222	27.122943	0.4
31	26.027697	2.000000	0.004994	16.784366	0.3
32	47.455081	3.000000	0.004786	15.863618	0.3
33	46.593881	3.999961	0.004595	4.564673	0.3
34	61.583983	3.648195	0.004661	23.949667	0.3
35	104.469271	4.395473	0.004523	68.483422	0.3
36	48.810577	3.489034	0.004691	19.336518	0.3
37	50.544598	2.582594	0.004871	37.575080	0.3
38	31.969973	1.676155	0.005066	20.727560	0.3
39	60.404163	2.676155	0.004852	17.408320	0.3
40	45.493234	1.769715	0.005045	25.034950	0.3
41	50.659548	2.769715	0.004833	33.489267	0.3
42	76.970119	3.769715	0.004638	24.400758	0.3
43	52.208102	2.863276	0.004814	28.240812	0.3
44	83.495614	1.958591	0.005003	34.667167	0.3
45	64.178482	1.052151	0.005209	24.927081	0.4
46	43.496713	0.145712	0.005432	7.625694	0.3
47	45.020499	1.119191	0.005193	17.352563	0.3
48	49.522075	2.020624	0.004990	10.477457	0.3
49	46.787931	1.114251	0.005195	40.562441	0.3
50	64.568894	2.114046	0.004970	29.866966	0.3
51	40.923061	1.207607	0.005173	25.690880	0.3
52	56.619686	0.301167	0.005393	24.436164	0.3
53	32.232849	0.000000	0.005470	27.197849	0.3
54	56.128177	0.000000	0.005470	13.985424	0.3
55	74.562273	0.000000	0.005470	18.508671	0.3
56	26.303764	0.964502	0.005230	18.595982	0.3
57	56.684636	1.964467	0.005002	23.661749	0.3
58	36.688756	1.058027	0.005208	11.494839	0.3
59	61.053937	1.625360	0.005077	17.307424	0.3
60	32.544242	2.507164	0.004887	23.546639	0.3
61	24.071231	3.505310	0.004688	11.855951	0.4
62	48.405926	2.613558	0.004865	24.412934	0.3
63	53.170185	2.185964	0.004954	26.310747	0.3
64	57.297253	3.185964	0.004750	24.866285	0.3
65	29.346410	4.185964	0.004561	9.802832	0.3
66	82.856902	5.185649	0.004387	47.359993	0.3
67	57.229990	4.279218	0.004544	30.816151	0.3
68	45.112627	3.372778	0.004713	9.782843	0.3
69	31.266932	4.241195	0.004551	19.208515	0.3
70	96.071548	4.947831	0.004427	33.614412	0.3
71	70.046300	4.041403	0.004587	19.905291	0.3
72	50.016787	3.134964	0.004760	22.020505	0.3
73	77.450370	4.134963	0.004570	25.773664	0.3
74	49.206867	3.228524	0.004741	34.812136	0.3
75	62.727634	2.322084	0.004926	24.942986	0.3
76	64.660898	1.415645	0.005125	39.660841	0.3
77	47.774339	0.509205	0.005341	15.743181	0.3
78	49.366531	1.505601	0.005104	18.605178	0.3
79	85.953119	2.470678	0.004894	13.532177	0.3
80	80.254969	1.564288	0.005091	29.103001	0.3
81	65.565556	0.658975	0.005304	16.912014	0.3
82	46.651672	0.000000	0.005470	26.700035	0.3
83	61.020818	0.891837	0.005247	18.220758	0.3
84	44.739132	1.891837	0.005018	46.518364	0.3
85	50.544091	2.891837	0.004808	36.675611	0.3
86	49.040996	3.891837	0.004615	14.096138	0.3
87	60.246830	4.891837	0.004437	24.636827	0.3
88	48.815974	3.985410	0.004598	27.580482	0.3
89	111.507078	4.985410	0.004421	35.554397	0.3
90	43.455502	5.985410	0.004257	13.342009	0.3
91	56.981527	5.078970	0.004405	12.494695	0.3
92	44.211645	4.591595	0.004489	25.020794	0.3
93	69.940201	3.685198	0.004654	23.555121	0.3
94	32.711480	4.685198	0.004472	12.278045	0.4
95	40.872096	4.769910	0.004458	22.753443	0.3
96	46.180317	5.741972	0.004296	11.377269	0.3
97	41.631775	6.741449	0.004141	22.762334	0.3
98	37.864479	5.917748	0.004268	30.717306	0.3
99	81.041778	5.015188	0.004416	52.915056	0.3
Time spent in resolution 0 (ITK initialization and iterating): 0.181 s.
Stopping condition: Maximum number of iterations has been reached.
Settings of AdaptiveStochasticGradientDescent in resolution 0:
( SP_a 0.114873 )
( SP_A 20.000000 )
( SP_alpha 1.000000 )
( SigmoidMax 1.000000 )
( SigmoidMin -0.906440 )
( SigmoidScale 14.289010 )



=============== start of TransformParameterFile ===============
(Transform "AffineTransform")
(NumberOfParameters 6)
(TransformParameters 0.996232 -0.004769 0.000520 0.998329 1.782342 0.556824)
(InitialTransformParametersFileName "/Users/tischi/Documents/fiji-registration/example-data/2d-affine--fiji/transformation-ch0-0003.tif.txt")
(HowToCombineTransforms "Compose")

// Image specific
(FixedImageDimension 2)
(MovingImageDimension 2)
(FixedInternalImagePixelType "float")
(MovingInternalImagePixelType "float")
(Size 512 512)
(Index 0 0)
(Spacing 1.0000000000 1.0000000000)
(Origin 0.0000000000 0.0000000000)
(Direction 1.0000000000 0.0000000000 0.0000000000 1.0000000000)
(UseDirectionCosines "false")

// AdvancedAffineTransform specific
(CenterOfRotationPoint 260.9806440000 256.2316040000)

// ResampleInterpolator specific
(ResampleInterpolator "FinalLinearInterpolator")

// Resampler specific
(Resampler "DefaultResampler")
(DefaultPixelValue 2.000000)
(ResultImageFormat "h5")
(ResultImagePixelType "short")
(CompressResultImage "false")

=============== end of TransformParameterFile ===============

Registration result checksum: 2342657490

Applying final transform ...
  Applying final transform took 0.05s

Final metric value  = 81.041778
Settings of AdaptiveStochasticGradientDescent for all resolutions:
( SP_a 0.114873 )
( SP_A 20.000000 )
( SP_alpha 1.000000 )
( SigmoidMax 1.000000 )
( SigmoidMin -0.906440 )
( SigmoidScale 14.289010 )

Time spent on saving the results, applying the final transform etc.: 48 ms.
Running elastix with parameter file 0: "/Users/tischi/Documents/fiji-registration/example-data/2d-affine--fiji/elastix-parameters.txt", has finished.


Current time: Mon Mar 27 20:58:33 2017.
Time used for running elastix with this parameter file:
  0.3s.

-------------------------------------------------------------------------

Total time elapsed: 0.3s.

