
elastix is started at Mon Feb 20 10:03:27 2017.

which elastix:   /Users/tischi/Downloads/elastix_macosx64_v4.8/bin/elastix
elastix runs at: Christians-MacBook-Air-2.local
  Mac OS X 10.10.5 (x64), 14F1912
  with 4096 MB memory, and 2 cores @ 1700 MHz.
-------------------------------------------------------------------------

Running elastix with parameter file 0: "/Users/tischi/Documents/fiji-registration/example-data/2d-affine--fiji/elastix-parameters.txt".

Current time: Mon Feb 20 10:03:27 2017.
Reading the elastix parameters from file ...

Unsupported -priority value. Specify one of <high, abovenormal, normal, belownormal, idle, ''>.
Installing all components.
InstallingComponents was successful.

ERROR: OpenCL-enabled device is not present!
OpenCL processing is disabled.
ELASTIX version: 4.800
Command line options from ElastixBase:
-f        /Users/tischi/Documents/fiji-registration/example-data/2d-affine--fiji/ch0-0001.tif--transformed.mha
-m        /Users/tischi/Documents/fiji-registration/example-data/2d-affine/ch0-0002.tif
-fMask    unspecified, so no fixed mask used
-mMask    unspecified, so no moving mask used
-out      /Users/tischi/Documents/fiji-registration/example-data/2d-affine--fiji/
-p        /Users/tischi/Documents/fiji-registration/example-data/2d-affine--fiji/elastix-parameters.txt
-threads  unspecified, so all available threads are used
Command line options from TransformBase:
-t0       unspecified, so no initial transform used

=============== start of ParameterFile: /Users/tischi/Documents/fiji-registration/example-data/2d-affine--fiji/elastix-parameters.txt ===============
(Transform "TranslationTransform")
(Registration "MultiResolutionRegistration")
(NumberOfResolutions 1)
(ImagePyramidSchedule 1 1 )
(MaximumNumberOfIterations 100)
(NumberOfSpatialSamples 10000)
(DefaultPixelValue 2.0)
(WriteTransformParametersEachIteration "false")
(WriteTransformParametersEachResolution "false")
(WriteResultImageAfterEachResolution "false")
(WritePyramidImagesAfterEachResolution "false")
(FixedInternalImagePixelType "float")
(MovingInternalImagePixelType "float")
(UseDirectionCosines "false")
(Interpolator "LinearInterpolator")
(ResampleInterpolator "FinalLinearInterpolator")
(Resampler "DefaultResampler")
(FixedImagePyramid "FixedSmoothingImagePyramid")
(MovingImagePyramid "MovingSmoothingImagePyramid")
(Optimizer "AdaptiveStochasticGradientDescent")
(ShowExactMetricValue "true")
(AutomaticParameterEstimation "true")
(MaximumStepLength 1)
(Metric "AdvancedMeanSquares")
(AutomaticScalesEstimation "true")
(AutomaticTransformInitialization "true")
(AutomaticTransformInitializationMethod "CenterOfGravity")
(HowToCombineTransforms "Compose")
(ErodeMask "false")
(NewSamplesEveryIteration "true")
(ImageSampler "RandomCoordinate")
(BSplineInterpolationOrder 1)
(FinalBSplineInterpolationOrder 3)
(WriteResultImage "true")
(ResultImagePixelType "float")
(ResultImageFormat "mha")


=============== end of ParameterFile: /Users/tischi/Documents/fiji-registration/example-data/2d-affine--fiji/elastix-parameters.txt ===============


Reading images...
Reading images took 9 ms.

Transform parameters are initialized as: [11.720113648809388, 1.5255153916457402]
Initialization of all components (before registration) took: 9 ms.
Preparation of the image pyramids took: 16 ms.

Resolution: 0
WARNING: The parameter "ExactMetricSampleGridSpacing", requested at entry number 0, does not exist at all.
  The default value "1" is used instead.
WARNING: The parameter "ExactMetricSampleGridSpacing", requested at entry number 1, does not exist at all.
  The default value "1" is used instead.
WARNING: The parameter "CheckNumberOfSamples", requested at entry number 0, does not exist at all.
  The default value "true" is used instead.
Setting the fixed masks took: 0 ms.
Setting the moving masks took: 0 ms.
WARNING: The parameter "FixedImageBSplineInterpolationOrder", requested at entry number 0, does not exist at all.
  The default value "1" is used instead.
WARNING: The parameter "UseRandomSampleRegion", requested at entry number 0, does not exist at all.
  The default value "false" is used instead.
WARNING: The parameter "UseNormalization", requested at entry number 0, does not exist at all.
  The default value "false" is used instead.
WARNING: The parameter "NumberOfSamplesForSelfHessian", requested at entry number 0, does not exist at all.
  The default value "100000" is used instead.
WARNING: The parameter "SelfHessianSmoothingSigma", requested at entry number 0, does not exist at all.
  The default value "1" is used instead.
WARNING: The parameter "SelfHessianNoiseRange", requested at entry number 0, does not exist at all.
  The default value "1" is used instead.
WARNING: The parameter "SP_A", requested at entry number 0, does not exist at all.
  The default value "20" is used instead.
WARNING: The parameter "MaximumNumberOfSamplingAttempts", requested at entry number 0, does not exist at all.
  The default value "0" is used instead.
WARNING: The parameter "SigmoidInitialTime", requested at entry number 0, does not exist at all.
  The default value "0" is used instead.
WARNING: The parameter "MaxBandCovSize", requested at entry number 0, does not exist at all.
  The default value "192" is used instead.
WARNING: The parameter "NumberOfBandStructureSamples", requested at entry number 0, does not exist at all.
  The default value "10" is used instead.
WARNING: The parameter "UseAdaptiveStepSizes", requested at entry number 0, does not exist at all.
  The default value "true" is used instead.
WARNING: The parameter "NumberOfGradientMeasurements", requested at entry number 0, does not exist at all.
  The default value "0" is used instead.
WARNING: The parameter "NumberOfJacobianMeasurements", requested at entry number 0, does not exist at all.
  The default value "1000" is used instead.
WARNING: The parameter "NumberOfSamplesForExactGradient", requested at entry number 0, does not exist at all.
  The default value "100000" is used instead.
WARNING: The parameter "SigmoidScaleFactor", requested at entry number 0, does not exist at all.
  The default value "0.1" is used instead.
Elastix initialization of all components (for this resolution) took: 1 ms.
Initialization of AdvancedMeanSquares metric took: 0 ms.
Starting automatic parameter estimation for AdaptiveStochasticGradientDescent ...
WARNING: The parameter "ASGDParameterEstimationMethod", requested at entry number 0, does not exist at all.
  The default value "Original" is used instead.
  Computing JacobianTerms ...
  Computing the Jacobian terms took 0.001060s
  NumberOfGradientMeasurements to estimate sigma_i: 16
  Sampling gradients ...
  Sampling the gradients took 0.339339s
Automatic parameter estimation took 0.34s
1:ItNr	2:Metric	3a:Time	3b:StepSize	4:||Gradient||	ExactMetric0	Time[ms]
0	35.828802	0.000000	0.025436	3.928031	37.286698	365.4
1	37.213897	0.000000	0.025436	4.881007	37.884602	21.3
2	35.514133	0.000000	0.025436	2.078052	38.274344	22.2
3	34.377888	0.000000	0.025436	3.491111	37.237527	18.3
4	37.161213	0.000000	0.025436	4.858763	35.766253	21.8
5	32.443113	0.000000	0.025436	3.721523	34.870701	18.9
6	33.802610	0.000000	0.025436	3.885190	34.161368	19.0
7	35.489492	0.000000	0.025436	4.279471	33.699500	17.7
8	31.294516	0.000000	0.025436	3.234961	33.516406	17.5
9	32.287514	0.000000	0.025436	3.420067	33.487468	24.1
10	33.388894	0.000000	0.025436	2.979716	33.624185	19.8
11	32.715895	0.000000	0.025436	1.112473	33.708020	18.8
12	33.921369	0.000000	0.025436	4.101368	34.220867	19.2
13	32.257311	0.000000	0.025436	2.667928	34.724580	22.7
14	31.628749	0.000000	0.025436	2.567409	35.196252	18.4
15	32.040180	0.000000	0.025436	3.780870	34.161973	18.6
16	31.932684	0.000000	0.025436	2.528874	33.388004	17.6
17	32.893136	0.000000	0.025436	3.851536	32.315484	21.9
18	31.596668	0.000000	0.025436	3.510269	31.557942	20.0
19	32.316490	0.000000	0.025436	3.775327	31.029415	19.2
20	31.223794	0.000000	0.025436	2.764004	30.740915	22.4
21	31.098145	0.000000	0.025436	2.606641	30.690225	18.4
22	32.274405	0.000000	0.025436	2.740992	30.720361	22.5
23	32.065152	0.000000	0.025436	2.553226	30.834509	17.6
24	31.199671	0.000000	0.025436	2.986268	31.112172	20.6
25	31.463208	0.000000	0.025436	3.493425	31.669387	17.5
26	29.238371	0.000000	0.025436	1.651304	31.992170	22.8
27	29.002889	0.000000	0.025436	2.791531	32.662401	22.9
28	28.767438	0.000000	0.025436	2.892692	32.401287	18.3
29	31.647841	0.000000	0.025436	3.980428	31.363315	17.4
30	30.730305	0.000000	0.025436	2.602713	30.534246	26.7
31	30.145977	0.000000	0.025436	2.837905	29.901884	18.4
32	29.372134	0.000000	0.025436	2.262099	29.484449	17.8
33	27.261136	0.000000	0.025436	1.891449	29.142465	19.7
34	30.661513	0.000000	0.025436	3.285809	28.834311	18.1
35	28.737238	0.000000	0.025436	2.429379	28.767955	17.7
36	30.060856	0.000000	0.025436	3.014795	28.777905	18.3
37	29.195833	0.000000	0.025436	2.928819	29.074933	17.7
38	27.099670	0.000000	0.025436	2.468323	29.271471	17.7
39	27.340998	0.000000	0.025436	2.578019	29.579280	17.7
40	27.953300	0.000000	0.025436	2.672316	30.124170	22.2
41	28.014231	0.000000	0.025436	3.134696	30.693175	17.6
42	27.073196	0.000000	0.025436	1.333726	31.037394	17.5
43	26.734854	0.000000	0.025436	2.223541	30.983930	19.1
44	27.621914	0.000000	0.025436	2.089092	30.080514	17.7
45	26.370827	0.000000	0.025436	2.184024	29.529773	17.7
46	26.999710	0.000000	0.025436	1.933178	29.138598	18.5
47	26.199385	0.000000	0.025436	1.875202	28.624997	18.0
48	27.744499	0.000000	0.025436	2.507106	28.406214	19.4
49	26.991372	0.000000	0.025436	2.370154	27.940271	18.9
50	26.398466	0.000000	0.025436	1.812651	27.594977	18.2
51	26.674900	0.000000	0.025436	1.715757	27.359425	22.2
52	28.193711	0.000000	0.025436	2.866364	27.161604	20.4
53	26.345017	0.000000	0.025436	2.412991	27.222053	18.3
54	27.345563	0.000000	0.025436	1.468481	27.190206	20.3
55	25.090708	0.000000	0.025436	2.186439	27.352641	17.3
56	27.685930	0.000000	0.025436	1.319894	27.540596	21.1
57	25.714730	0.000000	0.025436	2.363808	27.855993	19.3
58	25.857320	0.000000	0.025436	2.452305	28.203411	20.1
59	26.286678	0.000000	0.025436	2.368168	28.702501	19.6
60	26.397139	0.000000	0.025436	0.947967	28.788251	21.3
61	23.698546	0.000000	0.025436	1.251138	29.054744	17.6
62	25.548301	0.000000	0.025436	1.897755	29.643103	18.2
63	24.648032	0.000000	0.025436	1.660165	30.255778	18.7
64	25.267877	0.000000	0.025436	1.866312	29.670543	21.3
65	25.879422	0.000000	0.025436	2.185390	28.740074	17.6
66	25.327870	0.000000	0.025436	1.222424	28.559717	21.9
67	25.200611	0.000000	0.025436	2.189660	27.785687	20.4
68	24.832524	0.000000	0.025436	1.694224	27.409581	19.1
69	25.407597	0.000000	0.025436	2.157331	26.870587	21.4
70	26.371907	0.000000	0.025436	0.588144	26.741352	21.2
71	25.927954	0.000000	0.025436	2.152875	26.399012	24.8
72	24.689594	0.000000	0.025436	1.776934	26.425022	21.5
73	24.396152	0.000000	0.025436	2.104779	26.207419	17.4
74	24.872160	0.000000	0.025436	1.617288	25.949370	18.1
75	24.190074	0.000000	0.025436	0.868726	25.778122	17.8
76	24.958589	0.000000	0.025436	1.484243	25.722434	21.3
77	25.332847	0.000000	0.025436	0.423543	25.679651	17.3
78	25.280434	0.017956	0.025415	2.860544	25.592343	18.1
79	25.576052	0.051147	0.025375	1.563762	25.687257	22.5
80	24.371240	0.000000	0.025436	1.045640	25.677774	18.0
81	23.983632	0.000000	0.025436	1.074029	25.479828	21.4
82	24.812349	0.000000	0.025436	1.362725	25.419999	18.3
83	23.676665	0.000000	0.025436	1.680273	25.463961	17.6
84	23.912724	0.000000	0.025436	0.625036	25.567080	18.0
85	24.717884	0.000000	0.025436	0.931914	25.711454	23.4
86	23.918044	0.000000	0.025436	0.710951	25.832632	17.8
87	25.782067	0.000000	0.025436	1.139280	26.093148	18.0
88	25.094740	0.000000	0.025436	1.302981	26.440172	17.5
89	24.424049	0.000000	0.025436	0.745226	26.637041	18.3
90	23.754096	0.000000	0.025436	1.770874	26.861928	20.8
91	24.493540	0.000000	0.025436	1.421135	27.052186	19.8
92	23.779310	0.000000	0.025436	1.339555	27.401645	21.1
93	23.630911	0.000000	0.025436	1.259030	27.838267	19.8
94	25.081645	0.000000	0.025436	1.424286	28.163899	21.6
95	23.702731	0.000000	0.025436	1.068487	28.440032	18.3
96	23.266067	0.000000	0.025436	0.878739	28.193168	18.7
97	24.086429	0.000000	0.025436	1.381352	27.728823	20.1
98	23.863812	0.000000	0.025436	2.206449	26.904741	18.3
99	24.730331	0.000000	0.025436	0.573249	26.810816	18.4
Time spent in resolution 0 (ITK initialization and iterating): 2.313 s.
Stopping condition: Maximum number of iterations has been reached.
Settings of AdaptiveStochasticGradientDescent in resolution 0:
( SP_a 0.534165 )
( SP_A 20.000000 )
( SP_alpha 1.000000 )
( SigmoidMax 1.000000 )
( SigmoidMin -0.493559 )
( SigmoidScale 8.259191 )



=============== start of TransformParameterFile ===============
(Transform "TranslationTransform")
(NumberOfParameters 2)
(TransformParameters 17.128146 1.199813)
(InitialTransformParametersFileName "NoInitialTransform")
(HowToCombineTransforms "Compose")

// Image specific
(FixedImageDimension 2)
(MovingImageDimension 2)
(FixedInternalImagePixelType "float")
(MovingInternalImagePixelType "float")
(Size 512 512)
(Index 0 0)
(Spacing 1.0000000000 1.0000000000)
(Origin 0.0000000000 0.0000000000)
(Direction 1.0000000000 0.0000000000 0.0000000000 1.0000000000)
(UseDirectionCosines "false")

// ResampleInterpolator specific
(ResampleInterpolator "FinalLinearInterpolator")

// Resampler specific
(Resampler "DefaultResampler")
(DefaultPixelValue 2.000000)
(ResultImageFormat "mha")
(ResultImagePixelType "float")
(CompressResultImage "false")

=============== end of TransformParameterFile ===============

Registration result checksum: 1491717477

Applying final transform ...
  Applying final transform took 0.02s

Final metric value  = 24.730331
Settings of AdaptiveStochasticGradientDescent for all resolutions:
( SP_a 0.534165 )
( SP_A 20.000000 )
( SP_alpha 1.000000 )
( SigmoidMax 1.000000 )
( SigmoidMin -0.493559 )
( SigmoidScale 8.259191 )

Time spent on saving the results, applying the final transform etc.: 20 ms.
Running elastix with parameter file 0: "/Users/tischi/Documents/fiji-registration/example-data/2d-affine--fiji/elastix-parameters.txt", has finished.


Current time: Mon Feb 20 10:03:30 2017.
Time used for running elastix with this parameter file:
  2.4s.

-------------------------------------------------------------------------

Total time elapsed: 2.4s.

