
elastix is started at Mon Aug 01 10:44:10 2016.

which elastix:   C:\Program Files\elastix_v4.8\elastix
elastix runs at: hor-m6004
  Windows  Professional (x64),  (Build 9200)
  with 131071 MB memory, and 1 cores @ 2299 MHz.
-------------------------------------------------------------------------

Running elastix with parameter file 0: "C:\Users\tischer\Downloads\fiji-registration-master\fiji-registration-master\parameters_Affine.txt".

Current time: Mon Aug 01 10:44:10 2016.
Reading the elastix parameters from file ...

Unsupported -priority value. Specify one of <high, abovenormal, normal, belownormal, idle, ''>.
Installing all components.
InstallingComponents was successful.

ELASTIX version: 4.800
Command line options from ElastixBase:
-f        C:\Users\tischer\Downloads\fiji-registration-master\fiji-registration-master\example-data\2d-affine--fiji\fixed.mha
-m        C:\Users\tischer\Downloads\fiji-registration-master\fiji-registration-master\example-data\2d-affine\ch0-0009.tif
-fMask    unspecified, so no fixed mask used
-mMask    unspecified, so no moving mask used
-out      C:\Users\tischer\Downloads\fiji-registration-master\fiji-registration-master\example-data\2d-affine--fiji\
-p        C:\Users\tischer\Downloads\fiji-registration-master\fiji-registration-master\parameters_Affine.txt
-priority HIGH
-threads  unspecified, so all available threads are used
Command line options from TransformBase:
-t0       C:\Users\tischer\Downloads\fiji-registration-master\fiji-registration-master\example-data\2d-affine--fiji\transformation-ch0-0010.tif.txt

=============== start of ParameterFile: C:\Users\tischer\Downloads\fiji-registration-master\fiji-registration-master\parameters_Affine.txt ===============
// Example parameter file for affine registration
// C-style comments: //

// The internal pixel type, used for internal computations
// Leave to float in general. 
// NB: this is not the type of the input images! The pixel 
// type of the input images is automatically read from the 
// images themselves.
// This setting can be changed to "short" to save some memory
// in case of very large 3D images.
(FixedInternalImagePixelType "float")
(MovingInternalImagePixelType "float")

// The dimensions of the fixed and moving image
// Up to elastix 4.5 this had to be specified by the user.
// From elastix 4.6, this is not necessary anymore.
//(FixedImageDimension 2)
//(MovingImageDimension 2)

// Specify whether you want to take into account the so-called
// direction cosines of the images. Recommended: true.
// In some cases, the direction cosines of the image are corrupt,
// due to image format conversions for example. In that case, you 
// may want to set this option to "false".
(UseDirectionCosines "true")

// **************** Main Components **************************

// The following components should usually be left as they are:
(Registration "MultiResolutionRegistration")
(Interpolator "BSplineInterpolator")
(ResampleInterpolator "FinalBSplineInterpolator")
(Resampler "DefaultResampler")

// These may be changed to Fixed/MovingSmoothingImagePyramid.
// See the manual.
(FixedImagePyramid "FixedRecursiveImagePyramid")
(MovingImagePyramid "MovingRecursiveImagePyramid")

// The following components are most important:
// The optimizer AdaptiveStochasticGradientDescent (ASGD) works
// quite ok in general. The Transform and Metric are important
// and need to be chosen careful for each application. See manual.
(Optimizer "AdaptiveStochasticGradientDescent")
(Transform "AffineTransform")
(Metric "AdvancedMeanSquares")
//(Metric "AdvancedMattesMutualInformation")


// ***************** Transformation **************************

// Scales the affine matrix elements compared to the translations, to make
// sure they are in the same range. In general, it's best to  
// use automatic scales estimation:
(AutomaticScalesEstimation "true")

// Automatically guess an initial translation by aligning the
// geometric centers of the fixed and moving.
(AutomaticTransformInitialization "false")

// Whether transforms are combined by composition or by addition.
// In generally, Compose is the best option in most cases.
// It does not influence the results very much.
(HowToCombineTransforms "Compose")

// ******************* Similarity measure *********************

// Number of grey level bins in each resolution level,
// for the mutual information. 16 or 32 usually works fine.
// You could also employ a hierarchical strategy:
//(NumberOfHistogramBins 16 32 64)
(NumberOfHistogramBins 32)

// If you use a mask, this option is important. 
// If the mask serves as region of interest, set it to false.
// If the mask indicates which pixels are valid, then set it to true.
// If you do not use a mask, the option doesn't matter.
(ErodeMask "false")

// ******************** Multiresolution **********************

// The number of resolutions. 1 Is only enough if the expected
// deformations are small. 3 or 4 mostly works fine. For large
// images and large deformations, 5 or 6 may even be useful.
(NumberOfResolutions 2)

// The downsampling/blurring factors for the image pyramids.
// By default, the images are downsampled by a factor of 2
// compared to the next resolution.
// So, in 2D, with 4 resolutions, the following schedule is used:
(ImagePyramidSchedule 16 16 4 4 )

// Make sure that the number of elements equals the number
// of resolutions times the image dimension.

// ******************* Optimizer ****************************

// Maximum number of iterations in each resolution level:
// 200-500 works usually fine for affine registration.
// For more robustness, you may increase this to 1000-2000.
(MaximumNumberOfIterations 300)

// The step size of the optimizer, in mm. By default the voxel size is used.
// which usually works well. In case of unusual high-resolution images
// (eg histology) it is necessary to increase this value a bit, to the size
// of the "smallest visible structure" in the image:
//(MaximumStepLength 3.0)

// **************** Image sampling **********************

// Number of spatial samples used to compute the mutual
// information (and its derivative) in each iteration.
// With an AdaptiveStochasticGradientDescent optimizer,
// in combination with the two options below, around 2000
// samples may already suffice.
(NumberOfSpatialSamples 3000)

// Refresh these spatial samples in every iteration, and select
// them randomly. See the manual for information on other sampling
// strategies.
(NewSamplesEveryIteration "true")
(ImageSampler "Random")

// ************* Interpolation and Resampling ****************

// Order of B-Spline interpolation used during registration/optimisation.
// It may improve accuracy if you set this to 3. Never use 0.
// An order of 1 gives linear interpolation. This is in most 
// applications a good choice.
(BSplineInterpolationOrder 1)

// Order of B-Spline interpolation used for applying the final
// deformation.
// 3 gives good accuracy; recommended in most cases.
// 1 gives worse accuracy (linear interpolation)
// 0 gives worst accuracy, but is appropriate for binary images
// (masks, segmentations); equivalent to nearest neighbor interpolation.
(FinalBSplineInterpolationOrder 3)

//Default pixel value for pixels that come from outside the picture:
(DefaultPixelValue 25)

// Choose whether to generate the deformed moving image.
// You can save some time by setting this to false, if you are
// only interested in the final (nonrigidly) deformed moving image
// for example.
(WriteResultImage "true")

// The pixel type and format of the resulting deformed moving image
(ResultImagePixelType "short")
(ResultImageFormat "mha")




=============== end of ParameterFile: C:\Users\tischer\Downloads\fiji-registration-master\fiji-registration-master\parameters_Affine.txt ===============


Reading images...
Reading images took 4 ms.

Reading the elastix parameters from file ...

WARNING: The parameter "AutomaticTransformInitializationMethod", requested at entry number 0, does not exist at all.
  The default value "GeometricalCenter" is used instead.
Transform parameters are initialized as: [1, 0, 0, 1, 0, 0]
Scales are estimated automatically.
Scales for transform parameters are: [22100.25, 22100.25, 22100.25, 22100.25, 1, 1]
Initialization of all components (before registration) took: 6 ms.
Preparation of the image pyramids took: 30 ms.

Resolution: 0
WARNING: The parameter "ShowExactMetricValue", requested at entry number 0, does not exist at all.
  The default value "false" is used instead.
WARNING: The parameter "CheckNumberOfSamples", requested at entry number 0, does not exist at all.
  The default value "true" is used instead.
Setting the fixed masks took: 0 ms.
Setting the moving masks took: 0 ms.
WARNING: The parameter "UseNormalization", requested at entry number 0, does not exist at all.
  The default value "false" is used instead.
WARNING: The parameter "NumberOfSamplesForSelfHessian", requested at entry number 0, does not exist at all.
  The default value "100000" is used instead.
WARNING: The parameter "SelfHessianSmoothingSigma", requested at entry number 0, does not exist at all.
  The default value "1" is used instead.
WARNING: The parameter "SelfHessianNoiseRange", requested at entry number 0, does not exist at all.
  The default value "1" is used instead.
WARNING: The parameter "SP_A", requested at entry number 0, does not exist at all.
  The default value "20" is used instead.
WARNING: The parameter "MaximumNumberOfSamplingAttempts", requested at entry number 0, does not exist at all.
  The default value "0" is used instead.
WARNING: The parameter "SigmoidInitialTime", requested at entry number 0, does not exist at all.
  The default value "0" is used instead.
WARNING: The parameter "MaxBandCovSize", requested at entry number 0, does not exist at all.
  The default value "192" is used instead.
WARNING: The parameter "NumberOfBandStructureSamples", requested at entry number 0, does not exist at all.
  The default value "10" is used instead.
WARNING: The parameter "UseAdaptiveStepSizes", requested at entry number 0, does not exist at all.
  The default value "true" is used instead.
WARNING: The parameter "AutomaticParameterEstimation", requested at entry number 0, does not exist at all.
  The default value "true" is used instead.
WARNING: The parameter "MaximumStepLength", requested at entry number 0, does not exist at all.
  The default value "1" is used instead.
WARNING: The parameter "NumberOfGradientMeasurements", requested at entry number 0, does not exist at all.
  The default value "0" is used instead.
WARNING: The parameter "NumberOfJacobianMeasurements", requested at entry number 0, does not exist at all.
  The default value "1000" is used instead.
WARNING: The parameter "NumberOfSamplesForExactGradient", requested at entry number 0, does not exist at all.
  The default value "100000" is used instead.
WARNING: The parameter "SigmoidScaleFactor", requested at entry number 0, does not exist at all.
  The default value "0.1" is used instead.
Elastix initialization of all components (for this resolution) took: 0 ms.
Initialization of AdvancedMeanSquares metric took: 0 ms.
Starting automatic parameter estimation for AdaptiveStochasticGradientDescent ...
WARNING: The parameter "ASGDParameterEstimationMethod", requested at entry number 0, does not exist at all.
  The default value "Original" is used instead.
  Computing JacobianTerms ...
  Computing the Jacobian terms took 0.000892s
  NumberOfGradientMeasurements to estimate sigma_i: 6
  Sampling gradients ...
  Sampling the gradients took 0.017540s
Automatic parameter estimation took 0.02s
1:ItNr	2:Metric	3a:Time	3b:StepSize	4:||Gradient||	Time[ms]
0	33.246899	0.000000	0.089979	3.792534	20.5
1	28.187946	0.000000	0.089979	4.155292	1.9
2	30.269435	0.000000	0.089979	4.614778	2.1
3	27.351463	0.000000	0.089979	4.208069	1.7
4	24.790733	0.000000	0.089979	3.992155	1.8
5	22.870280	0.000000	0.089979	3.640895	1.8
6	22.779250	0.000000	0.089979	3.692585	1.9
7	17.316957	0.000000	0.089979	3.012011	1.7
8	19.134241	0.000000	0.089979	3.244247	1.6
9	21.661742	0.000000	0.089979	3.559757	1.9
10	19.189547	0.000000	0.089979	3.288264	1.9
11	19.760068	0.000000	0.089979	3.511921	1.7
12	16.150537	0.000000	0.089979	2.812683	1.8
13	14.989230	0.000000	0.089979	2.771219	1.9
14	15.161997	0.000000	0.089979	2.765397	2.0
15	13.610910	0.000000	0.089979	2.585045	1.8
16	15.144267	0.000000	0.089979	2.807791	1.8
17	12.699660	0.000000	0.089979	2.458983	1.9
18	12.006762	0.000000	0.089979	2.439735	1.9
19	12.164577	0.000000	0.089979	2.414357	1.7
20	12.476462	0.000000	0.089979	2.389829	1.8
21	8.587293	0.000000	0.089979	1.685558	1.9
22	10.839209	0.000000	0.089979	2.238121	1.9
23	9.242940	0.000000	0.089979	1.891307	1.6
24	10.292190	0.000000	0.089979	2.212813	1.8
25	9.103745	0.000000	0.089979	2.020126	1.9
26	8.332757	0.000000	0.089979	1.775100	1.9
27	8.298768	0.000000	0.089979	1.733104	1.7
28	8.503202	0.000000	0.089979	1.860721	1.8
29	7.032346	0.000000	0.089979	1.542601	1.9
30	7.965907	0.000000	0.089979	1.821646	1.8
31	8.114014	0.000000	0.089979	1.790536	1.7
32	8.889461	0.000000	0.089979	1.902049	1.8
33	7.589954	0.000000	0.089979	1.795532	2.0
34	7.319214	0.000000	0.089979	1.732923	1.6
35	7.267027	0.000000	0.089979	1.615258	1.8
36	7.087799	0.000000	0.089979	1.639825	1.8
37	6.303694	0.000000	0.089979	1.441381	1.9
38	6.118810	0.000000	0.089979	1.392798	1.8
39	6.242996	0.000000	0.089979	1.506004	1.7
40	5.898328	0.000000	0.089979	1.365965	1.8
41	6.316170	0.000000	0.089979	1.531503	1.9
42	6.674025	0.000000	0.089979	1.580700	1.8
43	5.749549	0.000000	0.089979	1.329104	1.7
44	4.997896	0.000000	0.089979	1.145567	1.8
45	4.879245	0.000000	0.089979	1.060698	1.9
46	4.967173	0.000000	0.089979	1.135912	1.9
47	4.735840	0.000000	0.089979	1.171471	1.7
48	5.119742	0.000000	0.089979	1.088740	1.8
49	4.207110	0.000000	0.089979	0.992545	1.6
50	4.424147	0.000000	0.089979	1.017159	1.5
51	5.042456	0.000000	0.089979	1.226555	1.6
52	4.745755	0.000000	0.089979	1.014180	1.6
53	4.593873	0.000000	0.089979	0.978137	1.5
54	4.517267	0.000000	0.089979	1.023059	1.6
55	3.778587	0.000000	0.089979	0.818708	1.6
56	3.912802	0.000000	0.089979	0.875949	1.6
57	4.081709	0.000000	0.089979	0.903039	1.5
58	3.500979	0.000000	0.089979	0.820162	1.6
59	3.769834	0.000000	0.089979	0.961541	1.5
60	3.671148	0.000000	0.089979	0.858563	1.5
61	3.831589	0.000000	0.089979	0.876480	1.5
62	3.703460	0.000000	0.089979	0.786693	1.6
63	3.910110	0.000000	0.089979	0.915980	1.6
64	3.325105	0.000000	0.089979	0.798721	1.6
65	3.811160	0.000000	0.089979	0.845640	1.5
66	3.967589	0.000000	0.089979	0.887751	1.6
67	3.099223	0.000000	0.089979	0.739554	1.5
68	2.898766	0.000000	0.089979	0.679889	1.5
69	3.138782	0.000000	0.089979	0.760733	1.6
70	2.879725	0.000000	0.089979	0.631190	1.7
71	2.600863	0.000000	0.089979	0.617966	1.6
72	3.114121	0.000000	0.089979	0.626328	1.6
73	3.499322	0.000000	0.089979	0.831249	1.5
74	3.324203	0.000000	0.089979	0.708640	1.6
75	3.107473	0.000000	0.089979	0.639388	1.5
76	2.909896	0.000000	0.089979	0.647255	1.5
77	2.699902	0.000000	0.089979	0.607595	2.0
78	2.941929	0.000000	0.089979	0.648339	1.6
79	2.535567	0.000000	0.089979	0.583992	1.6
80	2.779653	0.000000	0.089979	0.612372	1.7
81	2.681072	0.000000	0.089979	0.532452	1.7
82	2.945632	0.000000	0.089979	0.585874	1.7
83	2.709194	0.000000	0.089979	0.594699	1.6
84	2.448300	0.000000	0.089979	0.614220	1.6
85	2.654060	0.000000	0.089979	0.547373	1.6
86	2.806493	0.000000	0.089979	0.599576	1.6
87	2.352850	0.000000	0.089979	0.470360	1.6
88	2.891670	0.000000	0.089979	0.641052	1.6
89	2.946561	0.000000	0.089979	0.631171	1.6
90	2.575915	0.000000	0.089979	0.576637	1.6
91	2.719860	0.000000	0.089979	0.579061	1.5
92	2.620825	0.000000	0.089979	0.571168	1.6
93	2.209212	0.000000	0.089979	0.511025	1.5
94	2.130050	0.000000	0.089979	0.471307	1.6
95	2.528181	0.000000	0.089979	0.537748	1.6
96	2.950863	0.000000	0.089979	0.640036	1.6
97	2.367105	0.000000	0.089979	0.609928	1.6
98	2.476686	0.000000	0.089979	0.538090	1.6
99	2.557456	0.000000	0.089979	0.670645	1.6
100	2.537701	0.000000	0.089979	0.541461	1.6
101	1.996023	0.000000	0.089979	0.429315	1.5
102	2.282348	0.000000	0.089979	0.492435	1.5
103	2.228346	0.000000	0.089979	0.505612	1.6
104	2.329537	0.000000	0.089979	0.490868	1.5
105	2.563325	0.000000	0.089979	0.542788	1.5
106	2.260896	0.000000	0.089979	0.463263	1.6
107	2.358844	0.000000	0.089979	0.516655	1.5
108	2.719085	0.000000	0.089979	0.639640	1.5
109	2.123156	0.000000	0.089979	0.442729	1.6
110	2.411959	0.000000	0.089979	0.518812	1.6
111	1.989670	0.000000	0.089979	0.430265	1.6
112	2.096531	0.000000	0.089979	0.464376	1.6
113	2.227168	0.000000	0.089979	0.512403	1.4
114	2.265554	0.000000	0.089979	0.509806	1.6
115	2.267193	0.000000	0.089979	0.471928	1.6
116	2.040643	0.000000	0.089979	0.443677	1.5
117	1.977558	0.000000	0.089979	0.427739	1.6
118	2.040267	0.000000	0.089979	0.460372	1.6
119	2.099549	0.000000	0.089979	0.496078	1.5
120	1.979344	0.000000	0.089979	0.427924	1.6
121	1.971232	0.000000	0.089979	0.425530	1.6
122	2.010282	0.000000	0.089979	0.450737	1.5
123	2.043181	0.000000	0.089979	0.435596	1.6
124	2.061297	0.000000	0.089979	0.463130	1.6
125	2.175118	0.000000	0.089979	0.513500	1.6
126	1.699214	0.000000	0.089979	0.345300	1.6
127	1.781563	0.000000	0.089979	0.375744	1.6
128	1.822840	0.000000	0.089979	0.379326	1.5
129	1.793636	0.000000	0.089979	0.398525	1.5
130	1.739845	0.000000	0.089979	0.382382	1.6
131	1.939974	0.000000	0.089979	0.427904	1.6
132	1.928047	0.000000	0.089979	0.418802	1.5
133	1.575015	0.000000	0.089979	0.351301	1.6
134	1.483550	0.000000	0.089979	0.326470	1.6
135	1.888675	0.000000	0.089979	0.434503	1.6
136	1.744272	0.000000	0.089979	0.381505	1.5
137	1.820106	0.000000	0.089979	0.404789	1.7
138	2.010850	0.000000	0.089979	0.450628	1.6
139	1.761195	0.000000	0.089979	0.363931	1.5
140	1.800814	0.000000	0.089979	0.424662	1.5
141	1.445384	0.000000	0.089979	0.318382	1.5
142	1.633159	0.000000	0.089979	0.373711	1.6
143	1.606629	0.000000	0.089979	0.344462	1.6
144	1.652173	0.000000	0.089979	0.346452	1.8
145	1.529106	0.000000	0.089979	0.359270	1.6
146	1.531321	0.000000	0.089979	0.328457	1.9
147	1.677300	0.000000	0.089979	0.370261	1.8
148	1.523067	0.000000	0.089979	0.353393	1.6
149	1.729535	0.000000	0.089979	0.367918	1.9
150	1.508292	0.000000	0.089979	0.318312	1.8
151	1.372316	0.000000	0.089979	0.303381	1.9
152	1.803991	0.000000	0.089979	0.389238	1.9
153	1.693310	0.000000	0.089979	0.372757	2.0
154	1.821161	0.000000	0.089979	0.428032	1.8
155	1.508340	0.000000	0.089979	0.326480	1.9
156	1.394352	0.000000	0.089979	0.314945	2.0
157	1.555928	0.000000	0.089979	0.341324	1.7
158	1.546742	0.000000	0.089979	0.310507	1.8
159	1.485444	0.000000	0.089979	0.349016	1.9
160	1.256084	0.000000	0.089979	0.286518	2.0
161	1.579101	0.000000	0.089979	0.366206	1.7
162	1.526451	0.000000	0.089979	0.328598	1.8
163	1.267070	0.000000	0.089979	0.296843	1.8
164	1.574019	0.000000	0.089979	0.352602	2.0
165	1.361545	0.000000	0.089979	0.320231	1.9
166	1.431494	0.000000	0.089979	0.308021	1.9
167	1.422049	0.000000	0.089979	0.306494	1.8
168	1.534061	0.000000	0.089979	0.326680	1.9
169	1.391924	0.000000	0.089979	0.305581	1.8
170	1.514530	0.000000	0.089979	0.340119	1.7
171	1.474461	0.000000	0.089979	0.341285	1.7
172	1.598583	0.000000	0.089979	0.338207	1.6
173	1.179438	0.000000	0.089979	0.239150	1.8
174	1.389252	0.000000	0.089979	0.292260	1.9
175	1.215505	0.000000	0.089979	0.254979	1.7
176	1.601701	0.000000	0.089979	0.338633	1.9
177	1.417961	0.000000	0.089979	0.311681	2.0
178	1.489880	0.000000	0.089979	0.318090	1.9
179	1.414947	0.000000	0.089979	0.291588	1.9
180	1.561694	0.000000	0.089979	0.348241	1.7
181	1.363356	0.000000	0.089979	0.288467	1.9
182	1.255178	0.000000	0.089979	0.267290	1.9
183	1.537575	0.000000	0.089979	0.339065	1.9
184	1.332997	0.000000	0.089979	0.257144	2.0
185	1.398270	0.000000	0.089979	0.309679	1.8
186	1.458094	0.000000	0.089979	0.332446	1.8
187	1.329143	0.000000	0.089979	0.270319	1.9
188	1.275860	0.000000	0.089979	0.276214	2.0
189	1.433309	0.000000	0.089979	0.297019	1.8
190	1.487061	0.000000	0.089979	0.308941	1.8
191	1.371174	0.000000	0.089979	0.294030	1.7
192	1.290767	0.000000	0.089979	0.284374	2.0
193	1.254437	0.000000	0.089979	0.274120	1.8
194	1.243087	0.000000	0.089979	0.258050	1.8
195	1.366211	0.000000	0.089979	0.287494	1.9
196	1.226744	0.000000	0.089979	0.247931	1.9
197	1.553075	0.000000	0.089979	0.332422	1.6
198	1.369394	0.000000	0.089979	0.287811	1.8
199	1.376899	0.000000	0.089979	0.301030	1.9
200	1.382494	0.000000	0.089979	0.301816	1.8
201	0.998731	0.000000	0.089979	0.228455	1.9
202	1.406844	0.000000	0.089979	0.309436	2.0
203	1.228584	0.000000	0.089979	0.254933	1.8
204	1.151371	0.000000	0.089979	0.262934	1.9
205	1.196852	0.000000	0.089979	0.238558	1.6
206	1.137630	0.000000	0.089979	0.265008	1.9
207	1.153969	0.000000	0.089979	0.239707	1.9
208	1.121091	0.000000	0.089979	0.231743	2.0
209	1.128335	0.000000	0.089979	0.237291	1.8
210	0.975976	0.000000	0.089979	0.196281	1.8
211	1.288010	0.000000	0.089979	0.276760	1.9
212	1.109550	0.000000	0.089979	0.191463	2.0
213	1.158209	0.000000	0.089979	0.242932	1.7
214	1.185466	0.000000	0.089979	0.224398	1.9
215	1.302475	0.000000	0.089979	0.272956	1.7
216	1.025793	0.000000	0.089979	0.219911	1.6
217	1.062133	0.000000	0.089979	0.211582	1.7
218	1.159143	0.000000	0.089979	0.241025	1.8
219	1.148554	0.000000	0.089979	0.231062	1.7
220	1.140847	0.000000	0.089979	0.234783	1.9
221	1.241919	0.000000	0.089979	0.255979	1.6
222	1.032865	0.000000	0.089979	0.192681	1.8
223	1.302454	0.000000	0.089979	0.251457	1.9
224	1.230452	0.000000	0.089979	0.297029	1.9
225	1.155628	0.000000	0.089979	0.232687	2.0
226	1.125291	0.000000	0.089979	0.225564	1.6
227	1.116156	0.000000	0.089979	0.238420	1.6
228	1.258633	0.000000	0.089979	0.258130	2.0
229	0.935750	0.000000	0.089979	0.168935	1.6
230	1.088361	0.000000	0.089979	0.230714	1.7
231	1.126030	0.000000	0.089979	0.195349	1.6
232	1.066266	0.000000	0.089979	0.212959	1.6
233	1.158190	0.000000	0.089979	0.233766	1.5
234	1.228067	0.000000	0.089979	0.288466	1.7
235	1.195942	0.000000	0.089979	0.256605	1.6
236	1.088468	0.000000	0.089979	0.211925	1.6
237	1.001440	0.000000	0.089979	0.180385	1.6
238	1.164191	0.000000	0.089979	0.227964	1.6
239	1.088284	0.000000	0.089979	0.203653	1.6
240	0.928662	0.000000	0.089979	0.176032	1.5
241	1.163145	0.000000	0.089979	0.222531	1.5
242	0.935725	0.000000	0.089979	0.188560	1.6
243	1.020845	0.000000	0.089979	0.210457	1.6
244	0.844181	0.000000	0.089979	0.147087	1.5
245	1.191806	0.000000	0.089979	0.262611	1.5
246	0.950565	0.000000	0.089979	0.175850	1.6
247	1.079566	0.000000	0.089979	0.203061	1.6
248	0.999831	0.000000	0.089979	0.211831	1.6
249	0.999859	0.000000	0.089979	0.215279	1.5
250	0.962406	0.000000	0.089979	0.172157	1.6
251	0.939776	0.000000	0.089979	0.212375	1.6
252	1.007430	0.000000	0.089979	0.183560	1.5
253	0.868666	0.000000	0.089979	0.168932	1.6
254	1.178507	0.000000	0.089979	0.245489	1.6
255	1.139963	0.000000	0.089979	0.224790	1.6
256	0.870908	0.000000	0.089979	0.170501	1.6
257	0.971913	0.000000	0.089979	0.171960	1.5
258	1.086279	0.000000	0.089979	0.230010	1.6
259	1.177648	0.000000	0.089979	0.235809	1.6
260	1.210649	0.000000	0.089979	0.244406	1.7
261	0.808171	0.000000	0.089979	0.133514	1.6
262	1.056611	0.000000	0.089979	0.222620	1.6
263	1.170034	0.000000	0.089979	0.246813	1.6
264	0.822878	0.000000	0.089979	0.128289	1.6
265	1.032281	0.000000	0.089979	0.208609	1.5
266	0.875891	0.000000	0.089979	0.154384	1.6
267	1.139042	0.000000	0.089979	0.227034	1.6
268	1.018687	0.000000	0.089979	0.207166	1.6
269	1.030156	0.000000	0.089979	0.216230	1.6
270	1.088132	0.000000	0.089979	0.215816	1.6
271	0.770609	0.000000	0.089979	0.138439	1.6
272	0.955909	0.000000	0.089979	0.187704	1.6
273	0.943876	0.000000	0.089979	0.177588	1.5
274	0.785076	0.000000	0.089979	0.120608	1.6
275	1.037920	0.000000	0.089979	0.185007	1.6
276	0.917762	0.000000	0.089979	0.157362	1.6
277	0.974412	0.000000	0.089979	0.192527	1.5
278	1.057503	0.000000	0.089979	0.215094	1.6
279	1.016823	0.000000	0.089979	0.179822	1.5
280	1.008583	0.000000	0.089979	0.241064	1.5
281	0.881843	0.000000	0.089979	0.176553	1.6
282	0.926066	0.000000	0.089979	0.174295	1.6
283	1.013492	0.000000	0.089979	0.176683	1.6
284	0.853314	0.000000	0.089979	0.157208	1.6
285	0.823082	0.000000	0.089979	0.176863	1.5
286	0.964732	0.000000	0.089979	0.150088	1.6
287	0.916385	0.000000	0.089979	0.159636	1.5
288	1.006332	0.000000	0.089979	0.194161	1.6
289	0.854358	0.000000	0.089979	0.162103	1.7
290	0.946829	0.000000	0.089979	0.166921	1.6
291	0.933954	0.000000	0.089979	0.159269	1.6
292	0.803565	0.000000	0.089979	0.148977	1.6
293	0.891381	0.000000	0.089979	0.165073	1.6
294	0.941745	0.000000	0.089979	0.156595	1.6
295	0.870504	0.000000	0.089979	0.165403	1.5
296	0.963707	0.000000	0.089979	0.165353	1.6
297	0.935549	0.000000	0.089979	0.175442	1.5
298	0.882752	0.000000	0.089979	0.145385	1.6
299	0.793144	0.000000	0.089979	0.126723	1.6
Time spent in resolution 0 (ITK initialization and iterating): 0.548 s.
Stopping condition: Maximum number of iterations has been reached.
Settings of AdaptiveStochasticGradientDescent in resolution 0:
( SP_a 1.889554 )
( SP_A 20.000000 )
( SP_alpha 1.000000 )
( SigmoidMax 1.000000 )
( SigmoidMin -0.025561 )
( SigmoidScale 0.010910 )


Resolution: 1
WARNING: The parameter "ShowExactMetricValue", requested at entry number 1, does not exist at all.
  The default value "false" is used instead.
WARNING: The parameter "CheckNumberOfSamples", requested at entry number 1, does not exist at all.
  The default value "true" is used instead.
Setting the fixed masks took: 0 ms.
Setting the moving masks took: 0 ms.
WARNING: The parameter "UseNormalization", requested at entry number 1, does not exist at all.
  The default value "false" is used instead.
WARNING: The parameter "NumberOfSamplesForSelfHessian", requested at entry number 1, does not exist at all.
  The default value "100000" is used instead.
WARNING: The parameter "SelfHessianSmoothingSigma", requested at entry number 1, does not exist at all.
  The default value "1" is used instead.
WARNING: The parameter "SelfHessianNoiseRange", requested at entry number 1, does not exist at all.
  The default value "1" is used instead.
WARNING: The parameter "SP_A", requested at entry number 1, does not exist at all.
  The default value "20" is used instead.
WARNING: The parameter "MaximumNumberOfSamplingAttempts", requested at entry number 1, does not exist at all.
  The default value "0" is used instead.
WARNING: The parameter "SigmoidInitialTime", requested at entry number 1, does not exist at all.
  The default value "0" is used instead.
WARNING: The parameter "MaxBandCovSize", requested at entry number 1, does not exist at all.
  The default value "192" is used instead.
WARNING: The parameter "NumberOfBandStructureSamples", requested at entry number 1, does not exist at all.
  The default value "10" is used instead.
WARNING: The parameter "UseAdaptiveStepSizes", requested at entry number 1, does not exist at all.
  The default value "true" is used instead.
WARNING: The parameter "AutomaticParameterEstimation", requested at entry number 1, does not exist at all.
  The default value "true" is used instead.
WARNING: The parameter "MaximumStepLength", requested at entry number 1, does not exist at all.
  The default value "1" is used instead.
WARNING: The parameter "NumberOfGradientMeasurements", requested at entry number 1, does not exist at all.
  The default value "0" is used instead.
WARNING: The parameter "NumberOfJacobianMeasurements", requested at entry number 1, does not exist at all.
  The default value "1000" is used instead.
WARNING: The parameter "NumberOfSamplesForExactGradient", requested at entry number 1, does not exist at all.
  The default value "100000" is used instead.
WARNING: The parameter "SigmoidScaleFactor", requested at entry number 1, does not exist at all.
  The default value "0.1" is used instead.
Elastix initialization of all components (for this resolution) took: 0 ms.
Initialization of AdvancedMeanSquares metric took: 0 ms.
Starting automatic parameter estimation for AdaptiveStochasticGradientDescent ...
WARNING: The parameter "ASGDParameterEstimationMethod", requested at entry number 0, does not exist at all.
  The default value "Original" is used instead.
  Computing JacobianTerms ...
  Computing the Jacobian terms took 0.000916s
  NumberOfGradientMeasurements to estimate sigma_i: 6
  Sampling gradients ...
  Sampling the gradients took 0.034513s
Automatic parameter estimation took 0.04s
1:ItNr	2:Metric	3a:Time	3b:StepSize	4:||Gradient||	Time[ms]
0	2.068792	0.000000	1.102420	0.268896	37.7
1	2.231818	0.000000	1.102420	0.170083	1.6
2	2.176664	0.000000	1.102420	0.231217	1.6
3	1.992776	0.000000	1.102420	0.190157	1.6
4	2.124539	0.000000	1.102420	0.229830	1.6
5	2.102220	0.550560	1.074256	0.243548	1.6
6	2.102690	0.320684	1.085838	0.196739	1.6
7	2.025747	0.090809	1.097673	0.147528	1.6
8	1.944986	0.000000	1.102420	0.168762	1.5
9	2.056552	0.000000	1.102420	0.240245	1.6
10	1.918779	0.000000	1.102420	0.135091	1.6
11	1.836206	0.000000	1.102420	0.206356	1.5
12	1.977863	0.000000	1.102420	0.235374	1.6
13	1.833525	0.999985	1.052310	0.149184	1.6
14	1.838184	0.770113	1.063422	0.158798	1.6
15	1.867199	0.540245	1.074770	0.154658	1.6
16	1.865916	0.310369	1.086364	0.161599	1.6
17	1.698980	0.080494	1.098210	0.154188	1.5
18	2.189896	0.000000	1.102420	0.194680	1.6
19	1.737550	0.000000	1.102420	0.101717	1.6
20	1.928111	0.000000	1.102420	0.142203	1.5
21	1.889528	0.000000	1.102420	0.140146	1.6
22	1.758786	0.000000	1.102420	0.142022	1.5
23	1.813541	0.000000	1.102420	0.122876	1.6
24	1.620598	0.000000	1.102420	0.108162	1.5
25	1.811625	0.000000	1.102420	0.134110	1.6
26	1.890818	0.000000	1.102420	0.132891	1.6
27	1.668554	0.000000	1.102420	0.153508	1.6
28	1.686872	0.000000	1.102420	0.146821	1.6
29	1.642873	0.000000	1.102420	0.133258	1.6
30	1.601270	0.000000	1.102420	0.103181	1.5
31	1.704747	0.000000	1.102420	0.106804	1.6
32	1.646035	0.000000	1.102420	0.105931	1.6
33	1.700435	0.000000	1.102420	0.118389	1.6
34	1.655124	0.000000	1.102420	0.148367	1.6
35	1.669809	0.000000	1.102420	0.116278	1.6
36	1.671878	0.000000	1.102420	0.159559	1.5
37	1.575746	0.000000	1.102420	0.170155	1.6
38	1.550822	0.999910	1.052314	0.105368	1.6
39	1.674373	0.770035	1.063425	0.106275	1.6
40	1.574567	0.540164	1.074774	0.103616	1.6
41	1.614439	0.310289	1.086368	0.104972	1.6
42	1.553712	0.080623	1.098203	0.115229	1.6
43	1.434679	0.000000	1.102420	0.139073	1.5
44	1.525585	0.639458	1.069842	0.069596	1.6
45	1.590419	0.410362	1.081290	0.105978	1.5
46	1.496420	0.180696	1.093015	0.105500	1.6
47	1.522195	0.000000	1.102420	0.081802	1.6
48	1.525409	0.000000	1.102420	0.106028	1.6
49	1.598960	0.000000	1.102420	0.104251	1.6
50	1.587379	0.000000	1.102420	0.114072	1.6
51	1.512694	0.000000	1.102420	0.176398	1.6
52	1.407994	0.798172	1.062053	0.114056	1.6
53	1.487246	0.945873	1.054905	0.101306	1.6
54	1.494180	0.751845	1.064315	0.077372	1.6
55	1.457290	0.522194	1.075671	0.082135	1.6
56	1.526581	0.293151	1.087242	0.110439	1.6
57	1.493795	0.064047	1.099068	0.134844	1.5
58	1.407921	0.000000	1.102420	0.125960	1.6
59	1.385137	0.939547	1.055209	0.087554	1.6
60	1.456826	0.709675	1.066382	0.088856	1.5
61	1.449065	0.484596	1.077554	0.184501	1.5
62	1.442115	0.254766	1.089206	0.149500	1.6
63	1.381955	1.254766	1.040263	0.071858	1.5
64	1.480250	1.028921	1.050928	0.071889	1.6
65	1.273384	0.799719	1.061977	0.091723	1.5
66	1.440817	0.570124	1.073281	0.120603	1.6
67	1.431557	0.340249	1.084843	0.108340	1.5
68	1.442085	0.318532	1.085948	0.086738	1.5
69	1.477420	0.392789	1.082178	0.115385	1.6
70	1.333101	0.831693	1.060422	0.089097	1.6
71	1.421889	0.969085	1.053790	0.081405	1.5
72	1.410056	0.740197	1.064885	0.103202	1.6
73	1.355832	0.514639	1.076049	0.086862	1.5
74	1.374889	0.468010	1.078386	0.080790	1.6
75	1.392713	0.240182	1.089953	0.137620	1.5
76	1.351940	0.010323	1.101878	0.168637	1.6
77	1.287909	1.010221	1.051821	0.077070	1.6
78	1.317525	0.780347	1.062922	0.116207	1.6
79	1.384698	0.550844	1.074241	0.132239	1.5
80	1.305013	0.444156	1.079586	0.072858	1.6
81	1.313844	0.215282	1.091233	0.066321	1.6
82	1.405437	0.000000	1.102420	0.079684	1.6
83	1.384868	0.000000	1.102420	0.122420	1.5
84	1.307724	0.000000	1.102420	0.097576	1.5
85	1.339756	0.359768	1.083851	0.079482	1.7
86	1.373938	0.131990	1.095534	0.136246	1.6
87	1.340446	0.000000	1.102420	0.097019	1.6
88	1.403199	0.000000	1.102420	0.146553	1.6
89	1.302342	0.995175	1.052540	0.109739	1.6
90	1.273909	0.766949	1.063576	0.063605	1.6
91	1.362509	0.538154	1.074874	0.098547	1.5
92	1.402398	0.351023	1.084295	0.120383	1.7
93	1.321206	0.902651	1.056987	0.116344	1.6
94	1.325692	0.673410	1.068166	0.088670	1.6
95	1.221338	1.219264	1.041925	0.073293	1.6
96	1.293069	1.898532	1.011017	0.097878	1.5
97	1.275957	2.811683	0.972246	0.069833	1.5
98	1.271538	2.621802	0.980061	0.083341	2.0
99	1.343091	2.403128	0.989219	0.170755	1.5
100	1.223222	2.175125	0.998951	0.107814	1.5
101	1.257149	3.175125	0.957629	0.084093	1.6
102	1.354060	2.945265	0.966822	0.070906	1.6
103	1.355526	2.986578	0.965157	0.098713	1.6
104	1.267479	2.764577	0.974173	0.073093	1.6
105	1.232480	2.841075	0.971047	0.080067	1.6
106	1.311153	2.613430	0.980409	0.120800	1.6
107	1.275660	2.383559	0.990046	0.083493	1.6
108	1.239846	3.379702	0.949594	0.060331	1.6
109	1.294187	3.155541	0.958406	0.086759	1.6
110	1.263894	2.927734	0.967530	0.039842	1.6
111	1.215474	2.783833	0.973384	0.070233	1.5
112	1.214570	2.585984	0.981549	0.074078	1.5
113	1.302848	2.357955	0.991132	0.077869	1.7
114	1.295072	3.024010	0.963653	0.047871	1.6
115	1.273629	2.808135	0.972391	0.099388	1.6
116	1.258807	2.586003	0.981549	0.065804	1.6
117	1.223917	2.356370	0.991199	0.069057	1.5
118	1.230512	2.136626	1.000613	0.135416	1.6
119	1.345342	2.721919	0.975925	0.049478	1.6
120	1.315785	2.798903	0.972768	0.089693	1.6
121	1.252667	2.775034	0.973745	0.071317	1.5
122	1.222782	2.545372	0.983242	0.074475	1.6
123	1.223917	2.591460	0.981322	0.070849	1.6
124	1.316448	2.362526	0.990938	0.064816	1.6
125	1.261697	3.082106	0.961328	0.052549	1.6
126	1.169910	2.865377	0.970058	0.045651	1.6
127	1.276038	2.675960	0.977819	0.071244	1.5
128	1.264985	2.453744	0.987084	0.033023	1.7
129	1.266916	2.283055	0.994320	0.051245	1.6
130	1.385454	2.170612	0.999145	0.069043	1.6
131	1.290386	2.340557	0.991870	0.056321	1.6
132	1.197978	2.118269	1.001408	0.069135	1.6
133	1.208358	2.005846	1.006301	0.041739	1.6
134	1.214028	1.828409	1.014123	0.079262	1.6
135	1.342614	1.663331	1.021510	0.056509	1.6
136	1.269692	1.537493	1.027213	0.049962	1.5
137	1.131166	1.430526	1.032112	0.056470	1.6
138	1.253230	1.340114	1.036289	0.021337	1.5
139	1.266371	1.236544	1.041115	0.076825	1.5
140	1.247494	1.198048	1.042921	0.047913	1.6
141	1.213593	1.153131	1.045036	0.074366	1.6
142	1.219852	0.927395	1.055794	0.083843	1.6
143	1.294952	1.713982	1.019232	0.093420	1.6
144	1.207547	1.593708	1.024657	0.094200	1.5
145	1.155828	1.444468	1.031471	0.101983	1.6
146	1.217045	2.443975	0.987495	0.078794	1.6
147	1.181433	3.443010	0.947134	0.046651	1.5
148	1.188382	3.987110	0.926510	0.042551	1.6
149	1.176306	3.841747	0.931932	0.072286	1.6
150	1.213435	3.664565	0.938626	0.054478	1.6
151	1.145814	4.242000	0.917154	0.037955	1.6
152	1.114800	4.051894	0.924114	0.041795	1.6
153	1.168771	3.893117	0.930008	0.052493	1.6
154	1.261756	3.833826	0.932229	0.057639	1.6
155	1.190234	3.982582	0.926678	0.042468	1.6
156	1.157928	3.966997	0.927256	0.041031	1.6
157	1.216810	3.863444	0.931118	0.048325	1.5
158	1.249429	3.729023	0.936180	0.074202	1.6
159	1.281345	4.075486	0.923245	0.090095	1.6
160	1.196143	4.851761	0.895522	0.051637	1.5
161	1.206203	5.369371	0.877943	0.039118	1.5
162	1.211022	5.427665	0.876007	0.068438	1.5
163	1.278844	5.900567	0.860607	0.038932	1.6
164	1.181004	5.930306	0.859656	0.041888	1.6
165	1.136851	6.017907	0.856869	0.049698	1.5
166	1.184695	6.069005	0.855252	0.063111	1.6
167	1.249080	6.315732	0.847527	0.068806	1.6
168	1.215990	6.233877	0.850074	0.048129	1.6
169	1.164433	6.258875	0.849294	0.082573	1.6
170	1.206285	6.054040	0.855725	0.043853	1.6
171	1.199837	6.479741	0.842468	0.041207	1.6
172	1.282889	6.370625	0.845827	0.058404	1.6
173	1.178813	6.222793	0.850420	0.083114	1.7
174	1.091155	7.090156	0.824161	0.043404	1.6
175	1.177388	7.408803	0.814917	0.030611	1.6
176	1.199904	7.268674	0.818956	0.052413	1.6
177	1.211658	7.155003	0.822263	0.088112	1.6
178	1.219618	8.000671	0.798285	0.040345	1.6
179	1.236609	7.793510	0.804029	0.076075	1.6
180	1.284274	8.532673	0.783905	0.075245	1.6
181	1.237726	8.305178	0.789990	0.100018	1.5
182	1.202196	9.299192	0.764073	0.058127	1.5
183	1.258511	9.078591	0.769677	0.043385	1.5
184	1.264415	9.113108	0.768795	0.023751	1.6
185	1.136116	9.004500	0.771578	0.067440	1.6
186	1.202118	8.890191	0.774529	0.073931	1.7
187	1.204666	9.148486	0.767893	0.042883	1.6
188	1.269304	9.101851	0.769083	0.094761	1.6
189	1.165017	9.165718	0.767454	0.059666	1.6
190	1.126851	8.937589	0.773302	0.046232	1.5
191	1.202305	9.576954	0.757133	0.062451	1.5
192	1.195488	9.437976	0.760590	0.070428	1.6
193	1.234896	10.302163	0.739591	0.099192	1.6
194	1.175851	10.082325	0.744822	0.064024	1.6
195	1.224393	9.879766	0.749708	0.082677	1.5
196	1.222018	10.300222	0.739637	0.101374	1.6
197	1.250376	10.070536	0.745105	0.066645	1.6
198	1.180500	9.859755	0.750194	0.096737	1.6
199	1.208011	9.668797	0.754865	0.029582	1.5
200	1.208296	9.465960	0.759891	0.085975	1.6
201	1.140720	10.091461	0.744603	0.096933	1.5
202	1.262657	9.861885	0.750142	0.113125	1.6
203	1.143528	10.861741	0.726602	0.111574	1.5
204	1.144933	10.631865	0.731883	0.049210	1.6
205	1.240382	10.489249	0.735197	0.037585	1.6
206	1.143144	10.360602	0.738213	0.067124	1.6
207	1.183295	10.596081	0.732711	0.058652	1.5
208	1.122152	11.465805	0.713083	0.055563	1.5
209	1.191024	12.176707	0.697803	0.060617	1.5
210	1.188016	12.746943	0.686012	0.065777	1.6
211	1.206010	13.070495	0.679497	0.054765	1.5
212	1.222672	12.846485	0.683995	0.094973	1.6
213	1.156820	12.909458	0.682724	0.052053	1.6
214	1.149025	13.191329	0.677096	0.034221	1.6
215	1.236784	13.026167	0.680383	0.044800	1.6
216	1.208026	13.079362	0.679321	0.050275	1.5
217	1.258207	13.265367	0.675633	0.086032	1.6
218	1.112814	13.247920	0.675977	0.044588	1.5
219	1.170592	13.290243	0.675143	0.044795	1.5
220	1.247017	13.319267	0.674572	0.061284	1.6
221	1.223910	13.226656	0.676397	0.046597	1.5
222	1.196280	13.340856	0.674148	0.076900	1.5
223	1.246088	13.921606	0.662937	0.042452	1.5
224	1.232437	13.823005	0.664814	0.090074	1.5
225	1.272396	14.116063	0.659266	0.067552	1.5
226	1.183665	13.891093	0.663516	0.053365	1.6
227	1.199151	14.044336	0.660615	0.094434	1.5
228	1.256895	14.969352	0.643626	0.099994	1.5
229	1.220052	15.967229	0.626252	0.065638	1.5
230	1.215229	16.963669	0.609815	0.051345	1.6
231	1.168790	17.683318	0.598470	0.053517	1.5
232	1.246804	17.492083	0.601443	0.126487	1.5
233	1.263675	18.414756	0.587364	0.052436	1.6
234	1.195795	18.219798	0.590284	0.085172	1.7
235	1.194133	18.945834	0.579555	0.088474	1.5
236	1.224017	19.943820	0.565429	0.032628	1.5
237	1.218805	19.764720	0.567913	0.041068	1.5
238	1.131824	19.637758	0.569687	0.061321	1.6
239	1.218027	19.714042	0.568620	0.042467	1.5
240	1.187525	19.506074	0.571539	0.047197	1.7
241	1.208918	19.800068	0.567421	0.080416	1.6
242	1.216451	20.528777	0.557464	0.029218	1.6
243	1.151418	20.457193	0.558427	0.049970	1.5
244	1.232751	20.550642	0.557171	0.025693	1.6
245	1.167057	20.416293	0.558978	0.060211	1.6
246	1.186203	20.395990	0.559252	0.024568	1.6
247	1.215433	20.264083	0.561040	0.062077	1.5
248	1.144722	20.187813	0.562079	0.067652	1.6
249	1.092037	21.009216	0.551089	0.070804	1.5
250	1.219389	21.990620	0.538508	0.071463	1.6
251	1.167642	22.848223	0.527976	0.031651	1.6
252	1.187110	22.802278	0.528530	0.052652	1.6
253	1.180651	22.758696	0.529056	0.094295	1.6
254	1.212954	23.147238	0.524400	0.041860	1.6
255	1.169627	22.920522	0.527107	0.065818	1.5
256	1.196745	22.811873	0.528414	0.056232	1.5
257	1.091026	23.506629	0.520165	0.027612	1.6
258	1.198330	23.921210	0.515365	0.049290	1.6
259	1.242896	23.792172	0.516849	0.034203	1.5
260	1.180889	23.634763	0.518672	0.053139	1.6
261	1.229324	23.466782	0.520632	0.051284	1.5
262	1.129722	23.304468	0.522539	0.049533	1.5
263	1.155229	23.625928	0.518775	0.088287	1.5
264	1.203072	24.535526	0.508412	0.039885	1.5
265	1.242711	24.325820	0.510764	0.057852	1.5
266	1.236199	24.161883	0.512618	0.053910	1.6
267	1.184980	25.028618	0.502966	0.052021	1.5
268	1.192643	24.973462	0.503569	0.034954	1.5
269	1.192772	24.858413	0.504832	0.068715	1.5
270	1.222290	24.659389	0.507033	0.093571	1.6
271	1.134274	24.437810	0.509505	0.018861	1.6
272	1.225171	24.406280	0.509859	0.050837	1.6
273	1.292024	24.407900	0.509841	0.044687	1.6
274	1.135334	25.074549	0.502464	0.028786	1.6
275	1.096234	25.038175	0.502861	0.055204	1.6
276	1.208383	24.868806	0.504718	0.072990	1.6
277	1.117806	24.709871	0.506473	0.035961	1.5
278	1.153672	24.513963	0.508653	0.036063	1.6
279	1.291555	24.499498	0.508815	0.077069	1.6
280	1.161359	24.913046	0.504232	0.069322	1.5
281	1.175022	24.683790	0.506762	0.042660	1.6
282	1.166414	25.226541	0.500812	0.051175	1.6
283	1.178875	25.681271	0.495934	0.078940	1.5
284	1.268709	26.312483	0.489317	0.068955	1.6
285	1.159981	26.104727	0.491475	0.067280	1.5
286	1.233435	27.083320	0.481473	0.070914	1.6
287	1.230762	26.861997	0.483699	0.074732	1.5
288	1.168642	27.712347	0.475255	0.052831	1.7
289	1.247422	27.526924	0.477071	0.036788	1.6
290	1.142562	27.731079	0.475073	0.047703	1.5
291	1.184748	27.761486	0.474777	0.052266	1.5
292	1.110737	27.601623	0.476338	0.062773	1.6
293	1.235339	27.492277	0.477412	0.046796	1.6
294	1.129730	27.918603	0.473252	0.056338	1.6
295	1.194109	27.712720	0.475252	0.059157	1.5
296	1.087210	27.638513	0.475977	0.040121	1.6
297	1.197204	27.595793	0.476395	0.051047	1.6
298	1.160710	27.798164	0.474420	0.063629	1.6
299	1.219375	28.321840	0.469383	0.079269	1.5
Time spent in resolution 1 (ITK initialization and iterating): 0.531 s.
Stopping condition: Maximum number of iterations has been reached.
Settings of AdaptiveStochasticGradientDescent in resolution 1:
( SP_a 23.150810 )
( SP_A 20.000000 )
( SP_alpha 1.000000 )
( SigmoidMax 1.000000 )
( SigmoidMin -0.229876 )
( SigmoidScale 0.000788 )



=============== start of TransformParameterFile ===============
(Transform "AffineTransform")
(NumberOfParameters 6)
(TransformParameters 1.039441 0.083445 -0.082820 1.041708 -11.619979 0.643397)
(InitialTransformParametersFileName "C:\Users\tischer\Downloads\fiji-registration-master\fiji-registration-master\example-data\2d-affine--fiji\transformation-ch0-0010.tif.txt")
(HowToCombineTransforms "Compose")

// Image specific
(FixedImageDimension 2)
(MovingImageDimension 2)
(FixedInternalImagePixelType "float")
(MovingInternalImagePixelType "float")
(Size 512 512)
(Index 0 0)
(Spacing 1.0000000000 1.0000000000)
(Origin 0.0000000000 0.0000000000)
(Direction 1.0000000000 0.0000000000 0.0000000000 1.0000000000)
(UseDirectionCosines "true")

// AdvancedAffineTransform specific
(CenterOfRotationPoint 255.5000000000 255.5000000000)

// ResampleInterpolator specific
(ResampleInterpolator "FinalBSplineInterpolator")
(FinalBSplineInterpolationOrder 3)

// Resampler specific
(Resampler "DefaultResampler")
(DefaultPixelValue 25.000000)
(ResultImageFormat "mha")
(ResultImagePixelType "short")
(CompressResultImage "false")

=============== end of TransformParameterFile ===============

Registration result checksum: 2817201184

Applying final transform ...
  Applying final transform took 0.04s

Final metric value  = 1.219375
Settings of AdaptiveStochasticGradientDescent for all resolutions:
( SP_a 1.889554 23.150810 )
( SP_A 20.000000 20.000000 )
( SP_alpha 1.000000 1.000000 )
( SigmoidMax 1.000000 1.000000 )
( SigmoidMin -0.025561 -0.229876 )
( SigmoidScale 0.010910 0.000788 )

Time spent on saving the results, applying the final transform etc.: 43 ms.
Running elastix with parameter file 0: "C:\Users\tischer\Downloads\fiji-registration-master\fiji-registration-master\parameters_Affine.txt", has finished.


Current time: Mon Aug 01 10:44:11 2016.
Time used for running elastix with this parameter file:
  1.5s.

-------------------------------------------------------------------------

Total time elapsed: 1.6s.

